{"/Volumes/SecondDrive/code2/portfolio-2026/src/App.tsx": {"path":"/Volumes/SecondDrive/code2/portfolio-2026/src/App.tsx","statementMap":{"0":{"start":{"line":1,"column":0},"end":{"line":1,"column":40}},"1":{"start":{"line":2,"column":0},"end":{"line":2,"column":71}},"2":{"start":{"line":4,"column":0},"end":{"line":4,"column":48}},"3":{"start":{"line":5,"column":0},"end":{"line":5,"column":58}},"4":{"start":{"line":8,"column":13},"end":{"line":8,"column":53}},"5":{"start":{"line":8,"column":29},"end":{"line":8,"column":52}},"6":{"start":{"line":9,"column":14},"end":{"line":9,"column":55}},"7":{"start":{"line":9,"column":30},"end":{"line":9,"column":54}},"8":{"start":{"line":10,"column":17},"end":{"line":10,"column":61}},"9":{"start":{"line":10,"column":33},"end":{"line":10,"column":60}},"10":{"start":{"line":11,"column":22},"end":{"line":11,"column":71}},"11":{"start":{"line":11,"column":38},"end":{"line":11,"column":70}},"12":{"start":{"line":12,"column":13},"end":{"line":12,"column":53}},"13":{"start":{"line":12,"column":29},"end":{"line":12,"column":52}},"14":{"start":{"line":13,"column":19},"end":{"line":13,"column":65}},"15":{"start":{"line":13,"column":35},"end":{"line":13,"column":64}},"16":{"start":{"line":14,"column":16},"end":{"line":14,"column":59}},"17":{"start":{"line":14,"column":32},"end":{"line":14,"column":58}},"18":{"start":{"line":23,"column":22},"end":{"line":58,"column":1}},"19":{"start":{"line":24,"column":2},"end":{"line":57,"column":4}},"20":{"start":{"line":60,"column":0},"end":{"line":60,"column":19}}},"fnMap":{"0":{"name":"(anonymous_10)","decl":{"start":{"line":8,"column":24},"end":{"line":8,"column":27}},"loc":{"start":{"line":8,"column":29},"end":{"line":8,"column":52}}},"1":{"name":"(anonymous_11)","decl":{"start":{"line":8,"column":29},"end":{"line":8,"column":37}},"loc":{"start":{"line":8,"column":29},"end":{"line":8,"column":52}}},"2":{"name":"(anonymous_12)","decl":{"start":{"line":9,"column":25},"end":{"line":9,"column":28}},"loc":{"start":{"line":9,"column":30},"end":{"line":9,"column":54}}},"3":{"name":"(anonymous_13)","decl":{"start":{"line":9,"column":30},"end":{"line":9,"column":38}},"loc":{"start":{"line":9,"column":30},"end":{"line":9,"column":54}}},"4":{"name":"(anonymous_14)","decl":{"start":{"line":10,"column":28},"end":{"line":10,"column":31}},"loc":{"start":{"line":10,"column":33},"end":{"line":10,"column":60}}},"5":{"name":"(anonymous_15)","decl":{"start":{"line":10,"column":33},"end":{"line":10,"column":41}},"loc":{"start":{"line":10,"column":33},"end":{"line":10,"column":60}}},"6":{"name":"(anonymous_16)","decl":{"start":{"line":11,"column":33},"end":{"line":11,"column":36}},"loc":{"start":{"line":11,"column":38},"end":{"line":11,"column":70}}},"7":{"name":"(anonymous_17)","decl":{"start":{"line":11,"column":38},"end":{"line":11,"column":46}},"loc":{"start":{"line":11,"column":38},"end":{"line":11,"column":70}}},"8":{"name":"(anonymous_18)","decl":{"start":{"line":12,"column":24},"end":{"line":12,"column":27}},"loc":{"start":{"line":12,"column":29},"end":{"line":12,"column":52}}},"9":{"name":"(anonymous_19)","decl":{"start":{"line":12,"column":29},"end":{"line":12,"column":37}},"loc":{"start":{"line":12,"column":29},"end":{"line":12,"column":52}}},"10":{"name":"(anonymous_20)","decl":{"start":{"line":13,"column":30},"end":{"line":13,"column":33}},"loc":{"start":{"line":13,"column":35},"end":{"line":13,"column":64}}},"11":{"name":"(anonymous_21)","decl":{"start":{"line":13,"column":35},"end":{"line":13,"column":43}},"loc":{"start":{"line":13,"column":35},"end":{"line":13,"column":64}}},"12":{"name":"(anonymous_22)","decl":{"start":{"line":14,"column":27},"end":{"line":14,"column":30}},"loc":{"start":{"line":14,"column":32},"end":{"line":14,"column":58}}},"13":{"name":"(anonymous_23)","decl":{"start":{"line":14,"column":32},"end":{"line":14,"column":40}},"loc":{"start":{"line":14,"column":32},"end":{"line":14,"column":58}}},"14":{"name":"(anonymous_24)","decl":{"start":{"line":23,"column":22},"end":{"line":23,"column":25}},"loc":{"start":{"line":23,"column":27},"end":{"line":58,"column":1}}}},"branchMap":{},"s":{"0":1,"1":1,"2":1,"3":1,"4":1,"5":2,"6":1,"7":2,"8":1,"9":2,"10":1,"11":2,"12":1,"13":2,"14":1,"15":2,"16":1,"17":2,"18":1,"19":7,"20":1},"f":{"0":1,"1":1,"2":1,"3":1,"4":1,"5":1,"6":1,"7":1,"8":1,"9":1,"10":1,"11":1,"12":1,"13":1,"14":7},"b":{}}
,"/Volumes/SecondDrive/code2/portfolio-2026/src/config.ts": {"path":"/Volumes/SecondDrive/code2/portfolio-2026/src/config.ts","statementMap":{"0":{"start":{"line":1,"column":13},"end":{"line":17,"column":2}}},"fnMap":{},"branchMap":{"0":{"loc":{"start":{"line":9,"column":20},"end":{"line":9,"column":65}},"type":"binary-expr","locations":[{"start":{"line":9,"column":20},"end":{"line":9,"column":59}},{"start":{"line":9,"column":63},"end":{"line":9,"column":65}}]}},"s":{"0":0},"f":{},"b":{"0":[0,0]}}
,"/Volumes/SecondDrive/code2/portfolio-2026/src/components/Layout/Layout.tsx": {"path":"/Volumes/SecondDrive/code2/portfolio-2026/src/components/Layout/Layout.tsx","statementMap":{"0":{"start":{"line":1,"column":0},"end":{"line":1,"column":26}},"1":{"start":{"line":3,"column":0},"end":{"line":3,"column":58}},"2":{"start":{"line":4,"column":0},"end":{"line":4,"column":50}},"3":{"start":{"line":5,"column":0},"end":{"line":5,"column":30}},"4":{"start":{"line":21,"column":38},"end":{"line":49,"column":1}},"5":{"start":{"line":22,"column":2},"end":{"line":48,"column":4}},"6":{"start":{"line":51,"column":0},"end":{"line":51,"column":22}}},"fnMap":{"0":{"name":"(anonymous_1)","decl":{"start":{"line":21,"column":38},"end":{"line":21,"column":39}},"loc":{"start":{"line":21,"column":55},"end":{"line":49,"column":1}}}},"branchMap":{},"s":{"0":2,"1":2,"2":2,"3":2,"4":2,"5":8,"6":2},"f":{"0":8},"b":{}}
,"/Volumes/SecondDrive/code2/portfolio-2026/src/components/Layout/Navbar.tsx": {"path":"/Volumes/SecondDrive/code2/portfolio-2026/src/components/Layout/Navbar.tsx","statementMap":{"0":{"start":{"line":1,"column":0},"end":{"line":1,"column":51}},"1":{"start":{"line":2,"column":0},"end":{"line":2,"column":53}},"2":{"start":{"line":14,"column":25},"end":{"line":124,"column":1}},"3":{"start":{"line":15,"column":19},"end":{"line":15,"column":32}},"4":{"start":{"line":16,"column":34},"end":{"line":16,"column":49}},"5":{"start":{"line":17,"column":46},"end":{"line":17,"column":61}},"6":{"start":{"line":20,"column":2},"end":{"line":26,"column":9}},"7":{"start":{"line":21,"column":25},"end":{"line":23,"column":5}},"8":{"start":{"line":22,"column":6},"end":{"line":22,"column":39}},"9":{"start":{"line":24,"column":4},"end":{"line":24,"column":52}},"10":{"start":{"line":25,"column":4},"end":{"line":25,"column":68}},"11":{"start":{"line":25,"column":17},"end":{"line":25,"column":67}},"12":{"start":{"line":28,"column":19},"end":{"line":34,"column":4}},"13":{"start":{"line":36,"column":19},"end":{"line":39,"column":3}},"14":{"start":{"line":37,"column":4},"end":{"line":37,"column":64}},"15":{"start":{"line":37,"column":51},"end":{"line":37,"column":64}},"16":{"start":{"line":38,"column":4},"end":{"line":38,"column":46}},"17":{"start":{"line":41,"column":2},"end":{"line":123,"column":4}},"18":{"start":{"line":63,"column":14},"end":{"line":63,"column":null}},"19":{"start":{"line":82,"column":27},"end":{"line":82,"column":61}},"20":{"start":{"line":105,"column":16},"end":{"line":105,"column":null}},"21":{"start":{"line":108,"column":35},"end":{"line":108,"column":59}},"22":{"start":{"line":126,"column":0},"end":{"line":126,"column":22}}},"fnMap":{"0":{"name":"(anonymous_9)","decl":{"start":{"line":14,"column":25},"end":{"line":14,"column":28}},"loc":{"start":{"line":14,"column":30},"end":{"line":124,"column":1}}},"1":{"name":"(anonymous_10)","decl":{"start":{"line":20,"column":12},"end":{"line":20,"column":15}},"loc":{"start":{"line":20,"column":17},"end":{"line":26,"column":3}}},"2":{"name":"(anonymous_11)","decl":{"start":{"line":21,"column":25},"end":{"line":21,"column":28}},"loc":{"start":{"line":21,"column":30},"end":{"line":23,"column":5}}},"3":{"name":"(anonymous_12)","decl":{"start":{"line":25,"column":11},"end":{"line":25,"column":14}},"loc":{"start":{"line":25,"column":17},"end":{"line":25,"column":67}}},"4":{"name":"(anonymous_13)","decl":{"start":{"line":36,"column":19},"end":{"line":36,"column":20}},"loc":{"start":{"line":36,"column":36},"end":{"line":39,"column":3}}},"5":{"name":"(anonymous_14)","decl":{"start":{"line":62,"column":26},"end":{"line":62,"column":27}},"loc":{"start":{"line":63,"column":14},"end":{"line":63,"column":null}}},"6":{"name":"(anonymous_15)","decl":{"start":{"line":82,"column":21},"end":{"line":82,"column":24}},"loc":{"start":{"line":82,"column":27},"end":{"line":82,"column":61}}},"7":{"name":"(anonymous_16)","decl":{"start":{"line":104,"column":28},"end":{"line":104,"column":29}},"loc":{"start":{"line":105,"column":16},"end":{"line":105,"column":null}}},"8":{"name":"(anonymous_17)","decl":{"start":{"line":108,"column":29},"end":{"line":108,"column":32}},"loc":{"start":{"line":108,"column":35},"end":{"line":108,"column":59}}}},"branchMap":{"0":{"loc":{"start":{"line":37,"column":4},"end":{"line":37,"column":64}},"type":"if","locations":[{"start":{"line":37,"column":4},"end":{"line":37,"column":64}}]},"1":{"loc":{"start":{"line":37,"column":8},"end":{"line":37,"column":49}},"type":"binary-expr","locations":[{"start":{"line":37,"column":8},"end":{"line":37,"column":20}},{"start":{"line":37,"column":24},"end":{"line":37,"column":49}}]},"2":{"loc":{"start":{"line":45,"column":10},"end":{"line":47,"column":null}},"type":"cond-expr","locations":[{"start":{"line":46,"column":14},"end":{"line":46,"column":70}},{"start":{"line":47,"column":14},"end":{"line":47,"column":null}}]},"3":{"loc":{"start":{"line":67,"column":20},"end":{"line":69,"column":null}},"type":"cond-expr","locations":[{"start":{"line":68,"column":24},"end":{"line":68,"column":83}},{"start":{"line":69,"column":24},"end":{"line":69,"column":null}}]},"4":{"loc":{"start":{"line":71,"column":32},"end":{"line":71,"column":72}},"type":"cond-expr","locations":[{"start":{"line":71,"column":54},"end":{"line":71,"column":60}},{"start":{"line":71,"column":63},"end":{"line":71,"column":72}}]},"5":{"loc":{"start":{"line":88,"column":19},"end":{"line":91,"column":null}},"type":"cond-expr","locations":[{"start":{"line":89,"column":22},"end":{"line":89,"column":116}},{"start":{"line":91,"column":22},"end":{"line":91,"column":119}}]},"6":{"loc":{"start":{"line":98,"column":9},"end":{"line":119,"column":null}},"type":"binary-expr","locations":[{"start":{"line":98,"column":9},"end":{"line":98,"column":23}},{"start":{"line":99,"column":10},"end":{"line":118,"column":null}}]},"7":{"loc":{"start":{"line":110,"column":22},"end":{"line":110,"column":null}},"type":"cond-expr","locations":[{"start":{"line":110,"column":44},"end":{"line":110,"column":61}},{"start":{"line":110,"column":64},"end":{"line":110,"column":null}}]},"8":{"loc":{"start":{"line":112,"column":34},"end":{"line":112,"column":74}},"type":"cond-expr","locations":[{"start":{"line":112,"column":56},"end":{"line":112,"column":62}},{"start":{"line":112,"column":65},"end":{"line":112,"column":74}}]}},"s":{"0":2,"1":2,"2":2,"3":17,"4":17,"5":17,"6":17,"7":13,"8":1,"9":13,"10":13,"11":13,"12":17,"13":17,"14":180,"15":16,"16":164,"17":17,"18":85,"19":1,"20":5,"21":2,"22":2},"f":{"0":17,"1":13,"2":1,"3":13,"4":180,"5":85,"6":1,"7":5,"8":2},"b":{"0":[16],"1":[180,36],"2":[1,16],"3":[17,68],"4":[17,68],"5":[1,16],"6":[17,1],"7":[1,4],"8":[1,4]}}
,"/Volumes/SecondDrive/code2/portfolio-2026/src/components/SEO/SEO.tsx": {"path":"/Volumes/SecondDrive/code2/portfolio-2026/src/components/SEO/SEO.tsx","statementMap":{"0":{"start":{"line":1,"column":0},"end":{"line":1,"column":26}},"1":{"start":{"line":2,"column":0},"end":{"line":2,"column":44}},"2":{"start":{"line":4,"column":0},"end":{"line":4,"column":34}},"3":{"start":{"line":24,"column":32},"end":{"line":66,"column":1}},"4":{"start":{"line":32,"column":24},"end":{"line":32,"column":30}},"5":{"start":{"line":33,"column":22},"end":{"line":33,"column":47}},"6":{"start":{"line":34,"column":20},"end":{"line":34,"column":101}},"7":{"start":{"line":36,"column":4},"end":{"line":65,"column":6}},"8":{"start":{"line":68,"column":0},"end":{"line":68,"column":19}}},"fnMap":{"0":{"name":"(anonymous_1)","decl":{"start":{"line":24,"column":32},"end":{"line":24,"column":33}},"loc":{"start":{"line":31,"column":5},"end":{"line":66,"column":1}}}},"branchMap":{"0":{"loc":{"start":{"line":27,"column":4},"end":{"line":27,"column":29}},"type":"default-arg","locations":[{"start":{"line":27,"column":12},"end":{"line":27,"column":29}}]},"1":{"loc":{"start":{"line":30,"column":4},"end":{"line":30,"column":20}},"type":"default-arg","locations":[{"start":{"line":30,"column":11},"end":{"line":30,"column":20}}]},"2":{"loc":{"start":{"line":34,"column":20},"end":{"line":34,"column":101}},"type":"cond-expr","locations":[{"start":{"line":34,"column":32},"end":{"line":34,"column":41}},{"start":{"line":34,"column":44},"end":{"line":34,"column":101}}]},"3":{"loc":{"start":{"line":34,"column":44},"end":{"line":34,"column":101}},"type":"cond-expr","locations":[{"start":{"line":34,"column":76},"end":{"line":34,"column":96}},{"start":{"line":34,"column":99},"end":{"line":34,"column":101}}]},"4":{"loc":{"start":{"line":41,"column":13},"end":{"line":41,"column":67}},"type":"binary-expr","locations":[{"start":{"line":41,"column":13},"end":{"line":41,"column":22}},{"start":{"line":41,"column":26},"end":{"line":41,"column":67}}]},"5":{"loc":{"start":{"line":49,"column":13},"end":{"line":49,"column":81}},"type":"binary-expr","locations":[{"start":{"line":49,"column":13},"end":{"line":49,"column":18}},{"start":{"line":49,"column":22},"end":{"line":49,"column":81}}]},"6":{"loc":{"start":{"line":56,"column":13},"end":{"line":56,"column":82}},"type":"binary-expr","locations":[{"start":{"line":56,"column":13},"end":{"line":56,"column":18}},{"start":{"line":56,"column":22},"end":{"line":56,"column":82}}]},"7":{"loc":{"start":{"line":59,"column":13},"end":{"line":62,"column":null}},"type":"binary-expr","locations":[{"start":{"line":59,"column":13},"end":{"line":59,"column":19}},{"start":{"line":60,"column":16},"end":{"line":61,"column":null}}]}},"s":{"0":8,"1":8,"2":8,"3":8,"4":18,"5":18,"6":18,"7":18,"8":8},"f":{"0":18},"b":{"0":[16],"1":[14],"2":[13,5],"3":[5,0],"4":[18,13],"5":[18,17],"6":[18,17],"7":[18,16]}}
,"/Volumes/SecondDrive/code2/portfolio-2026/src/components/UI/GlassCard.tsx": {"path":"/Volumes/SecondDrive/code2/portfolio-2026/src/components/UI/GlassCard.tsx","statementMap":{"0":{"start":{"line":1,"column":0},"end":{"line":1,"column":26}},"1":{"start":{"line":23,"column":44},"end":{"line":61,"column":1}},"2":{"start":{"line":24,"column":22},"end":{"line":24,"column":166}},"3":{"start":{"line":25,"column":23},"end":{"line":25,"column":119}},"4":{"start":{"line":26,"column":29},"end":{"line":26,"column":130}},"5":{"start":{"line":29,"column":4},"end":{"line":40,"column":null}},"6":{"start":{"line":44,"column":2},"end":{"line":54,"column":3}},"7":{"start":{"line":45,"column":4},"end":{"line":53,"column":6}},"8":{"start":{"line":56,"column":2},"end":{"line":60,"column":4}},"9":{"start":{"line":63,"column":0},"end":{"line":63,"column":37}}},"fnMap":{"0":{"name":"(anonymous_1)","decl":{"start":{"line":23,"column":44},"end":{"line":23,"column":45}},"loc":{"start":{"line":23,"column":107},"end":{"line":61,"column":1}}}},"branchMap":{"0":{"loc":{"start":{"line":23,"column":57},"end":{"line":23,"column":71}},"type":"default-arg","locations":[{"start":{"line":23,"column":69},"end":{"line":23,"column":71}}]},"1":{"loc":{"start":{"line":23,"column":73},"end":{"line":23,"column":92}},"type":"default-arg","locations":[{"start":{"line":23,"column":87},"end":{"line":23,"column":92}}]},"2":{"loc":{"start":{"line":25,"column":23},"end":{"line":25,"column":119}},"type":"cond-expr","locations":[{"start":{"line":25,"column":37},"end":{"line":25,"column":114}},{"start":{"line":25,"column":117},"end":{"line":25,"column":119}}]},"3":{"loc":{"start":{"line":26,"column":29},"end":{"line":26,"column":130}},"type":"cond-expr","locations":[{"start":{"line":26,"column":39},"end":{"line":26,"column":125}},{"start":{"line":26,"column":128},"end":{"line":26,"column":130}}]},"4":{"loc":{"start":{"line":44,"column":2},"end":{"line":54,"column":3}},"type":"if","locations":[{"start":{"line":44,"column":2},"end":{"line":54,"column":3}}]}},"s":{"0":8,"1":8,"2":191,"3":191,"4":191,"5":191,"6":191,"7":1,"8":190,"9":8},"f":{"0":191},"b":{"0":[12],"1":[16],"2":[175,16],"3":[1,190],"4":[1]}}
,"/Volumes/SecondDrive/code2/portfolio-2026/src/components/UI/LoadingScreen.tsx": {"path":"/Volumes/SecondDrive/code2/portfolio-2026/src/components/UI/LoadingScreen.tsx","statementMap":{"0":{"start":{"line":1,"column":0},"end":{"line":1,"column":26}},"1":{"start":{"line":9,"column":32},"end":{"line":19,"column":null}},"2":{"start":{"line":10,"column":2},"end":{"line":18,"column":null}},"3":{"start":{"line":22,"column":0},"end":{"line":22,"column":41}}},"fnMap":{"0":{"name":"(anonymous_1)","decl":{"start":{"line":9,"column":32},"end":{"line":9,"column":35}},"loc":{"start":{"line":10,"column":2},"end":{"line":18,"column":null}}}},"branchMap":{},"s":{"0":2,"1":2,"2":8,"3":2},"f":{"0":8},"b":{}}
,"/Volumes/SecondDrive/code2/portfolio-2026/src/components/UI/RouteAnnouncer.tsx": {"path":"/Volumes/SecondDrive/code2/portfolio-2026/src/components/UI/RouteAnnouncer.tsx","statementMap":{"0":{"start":{"line":1,"column":0},"end":{"line":1,"column":51}},"1":{"start":{"line":2,"column":0},"end":{"line":2,"column":47}},"2":{"start":{"line":10,"column":33},"end":{"line":33,"column":1}},"3":{"start":{"line":11,"column":19},"end":{"line":11,"column":32}},"4":{"start":{"line":12,"column":42},"end":{"line":12,"column":54}},"5":{"start":{"line":14,"column":2},"end":{"line":21,"column":17}},"6":{"start":{"line":16,"column":21},"end":{"line":16,"column":111}},"7":{"start":{"line":18,"column":26},"end":{"line":18,"column":78}},"8":{"start":{"line":20,"column":4},"end":{"line":20,"column":53}},"9":{"start":{"line":23,"column":2},"end":{"line":32,"column":4}},"10":{"start":{"line":35,"column":0},"end":{"line":35,"column":30}}},"fnMap":{"0":{"name":"(anonymous_9)","decl":{"start":{"line":10,"column":33},"end":{"line":10,"column":36}},"loc":{"start":{"line":10,"column":38},"end":{"line":33,"column":1}}},"1":{"name":"(anonymous_10)","decl":{"start":{"line":14,"column":12},"end":{"line":14,"column":15}},"loc":{"start":{"line":14,"column":17},"end":{"line":21,"column":3}}}},"branchMap":{"0":{"loc":{"start":{"line":16,"column":21},"end":{"line":16,"column":111}},"type":"cond-expr","locations":[{"start":{"line":16,"column":49},"end":{"line":16,"column":55}},{"start":{"line":16,"column":58},"end":{"line":16,"column":111}}]}},"s":{"0":3,"1":3,"2":3,"3":22,"4":22,"5":22,"6":11,"7":11,"8":11,"9":22,"10":3},"f":{"0":22,"1":11},"b":{"0":[3,8]}}
,"/Volumes/SecondDrive/code2/portfolio-2026/src/pages/About.tsx": {"path":"/Volumes/SecondDrive/code2/portfolio-2026/src/pages/About.tsx","statementMap":{"0":{"start":{"line":1,"column":0},"end":{"line":1,"column":26}},"1":{"start":{"line":2,"column":0},"end":{"line":2,"column":42}},"2":{"start":{"line":4,"column":0},"end":{"line":4,"column":40}},"3":{"start":{"line":5,"column":0},"end":{"line":5,"column":51}},"4":{"start":{"line":11,"column":24},"end":{"line":168,"column":1}},"5":{"start":{"line":12,"column":35},"end":{"line":12,"column":83}},"6":{"start":{"line":12,"column":69},"end":{"line":12,"column":82}},"7":{"start":{"line":14,"column":2},"end":{"line":167,"column":4}},"8":{"start":{"line":78,"column":14},"end":{"line":78,"column":35}},"9":{"start":{"line":96,"column":14},"end":{"line":96,"column":29}},"10":{"start":{"line":100,"column":20},"end":{"line":100,"column":35}},"11":{"start":{"line":128,"column":20},"end":{"line":128,"column":34}},"12":{"start":{"line":144,"column":14},"end":{"line":144,"column":33}},"13":{"start":{"line":170,"column":0},"end":{"line":170,"column":21}}},"fnMap":{"0":{"name":"(anonymous_1)","decl":{"start":{"line":11,"column":24},"end":{"line":11,"column":27}},"loc":{"start":{"line":11,"column":29},"end":{"line":168,"column":1}}},"1":{"name":"(anonymous_2)","decl":{"start":{"line":12,"column":47},"end":{"line":12,"column":48}},"loc":{"start":{"line":12,"column":69},"end":{"line":12,"column":82}}},"2":{"name":"(anonymous_3)","decl":{"start":{"line":77,"column":50},"end":{"line":77,"column":51}},"loc":{"start":{"line":78,"column":14},"end":{"line":78,"column":35}}},"3":{"name":"(anonymous_4)","decl":{"start":{"line":95,"column":50},"end":{"line":95,"column":51}},"loc":{"start":{"line":96,"column":14},"end":{"line":96,"column":29}}},"4":{"name":"(anonymous_5)","decl":{"start":{"line":99,"column":34},"end":{"line":99,"column":35}},"loc":{"start":{"line":100,"column":20},"end":{"line":100,"column":35}}},"5":{"name":"(anonymous_6)","decl":{"start":{"line":127,"column":59},"end":{"line":127,"column":60}},"loc":{"start":{"line":128,"column":20},"end":{"line":128,"column":34}}},"6":{"name":"(anonymous_7)","decl":{"start":{"line":143,"column":24},"end":{"line":143,"column":25}},"loc":{"start":{"line":144,"column":14},"end":{"line":144,"column":33}}}},"branchMap":{},"s":{"0":2,"1":2,"2":2,"3":2,"4":2,"5":2,"6":4,"7":2,"8":12,"9":10,"10":40,"11":6,"12":10,"13":2},"f":{"0":2,"1":4,"2":12,"3":10,"4":40,"5":6,"6":10},"b":{}}
,"/Volumes/SecondDrive/code2/portfolio-2026/src/pages/Blog.tsx": {"path":"/Volumes/SecondDrive/code2/portfolio-2026/src/pages/Blog.tsx","statementMap":{"0":{"start":{"line":1,"column":0},"end":{"line":1,"column":26}},"1":{"start":{"line":2,"column":0},"end":{"line":2,"column":42}},"2":{"start":{"line":3,"column":0},"end":{"line":3,"column":40}},"3":{"start":{"line":5,"column":0},"end":{"line":5,"column":40}},"4":{"start":{"line":6,"column":0},"end":{"line":6,"column":51}},"5":{"start":{"line":12,"column":23},"end":{"line":73,"column":1}},"6":{"start":{"line":13,"column":24},"end":{"line":13,"column":72}},"7":{"start":{"line":13,"column":58},"end":{"line":13,"column":71}},"8":{"start":{"line":15,"column":2},"end":{"line":72,"column":4}},"9":{"start":{"line":24,"column":45},"end":{"line":30,"column":12}},"10":{"start":{"line":42,"column":12},"end":{"line":42,"column":32}},"11":{"start":{"line":59,"column":24},"end":{"line":59,"column":40}},"12":{"start":{"line":75,"column":0},"end":{"line":75,"column":20}}},"fnMap":{"0":{"name":"(anonymous_1)","decl":{"start":{"line":12,"column":23},"end":{"line":12,"column":26}},"loc":{"start":{"line":12,"column":28},"end":{"line":73,"column":1}}},"1":{"name":"(anonymous_2)","decl":{"start":{"line":13,"column":36},"end":{"line":13,"column":37}},"loc":{"start":{"line":13,"column":58},"end":{"line":13,"column":71}}},"2":{"name":"(anonymous_3)","decl":{"start":{"line":24,"column":36},"end":{"line":24,"column":40}},"loc":{"start":{"line":24,"column":45},"end":{"line":30,"column":12}}},"3":{"name":"(anonymous_4)","decl":{"start":{"line":41,"column":25},"end":{"line":41,"column":26}},"loc":{"start":{"line":42,"column":12},"end":{"line":42,"column":32}}},"4":{"name":"(anonymous_5)","decl":{"start":{"line":58,"column":37},"end":{"line":58,"column":40}},"loc":{"start":{"line":59,"column":24},"end":{"line":59,"column":40}}}},"branchMap":{},"s":{"0":2,"1":2,"2":2,"3":2,"4":2,"5":2,"6":2,"7":4,"8":2,"9":4,"10":4,"11":12,"12":2},"f":{"0":2,"1":4,"2":4,"3":4,"4":12},"b":{}}
,"/Volumes/SecondDrive/code2/portfolio-2026/src/pages/BlogDetail.tsx": {"path":"/Volumes/SecondDrive/code2/portfolio-2026/src/pages/BlogDetail.tsx","statementMap":{"0":{"start":{"line":1,"column":0},"end":{"line":1,"column":26}},"1":{"start":{"line":2,"column":0},"end":{"line":2,"column":42}},"2":{"start":{"line":3,"column":0},"end":{"line":3,"column":61}},"3":{"start":{"line":5,"column":0},"end":{"line":5,"column":40}},"4":{"start":{"line":6,"column":0},"end":{"line":6,"column":51}},"5":{"start":{"line":12,"column":62},"end":{"line":46,"column":1}},"6":{"start":{"line":13,"column":17},"end":{"line":13,"column":38}},"7":{"start":{"line":15,"column":2},"end":{"line":45,"column":4}},"8":{"start":{"line":18,"column":8},"end":{"line":24,"column":9}},"9":{"start":{"line":19,"column":10},"end":{"line":23,"column":12}},"10":{"start":{"line":26,"column":8},"end":{"line":39,"column":9}},"11":{"start":{"line":27,"column":24},"end":{"line":27,"column":86}},"12":{"start":{"line":27,"column":57},"end":{"line":27,"column":85}},"13":{"start":{"line":28,"column":10},"end":{"line":38,"column":12}},"14":{"start":{"line":31,"column":34},"end":{"line":31,"column":63}},"15":{"start":{"line":32,"column":36},"end":{"line":32,"column":127}},"16":{"start":{"line":33,"column":16},"end":{"line":35,"column":18}},"17":{"start":{"line":41,"column":28},"end":{"line":41,"column":115}},"18":{"start":{"line":42,"column":8},"end":{"line":42,"column":83}},"19":{"start":{"line":51,"column":29},"end":{"line":133,"column":1}},"20":{"start":{"line":52,"column":19},"end":{"line":52,"column":48}},"21":{"start":{"line":53,"column":24},"end":{"line":53,"column":72}},"22":{"start":{"line":53,"column":58},"end":{"line":53,"column":71}},"23":{"start":{"line":55,"column":15},"end":{"line":55,"column":51}},"24":{"start":{"line":55,"column":35},"end":{"line":55,"column":50}},"25":{"start":{"line":59,"column":2},"end":{"line":61,"column":3}},"26":{"start":{"line":60,"column":4},"end":{"line":60,"column":35}},"27":{"start":{"line":63,"column":2},"end":{"line":132,"column":4}},"28":{"start":{"line":96,"column":12},"end":{"line":96,"column":28}},"29":{"start":{"line":135,"column":0},"end":{"line":135,"column":26}}},"fnMap":{"0":{"name":"(anonymous_1)","decl":{"start":{"line":12,"column":62},"end":{"line":12,"column":63}},"loc":{"start":{"line":12,"column":78},"end":{"line":46,"column":1}}},"1":{"name":"(anonymous_2)","decl":{"start":{"line":17,"column":18},"end":{"line":17,"column":19}},"loc":{"start":{"line":17,"column":35},"end":{"line":43,"column":7}}},"2":{"name":"(anonymous_3)","decl":{"start":{"line":27,"column":49},"end":{"line":27,"column":53}},"loc":{"start":{"line":27,"column":57},"end":{"line":27,"column":85}}},"3":{"name":"(anonymous_4)","decl":{"start":{"line":30,"column":25},"end":{"line":30,"column":26}},"loc":{"start":{"line":30,"column":37},"end":{"line":36,"column":15}}},"4":{"name":"(anonymous_5)","decl":{"start":{"line":51,"column":29},"end":{"line":51,"column":32}},"loc":{"start":{"line":51,"column":34},"end":{"line":133,"column":1}}},"5":{"name":"(anonymous_6)","decl":{"start":{"line":53,"column":36},"end":{"line":53,"column":37}},"loc":{"start":{"line":53,"column":58},"end":{"line":53,"column":71}}},"6":{"name":"(anonymous_7)","decl":{"start":{"line":55,"column":30},"end":{"line":55,"column":31}},"loc":{"start":{"line":55,"column":35},"end":{"line":55,"column":50}}},"7":{"name":"(anonymous_8)","decl":{"start":{"line":95,"column":25},"end":{"line":95,"column":28}},"loc":{"start":{"line":96,"column":12},"end":{"line":96,"column":28}}}},"branchMap":{"0":{"loc":{"start":{"line":18,"column":8},"end":{"line":24,"column":9}},"type":"if","locations":[{"start":{"line":18,"column":8},"end":{"line":24,"column":9}}]},"1":{"loc":{"start":{"line":26,"column":8},"end":{"line":39,"column":9}},"type":"if","locations":[{"start":{"line":26,"column":8},"end":{"line":39,"column":9}}]},"2":{"loc":{"start":{"line":59,"column":2},"end":{"line":61,"column":3}},"type":"if","locations":[{"start":{"line":59,"column":2},"end":{"line":61,"column":3}}]},"3":{"loc":{"start":{"line":65,"column":7},"end":{"line":82,"column":null}},"type":"binary-expr","locations":[{"start":{"line":65,"column":7},"end":{"line":65,"column":11}},{"start":{"line":66,"column":8},"end":{"line":81,"column":null}}]}},"s":{"0":2,"1":2,"2":2,"3":2,"4":2,"5":2,"6":2,"7":2,"8":10,"9":4,"10":6,"11":0,"12":0,"13":0,"14":0,"15":0,"16":0,"17":6,"18":6,"19":2,"20":2,"21":2,"22":4,"23":2,"24":2,"25":2,"26":0,"27":2,"28":3,"29":2},"f":{"0":2,"1":10,"2":0,"3":0,"4":2,"5":4,"6":2,"7":3},"b":{"0":[4],"1":[0],"2":[0],"3":[2,2]}}
,"/Volumes/SecondDrive/code2/portfolio-2026/src/pages/Contact.tsx": {"path":"/Volumes/SecondDrive/code2/portfolio-2026/src/pages/Contact.tsx","statementMap":{"0":{"start":{"line":1,"column":0},"end":{"line":1,"column":40}},"1":{"start":{"line":2,"column":0},"end":{"line":2,"column":47}},"2":{"start":{"line":4,"column":0},"end":{"line":4,"column":40}},"3":{"start":{"line":5,"column":0},"end":{"line":5,"column":51}},"4":{"start":{"line":6,"column":0},"end":{"line":6,"column":34}},"5":{"start":{"line":11,"column":26},"end":{"line":119,"column":1}},"6":{"start":{"line":12,"column":42},"end":{"line":12,"column":71}},"7":{"start":{"line":14,"column":30},"end":{"line":16,"column":3}},"8":{"start":{"line":15,"column":4},"end":{"line":15,"column":27}},"9":{"start":{"line":18,"column":2},"end":{"line":118,"column":4}},"10":{"start":{"line":121,"column":0},"end":{"line":121,"column":23}}},"fnMap":{"0":{"name":"(anonymous_10)","decl":{"start":{"line":11,"column":26},"end":{"line":11,"column":29}},"loc":{"start":{"line":11,"column":31},"end":{"line":119,"column":1}}},"1":{"name":"(anonymous_11)","decl":{"start":{"line":14,"column":30},"end":{"line":14,"column":31}},"loc":{"start":{"line":14,"column":55},"end":{"line":16,"column":3}}}},"branchMap":{"0":{"loc":{"start":{"line":74,"column":13},"end":{"line":81,"column":null}},"type":"binary-expr","locations":[{"start":{"line":74,"column":13},"end":{"line":74,"column":42}},{"start":{"line":75,"column":14},"end":{"line":80,"column":null}}]},"1":{"loc":{"start":{"line":87,"column":24},"end":{"line":87,"column":70}},"type":"binary-expr","locations":[{"start":{"line":87,"column":24},"end":{"line":87,"column":53}},{"start":{"line":87,"column":57},"end":{"line":87,"column":70}}]}},"s":{"0":2,"1":2,"2":2,"3":2,"4":2,"5":2,"6":2,"7":2,"8":0,"9":2,"10":2},"f":{"0":2,"1":0},"b":{"0":[2,2],"1":[2,2]}}
,"/Volumes/SecondDrive/code2/portfolio-2026/src/pages/Home.tsx": {"path":"/Volumes/SecondDrive/code2/portfolio-2026/src/pages/Home.tsx","statementMap":{"0":{"start":{"line":1,"column":0},"end":{"line":1,"column":40}},"1":{"start":{"line":2,"column":0},"end":{"line":2,"column":40}},"2":{"start":{"line":4,"column":0},"end":{"line":4,"column":40}},"3":{"start":{"line":5,"column":0},"end":{"line":5,"column":51}},"4":{"start":{"line":8,"column":30},"end":{"line":8,"column":96}},"5":{"start":{"line":8,"column":46},"end":{"line":8,"column":95}},"6":{"start":{"line":13,"column":23},"end":{"line":93,"column":1}},"7":{"start":{"line":14,"column":2},"end":{"line":92,"column":4}},"8":{"start":{"line":95,"column":0},"end":{"line":95,"column":20}}},"fnMap":{"0":{"name":"(anonymous_10)","decl":{"start":{"line":8,"column":41},"end":{"line":8,"column":44}},"loc":{"start":{"line":8,"column":46},"end":{"line":8,"column":95}}},"1":{"name":"(anonymous_11)","decl":{"start":{"line":8,"column":46},"end":{"line":8,"column":54}},"loc":{"start":{"line":8,"column":46},"end":{"line":8,"column":95}}},"2":{"name":"(anonymous_12)","decl":{"start":{"line":13,"column":23},"end":{"line":13,"column":26}},"loc":{"start":{"line":13,"column":28},"end":{"line":93,"column":1}}}},"branchMap":{},"s":{"0":2,"1":2,"2":2,"3":2,"4":2,"5":4,"6":2,"7":2,"8":2},"f":{"0":2,"1":2,"2":2},"b":{}}
,"/Volumes/SecondDrive/code2/portfolio-2026/src/pages/ProjectDetail.tsx": {"path":"/Volumes/SecondDrive/code2/portfolio-2026/src/pages/ProjectDetail.tsx","statementMap":{"0":{"start":{"line":1,"column":0},"end":{"line":1,"column":26}},"1":{"start":{"line":2,"column":0},"end":{"line":2,"column":42}},"2":{"start":{"line":3,"column":0},"end":{"line":3,"column":61}},"3":{"start":{"line":5,"column":0},"end":{"line":5,"column":40}},"4":{"start":{"line":6,"column":0},"end":{"line":6,"column":51}},"5":{"start":{"line":12,"column":32},"end":{"line":107,"column":1}},"6":{"start":{"line":13,"column":19},"end":{"line":13,"column":48}},"7":{"start":{"line":14,"column":23},"end":{"line":14,"column":71}},"8":{"start":{"line":14,"column":57},"end":{"line":14,"column":70}},"9":{"start":{"line":16,"column":18},"end":{"line":16,"column":53}},"10":{"start":{"line":16,"column":37},"end":{"line":16,"column":52}},"11":{"start":{"line":21,"column":2},"end":{"line":23,"column":3}},"12":{"start":{"line":22,"column":4},"end":{"line":22,"column":39}},"13":{"start":{"line":25,"column":2},"end":{"line":106,"column":4}},"14":{"start":{"line":58,"column":35},"end":{"line":58,"column":51}},"15":{"start":{"line":92,"column":16},"end":{"line":92,"column":31}},"16":{"start":{"line":109,"column":0},"end":{"line":109,"column":29}}},"fnMap":{"0":{"name":"(anonymous_1)","decl":{"start":{"line":12,"column":32},"end":{"line":12,"column":35}},"loc":{"start":{"line":12,"column":37},"end":{"line":107,"column":1}}},"1":{"name":"(anonymous_2)","decl":{"start":{"line":14,"column":35},"end":{"line":14,"column":36}},"loc":{"start":{"line":14,"column":57},"end":{"line":14,"column":70}}},"2":{"name":"(anonymous_3)","decl":{"start":{"line":16,"column":32},"end":{"line":16,"column":33}},"loc":{"start":{"line":16,"column":37},"end":{"line":16,"column":52}}},"3":{"name":"(anonymous_4)","decl":{"start":{"line":58,"column":28},"end":{"line":58,"column":31}},"loc":{"start":{"line":58,"column":35},"end":{"line":58,"column":51}}},"4":{"name":"(anonymous_5)","decl":{"start":{"line":91,"column":68},"end":{"line":91,"column":72}},"loc":{"start":{"line":92,"column":16},"end":{"line":92,"column":31}}}},"branchMap":{"0":{"loc":{"start":{"line":21,"column":2},"end":{"line":23,"column":3}},"type":"if","locations":[{"start":{"line":21,"column":2},"end":{"line":23,"column":3}}]},"1":{"loc":{"start":{"line":27,"column":7},"end":{"line":45,"column":null}},"type":"binary-expr","locations":[{"start":{"line":27,"column":7},"end":{"line":27,"column":14}},{"start":{"line":28,"column":8},"end":{"line":44,"column":null}}]}},"s":{"0":2,"1":2,"2":2,"3":2,"4":2,"5":2,"6":2,"7":2,"8":4,"9":2,"10":2,"11":2,"12":0,"13":2,"14":4,"15":8,"16":2},"f":{"0":2,"1":4,"2":2,"3":4,"4":8},"b":{"0":[0],"1":[2,2]}}
,"/Volumes/SecondDrive/code2/portfolio-2026/src/pages/Projects.tsx": {"path":"/Volumes/SecondDrive/code2/portfolio-2026/src/pages/Projects.tsx","statementMap":{"0":{"start":{"line":1,"column":0},"end":{"line":1,"column":40}},"1":{"start":{"line":2,"column":0},"end":{"line":2,"column":42}},"2":{"start":{"line":3,"column":0},"end":{"line":3,"column":40}},"3":{"start":{"line":5,"column":0},"end":{"line":5,"column":40}},"4":{"start":{"line":6,"column":0},"end":{"line":6,"column":51}},"5":{"start":{"line":12,"column":27},"end":{"line":106,"column":1}},"6":{"start":{"line":13,"column":23},"end":{"line":13,"column":71}},"7":{"start":{"line":13,"column":57},"end":{"line":13,"column":70}},"8":{"start":{"line":14,"column":30},"end":{"line":14,"column":53}},"9":{"start":{"line":17,"column":28},"end":{"line":17,"column":102}},"10":{"start":{"line":17,"column":80},"end":{"line":17,"column":86}},"11":{"start":{"line":19,"column":27},"end":{"line":21,"column":51}},"12":{"start":{"line":21,"column":27},"end":{"line":21,"column":50}},"13":{"start":{"line":23,"column":2},"end":{"line":105,"column":4}},"14":{"start":{"line":32,"column":57},"end":{"line":41,"column":12}},"15":{"start":{"line":55,"column":14},"end":{"line":56,"column":null}},"16":{"start":{"line":57,"column":31},"end":{"line":57,"column":45}},"17":{"start":{"line":72,"column":12},"end":{"line":72,"column":35}},"18":{"start":{"line":94,"column":20},"end":{"line":94,"column":36}},"19":{"start":{"line":108,"column":0},"end":{"line":108,"column":24}}},"fnMap":{"0":{"name":"(anonymous_10)","decl":{"start":{"line":12,"column":27},"end":{"line":12,"column":30}},"loc":{"start":{"line":12,"column":32},"end":{"line":106,"column":1}}},"1":{"name":"(anonymous_11)","decl":{"start":{"line":13,"column":35},"end":{"line":13,"column":36}},"loc":{"start":{"line":13,"column":57},"end":{"line":13,"column":70}}},"2":{"name":"(anonymous_12)","decl":{"start":{"line":17,"column":75},"end":{"line":17,"column":76}},"loc":{"start":{"line":17,"column":80},"end":{"line":17,"column":86}}},"3":{"name":"(anonymous_13)","decl":{"start":{"line":21,"column":22},"end":{"line":21,"column":23}},"loc":{"start":{"line":21,"column":27},"end":{"line":21,"column":50}}},"4":{"name":"(anonymous_14)","decl":{"start":{"line":32,"column":42},"end":{"line":32,"column":43}},"loc":{"start":{"line":32,"column":57},"end":{"line":41,"column":12}}},"5":{"name":"(anonymous_15)","decl":{"start":{"line":54,"column":25},"end":{"line":54,"column":26}},"loc":{"start":{"line":55,"column":14},"end":{"line":56,"column":null}}},"6":{"name":"(anonymous_16)","decl":{"start":{"line":57,"column":25},"end":{"line":57,"column":28}},"loc":{"start":{"line":57,"column":31},"end":{"line":57,"column":45}}},"7":{"name":"(anonymous_17)","decl":{"start":{"line":71,"column":32},"end":{"line":71,"column":33}},"loc":{"start":{"line":72,"column":12},"end":{"line":72,"column":35}}},"8":{"name":"(anonymous_18)","decl":{"start":{"line":93,"column":48},"end":{"line":93,"column":51}},"loc":{"start":{"line":94,"column":20},"end":{"line":94,"column":36}}}},"branchMap":{"0":{"loc":{"start":{"line":19,"column":27},"end":{"line":21,"column":51}},"type":"cond-expr","locations":[{"start":{"line":20,"column":6},"end":{"line":20,"column":14}},{"start":{"line":21,"column":6},"end":{"line":21,"column":51}}]},"1":{"loc":{"start":{"line":59,"column":176},"end":{"line":61,"column":null}},"type":"cond-expr","locations":[{"start":{"line":60,"column":20},"end":{"line":60,"column":41}},{"start":{"line":61,"column":20},"end":{"line":61,"column":null}}]}},"s":{"0":2,"1":2,"2":2,"3":2,"4":2,"5":2,"6":4,"7":7,"8":4,"9":4,"10":200,"11":4,"12":50,"13":4,"14":200,"15":320,"16":1,"17":152,"18":438,"19":2},"f":{"0":4,"1":7,"2":200,"3":50,"4":200,"5":320,"6":1,"7":152,"8":438},"b":{"0":[3,1],"1":[4,316]}}
,"/Volumes/SecondDrive/code2/portfolio-2026/src/store/contentSlice.ts": {"path":"/Volumes/SecondDrive/code2/portfolio-2026/src/store/contentSlice.ts","statementMap":{"0":{"start":{"line":7,"column":0},"end":{"line":7,"column":62}},"1":{"start":{"line":12,"column":35},"end":{"line":534,"column":2}},"2":{"start":{"line":537,"column":37},"end":{"line":594,"column":2}},"3":{"start":{"line":597,"column":36},"end":{"line":633,"column":2}},"4":{"start":{"line":636,"column":46},"end":{"line":664,"column":2}},"5":{"start":{"line":666,"column":35},"end":{"line":672,"column":2}},"6":{"start":{"line":678,"column":21},"end":{"line":687,"column":2}},"7":{"start":{"line":684,"column":6},"end":{"line":684,"column":37}},"8":{"start":{"line":689,"column":15},"end":{"line":689,"column":51}},"9":{"start":{"line":690,"column":0},"end":{"line":690,"column":36}}},"fnMap":{"0":{"name":"(anonymous_0)","decl":{"start":{"line":683,"column":16},"end":{"line":683,"column":17}},"loc":{"start":{"line":683,"column":58},"end":{"line":685,"column":5}}}},"branchMap":{},"s":{"0":11,"1":11,"2":11,"3":11,"4":11,"5":11,"6":11,"7":2,"8":11,"9":11},"f":{"0":2},"b":{}}
}
