{"/Volumes/SecondDrive/code2/portfolio-2026/src/App.tsx": {"path":"/Volumes/SecondDrive/code2/portfolio-2026/src/App.tsx","statementMap":{"0":{"start":{"line":1,"column":0},"end":{"line":1,"column":40}},"1":{"start":{"line":2,"column":0},"end":{"line":2,"column":71}},"2":{"start":{"line":4,"column":0},"end":{"line":4,"column":48}},"3":{"start":{"line":5,"column":0},"end":{"line":5,"column":58}},"4":{"start":{"line":6,"column":0},"end":{"line":6,"column":57}},"5":{"start":{"line":9,"column":13},"end":{"line":9,"column":53}},"6":{"start":{"line":9,"column":29},"end":{"line":9,"column":52}},"7":{"start":{"line":10,"column":14},"end":{"line":10,"column":55}},"8":{"start":{"line":10,"column":30},"end":{"line":10,"column":54}},"9":{"start":{"line":11,"column":21},"end":{"line":11,"column":69}},"10":{"start":{"line":11,"column":37},"end":{"line":11,"column":68}},"11":{"start":{"line":12,"column":25},"end":{"line":12,"column":77}},"12":{"start":{"line":12,"column":41},"end":{"line":12,"column":76}},"13":{"start":{"line":13,"column":23},"end":{"line":13,"column":73}},"14":{"start":{"line":13,"column":39},"end":{"line":13,"column":72}},"15":{"start":{"line":14,"column":17},"end":{"line":14,"column":61}},"16":{"start":{"line":14,"column":33},"end":{"line":14,"column":60}},"17":{"start":{"line":15,"column":17},"end":{"line":15,"column":61}},"18":{"start":{"line":15,"column":33},"end":{"line":15,"column":60}},"19":{"start":{"line":16,"column":22},"end":{"line":16,"column":71}},"20":{"start":{"line":16,"column":38},"end":{"line":16,"column":70}},"21":{"start":{"line":17,"column":17},"end":{"line":17,"column":61}},"22":{"start":{"line":17,"column":33},"end":{"line":17,"column":60}},"23":{"start":{"line":18,"column":23},"end":{"line":18,"column":73}},"24":{"start":{"line":18,"column":39},"end":{"line":18,"column":72}},"25":{"start":{"line":19,"column":16},"end":{"line":19,"column":59}},"26":{"start":{"line":19,"column":32},"end":{"line":19,"column":58}},"27":{"start":{"line":20,"column":28},"end":{"line":20,"column":83}},"28":{"start":{"line":20,"column":44},"end":{"line":20,"column":82}},"29":{"start":{"line":21,"column":29},"end":{"line":21,"column":85}},"30":{"start":{"line":21,"column":45},"end":{"line":21,"column":84}},"31":{"start":{"line":22,"column":27},"end":{"line":22,"column":81}},"32":{"start":{"line":22,"column":43},"end":{"line":22,"column":80}},"33":{"start":{"line":23,"column":22},"end":{"line":23,"column":71}},"34":{"start":{"line":23,"column":38},"end":{"line":23,"column":70}},"35":{"start":{"line":24,"column":21},"end":{"line":24,"column":69}},"36":{"start":{"line":24,"column":37},"end":{"line":24,"column":68}},"37":{"start":{"line":25,"column":25},"end":{"line":25,"column":77}},"38":{"start":{"line":25,"column":41},"end":{"line":25,"column":76}},"39":{"start":{"line":26,"column":28},"end":{"line":26,"column":83}},"40":{"start":{"line":26,"column":44},"end":{"line":26,"column":82}},"41":{"start":{"line":27,"column":23},"end":{"line":27,"column":73}},"42":{"start":{"line":27,"column":39},"end":{"line":27,"column":72}},"43":{"start":{"line":28,"column":21},"end":{"line":28,"column":69}},"44":{"start":{"line":28,"column":37},"end":{"line":28,"column":68}},"45":{"start":{"line":29,"column":23},"end":{"line":29,"column":73}},"46":{"start":{"line":29,"column":39},"end":{"line":29,"column":72}},"47":{"start":{"line":30,"column":22},"end":{"line":30,"column":71}},"48":{"start":{"line":30,"column":38},"end":{"line":30,"column":70}},"49":{"start":{"line":31,"column":20},"end":{"line":31,"column":67}},"50":{"start":{"line":31,"column":36},"end":{"line":31,"column":66}},"51":{"start":{"line":32,"column":21},"end":{"line":32,"column":69}},"52":{"start":{"line":32,"column":37},"end":{"line":32,"column":68}},"53":{"start":{"line":33,"column":28},"end":{"line":33,"column":83}},"54":{"start":{"line":33,"column":44},"end":{"line":33,"column":82}},"55":{"start":{"line":34,"column":24},"end":{"line":34,"column":75}},"56":{"start":{"line":34,"column":40},"end":{"line":34,"column":74}},"57":{"start":{"line":35,"column":21},"end":{"line":35,"column":69}},"58":{"start":{"line":35,"column":37},"end":{"line":35,"column":68}},"59":{"start":{"line":36,"column":25},"end":{"line":36,"column":77}},"60":{"start":{"line":36,"column":41},"end":{"line":36,"column":76}},"61":{"start":{"line":37,"column":18},"end":{"line":37,"column":63}},"62":{"start":{"line":37,"column":34},"end":{"line":37,"column":62}},"63":{"start":{"line":39,"column":26},"end":{"line":39,"column":79}},"64":{"start":{"line":39,"column":42},"end":{"line":39,"column":78}},"65":{"start":{"line":40,"column":30},"end":{"line":40,"column":87}},"66":{"start":{"line":40,"column":46},"end":{"line":40,"column":86}},"67":{"start":{"line":41,"column":24},"end":{"line":41,"column":75}},"68":{"start":{"line":41,"column":40},"end":{"line":41,"column":74}},"69":{"start":{"line":42,"column":22},"end":{"line":42,"column":71}},"70":{"start":{"line":42,"column":38},"end":{"line":42,"column":70}},"71":{"start":{"line":43,"column":21},"end":{"line":43,"column":69}},"72":{"start":{"line":43,"column":37},"end":{"line":43,"column":68}},"73":{"start":{"line":44,"column":17},"end":{"line":44,"column":61}},"74":{"start":{"line":44,"column":33},"end":{"line":44,"column":60}},"75":{"start":{"line":45,"column":22},"end":{"line":45,"column":71}},"76":{"start":{"line":45,"column":38},"end":{"line":45,"column":70}},"77":{"start":{"line":47,"column":21},"end":{"line":47,"column":69}},"78":{"start":{"line":47,"column":37},"end":{"line":47,"column":68}},"79":{"start":{"line":48,"column":18},"end":{"line":48,"column":63}},"80":{"start":{"line":48,"column":34},"end":{"line":48,"column":62}},"81":{"start":{"line":49,"column":32},"end":{"line":49,"column":91}},"82":{"start":{"line":49,"column":48},"end":{"line":49,"column":90}},"83":{"start":{"line":58,"column":22},"end":{"line":133,"column":1}},"84":{"start":{"line":59,"column":2},"end":{"line":132,"column":4}},"85":{"start":{"line":135,"column":0},"end":{"line":135,"column":19}}},"fnMap":{"0":{"name":"(anonymous_10)","decl":{"start":{"line":9,"column":24},"end":{"line":9,"column":27}},"loc":{"start":{"line":9,"column":29},"end":{"line":9,"column":52}}},"1":{"name":"(anonymous_11)","decl":{"start":{"line":9,"column":29},"end":{"line":9,"column":37}},"loc":{"start":{"line":9,"column":29},"end":{"line":9,"column":52}}},"2":{"name":"(anonymous_12)","decl":{"start":{"line":10,"column":25},"end":{"line":10,"column":28}},"loc":{"start":{"line":10,"column":30},"end":{"line":10,"column":54}}},"3":{"name":"(anonymous_13)","decl":{"start":{"line":10,"column":30},"end":{"line":10,"column":38}},"loc":{"start":{"line":10,"column":30},"end":{"line":10,"column":54}}},"4":{"name":"(anonymous_14)","decl":{"start":{"line":11,"column":32},"end":{"line":11,"column":35}},"loc":{"start":{"line":11,"column":37},"end":{"line":11,"column":68}}},"5":{"name":"(anonymous_15)","decl":{"start":{"line":11,"column":37},"end":{"line":11,"column":45}},"loc":{"start":{"line":11,"column":37},"end":{"line":11,"column":68}}},"6":{"name":"(anonymous_16)","decl":{"start":{"line":12,"column":36},"end":{"line":12,"column":39}},"loc":{"start":{"line":12,"column":41},"end":{"line":12,"column":76}}},"7":{"name":"(anonymous_17)","decl":{"start":{"line":12,"column":41},"end":{"line":12,"column":49}},"loc":{"start":{"line":12,"column":41},"end":{"line":12,"column":76}}},"8":{"name":"(anonymous_18)","decl":{"start":{"line":13,"column":34},"end":{"line":13,"column":37}},"loc":{"start":{"line":13,"column":39},"end":{"line":13,"column":72}}},"9":{"name":"(anonymous_19)","decl":{"start":{"line":13,"column":39},"end":{"line":13,"column":47}},"loc":{"start":{"line":13,"column":39},"end":{"line":13,"column":72}}},"10":{"name":"(anonymous_20)","decl":{"start":{"line":14,"column":28},"end":{"line":14,"column":31}},"loc":{"start":{"line":14,"column":33},"end":{"line":14,"column":60}}},"11":{"name":"(anonymous_21)","decl":{"start":{"line":14,"column":33},"end":{"line":14,"column":41}},"loc":{"start":{"line":14,"column":33},"end":{"line":14,"column":60}}},"12":{"name":"(anonymous_22)","decl":{"start":{"line":15,"column":28},"end":{"line":15,"column":31}},"loc":{"start":{"line":15,"column":33},"end":{"line":15,"column":60}}},"13":{"name":"(anonymous_23)","decl":{"start":{"line":15,"column":33},"end":{"line":15,"column":41}},"loc":{"start":{"line":15,"column":33},"end":{"line":15,"column":60}}},"14":{"name":"(anonymous_24)","decl":{"start":{"line":16,"column":33},"end":{"line":16,"column":36}},"loc":{"start":{"line":16,"column":38},"end":{"line":16,"column":70}}},"15":{"name":"(anonymous_25)","decl":{"start":{"line":16,"column":38},"end":{"line":16,"column":46}},"loc":{"start":{"line":16,"column":38},"end":{"line":16,"column":70}}},"16":{"name":"(anonymous_26)","decl":{"start":{"line":17,"column":28},"end":{"line":17,"column":31}},"loc":{"start":{"line":17,"column":33},"end":{"line":17,"column":60}}},"17":{"name":"(anonymous_27)","decl":{"start":{"line":17,"column":33},"end":{"line":17,"column":41}},"loc":{"start":{"line":17,"column":33},"end":{"line":17,"column":60}}},"18":{"name":"(anonymous_28)","decl":{"start":{"line":18,"column":34},"end":{"line":18,"column":37}},"loc":{"start":{"line":18,"column":39},"end":{"line":18,"column":72}}},"19":{"name":"(anonymous_29)","decl":{"start":{"line":18,"column":39},"end":{"line":18,"column":47}},"loc":{"start":{"line":18,"column":39},"end":{"line":18,"column":72}}},"20":{"name":"(anonymous_30)","decl":{"start":{"line":19,"column":27},"end":{"line":19,"column":30}},"loc":{"start":{"line":19,"column":32},"end":{"line":19,"column":58}}},"21":{"name":"(anonymous_31)","decl":{"start":{"line":19,"column":32},"end":{"line":19,"column":40}},"loc":{"start":{"line":19,"column":32},"end":{"line":19,"column":58}}},"22":{"name":"(anonymous_32)","decl":{"start":{"line":20,"column":39},"end":{"line":20,"column":42}},"loc":{"start":{"line":20,"column":44},"end":{"line":20,"column":82}}},"23":{"name":"(anonymous_33)","decl":{"start":{"line":20,"column":44},"end":{"line":20,"column":52}},"loc":{"start":{"line":20,"column":44},"end":{"line":20,"column":82}}},"24":{"name":"(anonymous_34)","decl":{"start":{"line":21,"column":40},"end":{"line":21,"column":43}},"loc":{"start":{"line":21,"column":45},"end":{"line":21,"column":84}}},"25":{"name":"(anonymous_35)","decl":{"start":{"line":21,"column":45},"end":{"line":21,"column":53}},"loc":{"start":{"line":21,"column":45},"end":{"line":21,"column":84}}},"26":{"name":"(anonymous_36)","decl":{"start":{"line":22,"column":38},"end":{"line":22,"column":41}},"loc":{"start":{"line":22,"column":43},"end":{"line":22,"column":80}}},"27":{"name":"(anonymous_37)","decl":{"start":{"line":22,"column":43},"end":{"line":22,"column":51}},"loc":{"start":{"line":22,"column":43},"end":{"line":22,"column":80}}},"28":{"name":"(anonymous_38)","decl":{"start":{"line":23,"column":33},"end":{"line":23,"column":36}},"loc":{"start":{"line":23,"column":38},"end":{"line":23,"column":70}}},"29":{"name":"(anonymous_39)","decl":{"start":{"line":23,"column":38},"end":{"line":23,"column":46}},"loc":{"start":{"line":23,"column":38},"end":{"line":23,"column":70}}},"30":{"name":"(anonymous_40)","decl":{"start":{"line":24,"column":32},"end":{"line":24,"column":35}},"loc":{"start":{"line":24,"column":37},"end":{"line":24,"column":68}}},"31":{"name":"(anonymous_41)","decl":{"start":{"line":24,"column":37},"end":{"line":24,"column":45}},"loc":{"start":{"line":24,"column":37},"end":{"line":24,"column":68}}},"32":{"name":"(anonymous_42)","decl":{"start":{"line":25,"column":36},"end":{"line":25,"column":39}},"loc":{"start":{"line":25,"column":41},"end":{"line":25,"column":76}}},"33":{"name":"(anonymous_43)","decl":{"start":{"line":25,"column":41},"end":{"line":25,"column":49}},"loc":{"start":{"line":25,"column":41},"end":{"line":25,"column":76}}},"34":{"name":"(anonymous_44)","decl":{"start":{"line":26,"column":39},"end":{"line":26,"column":42}},"loc":{"start":{"line":26,"column":44},"end":{"line":26,"column":82}}},"35":{"name":"(anonymous_45)","decl":{"start":{"line":26,"column":44},"end":{"line":26,"column":52}},"loc":{"start":{"line":26,"column":44},"end":{"line":26,"column":82}}},"36":{"name":"(anonymous_46)","decl":{"start":{"line":27,"column":34},"end":{"line":27,"column":37}},"loc":{"start":{"line":27,"column":39},"end":{"line":27,"column":72}}},"37":{"name":"(anonymous_47)","decl":{"start":{"line":27,"column":39},"end":{"line":27,"column":47}},"loc":{"start":{"line":27,"column":39},"end":{"line":27,"column":72}}},"38":{"name":"(anonymous_48)","decl":{"start":{"line":28,"column":32},"end":{"line":28,"column":35}},"loc":{"start":{"line":28,"column":37},"end":{"line":28,"column":68}}},"39":{"name":"(anonymous_49)","decl":{"start":{"line":28,"column":37},"end":{"line":28,"column":45}},"loc":{"start":{"line":28,"column":37},"end":{"line":28,"column":68}}},"40":{"name":"(anonymous_50)","decl":{"start":{"line":29,"column":34},"end":{"line":29,"column":37}},"loc":{"start":{"line":29,"column":39},"end":{"line":29,"column":72}}},"41":{"name":"(anonymous_51)","decl":{"start":{"line":29,"column":39},"end":{"line":29,"column":47}},"loc":{"start":{"line":29,"column":39},"end":{"line":29,"column":72}}},"42":{"name":"(anonymous_52)","decl":{"start":{"line":30,"column":33},"end":{"line":30,"column":36}},"loc":{"start":{"line":30,"column":38},"end":{"line":30,"column":70}}},"43":{"name":"(anonymous_53)","decl":{"start":{"line":30,"column":38},"end":{"line":30,"column":46}},"loc":{"start":{"line":30,"column":38},"end":{"line":30,"column":70}}},"44":{"name":"(anonymous_54)","decl":{"start":{"line":31,"column":31},"end":{"line":31,"column":34}},"loc":{"start":{"line":31,"column":36},"end":{"line":31,"column":66}}},"45":{"name":"(anonymous_55)","decl":{"start":{"line":31,"column":36},"end":{"line":31,"column":44}},"loc":{"start":{"line":31,"column":36},"end":{"line":31,"column":66}}},"46":{"name":"(anonymous_56)","decl":{"start":{"line":32,"column":32},"end":{"line":32,"column":35}},"loc":{"start":{"line":32,"column":37},"end":{"line":32,"column":68}}},"47":{"name":"(anonymous_57)","decl":{"start":{"line":32,"column":37},"end":{"line":32,"column":45}},"loc":{"start":{"line":32,"column":37},"end":{"line":32,"column":68}}},"48":{"name":"(anonymous_58)","decl":{"start":{"line":33,"column":39},"end":{"line":33,"column":42}},"loc":{"start":{"line":33,"column":44},"end":{"line":33,"column":82}}},"49":{"name":"(anonymous_59)","decl":{"start":{"line":33,"column":44},"end":{"line":33,"column":52}},"loc":{"start":{"line":33,"column":44},"end":{"line":33,"column":82}}},"50":{"name":"(anonymous_60)","decl":{"start":{"line":34,"column":35},"end":{"line":34,"column":38}},"loc":{"start":{"line":34,"column":40},"end":{"line":34,"column":74}}},"51":{"name":"(anonymous_61)","decl":{"start":{"line":34,"column":40},"end":{"line":34,"column":48}},"loc":{"start":{"line":34,"column":40},"end":{"line":34,"column":74}}},"52":{"name":"(anonymous_62)","decl":{"start":{"line":35,"column":32},"end":{"line":35,"column":35}},"loc":{"start":{"line":35,"column":37},"end":{"line":35,"column":68}}},"53":{"name":"(anonymous_63)","decl":{"start":{"line":35,"column":37},"end":{"line":35,"column":45}},"loc":{"start":{"line":35,"column":37},"end":{"line":35,"column":68}}},"54":{"name":"(anonymous_64)","decl":{"start":{"line":36,"column":36},"end":{"line":36,"column":39}},"loc":{"start":{"line":36,"column":41},"end":{"line":36,"column":76}}},"55":{"name":"(anonymous_65)","decl":{"start":{"line":36,"column":41},"end":{"line":36,"column":49}},"loc":{"start":{"line":36,"column":41},"end":{"line":36,"column":76}}},"56":{"name":"(anonymous_66)","decl":{"start":{"line":37,"column":29},"end":{"line":37,"column":32}},"loc":{"start":{"line":37,"column":34},"end":{"line":37,"column":62}}},"57":{"name":"(anonymous_67)","decl":{"start":{"line":37,"column":34},"end":{"line":37,"column":42}},"loc":{"start":{"line":37,"column":34},"end":{"line":37,"column":62}}},"58":{"name":"(anonymous_68)","decl":{"start":{"line":39,"column":37},"end":{"line":39,"column":40}},"loc":{"start":{"line":39,"column":42},"end":{"line":39,"column":78}}},"59":{"name":"(anonymous_69)","decl":{"start":{"line":39,"column":42},"end":{"line":39,"column":50}},"loc":{"start":{"line":39,"column":42},"end":{"line":39,"column":78}}},"60":{"name":"(anonymous_70)","decl":{"start":{"line":40,"column":41},"end":{"line":40,"column":44}},"loc":{"start":{"line":40,"column":46},"end":{"line":40,"column":86}}},"61":{"name":"(anonymous_71)","decl":{"start":{"line":40,"column":46},"end":{"line":40,"column":54}},"loc":{"start":{"line":40,"column":46},"end":{"line":40,"column":86}}},"62":{"name":"(anonymous_72)","decl":{"start":{"line":41,"column":35},"end":{"line":41,"column":38}},"loc":{"start":{"line":41,"column":40},"end":{"line":41,"column":74}}},"63":{"name":"(anonymous_73)","decl":{"start":{"line":41,"column":40},"end":{"line":41,"column":48}},"loc":{"start":{"line":41,"column":40},"end":{"line":41,"column":74}}},"64":{"name":"(anonymous_74)","decl":{"start":{"line":42,"column":33},"end":{"line":42,"column":36}},"loc":{"start":{"line":42,"column":38},"end":{"line":42,"column":70}}},"65":{"name":"(anonymous_75)","decl":{"start":{"line":42,"column":38},"end":{"line":42,"column":46}},"loc":{"start":{"line":42,"column":38},"end":{"line":42,"column":70}}},"66":{"name":"(anonymous_76)","decl":{"start":{"line":43,"column":32},"end":{"line":43,"column":35}},"loc":{"start":{"line":43,"column":37},"end":{"line":43,"column":68}}},"67":{"name":"(anonymous_77)","decl":{"start":{"line":43,"column":37},"end":{"line":43,"column":45}},"loc":{"start":{"line":43,"column":37},"end":{"line":43,"column":68}}},"68":{"name":"(anonymous_78)","decl":{"start":{"line":44,"column":28},"end":{"line":44,"column":31}},"loc":{"start":{"line":44,"column":33},"end":{"line":44,"column":60}}},"69":{"name":"(anonymous_79)","decl":{"start":{"line":44,"column":33},"end":{"line":44,"column":41}},"loc":{"start":{"line":44,"column":33},"end":{"line":44,"column":60}}},"70":{"name":"(anonymous_80)","decl":{"start":{"line":45,"column":33},"end":{"line":45,"column":36}},"loc":{"start":{"line":45,"column":38},"end":{"line":45,"column":70}}},"71":{"name":"(anonymous_81)","decl":{"start":{"line":45,"column":38},"end":{"line":45,"column":46}},"loc":{"start":{"line":45,"column":38},"end":{"line":45,"column":70}}},"72":{"name":"(anonymous_82)","decl":{"start":{"line":47,"column":32},"end":{"line":47,"column":35}},"loc":{"start":{"line":47,"column":37},"end":{"line":47,"column":68}}},"73":{"name":"(anonymous_83)","decl":{"start":{"line":47,"column":37},"end":{"line":47,"column":45}},"loc":{"start":{"line":47,"column":37},"end":{"line":47,"column":68}}},"74":{"name":"(anonymous_84)","decl":{"start":{"line":48,"column":29},"end":{"line":48,"column":32}},"loc":{"start":{"line":48,"column":34},"end":{"line":48,"column":62}}},"75":{"name":"(anonymous_85)","decl":{"start":{"line":48,"column":34},"end":{"line":48,"column":42}},"loc":{"start":{"line":48,"column":34},"end":{"line":48,"column":62}}},"76":{"name":"(anonymous_86)","decl":{"start":{"line":49,"column":43},"end":{"line":49,"column":46}},"loc":{"start":{"line":49,"column":48},"end":{"line":49,"column":90}}},"77":{"name":"(anonymous_87)","decl":{"start":{"line":49,"column":48},"end":{"line":49,"column":56}},"loc":{"start":{"line":49,"column":48},"end":{"line":49,"column":90}}},"78":{"name":"(anonymous_88)","decl":{"start":{"line":58,"column":22},"end":{"line":58,"column":25}},"loc":{"start":{"line":58,"column":27},"end":{"line":133,"column":1}}}},"branchMap":{},"s":{"0":1,"1":1,"2":1,"3":1,"4":1,"5":1,"6":2,"7":1,"8":2,"9":1,"10":0,"11":1,"12":0,"13":1,"14":0,"15":1,"16":0,"17":1,"18":2,"19":1,"20":2,"21":1,"22":2,"23":1,"24":2,"25":1,"26":2,"27":1,"28":0,"29":1,"30":0,"31":1,"32":0,"33":1,"34":0,"35":1,"36":0,"37":1,"38":0,"39":1,"40":0,"41":1,"42":0,"43":1,"44":0,"45":1,"46":0,"47":1,"48":0,"49":1,"50":0,"51":1,"52":0,"53":1,"54":0,"55":1,"56":0,"57":1,"58":0,"59":1,"60":0,"61":1,"62":0,"63":1,"64":0,"65":1,"66":0,"67":1,"68":0,"69":1,"70":0,"71":1,"72":0,"73":1,"74":0,"75":1,"76":0,"77":1,"78":0,"79":1,"80":0,"81":1,"82":0,"83":1,"84":7,"85":1},"f":{"0":1,"1":1,"2":1,"3":1,"4":0,"5":0,"6":0,"7":0,"8":0,"9":0,"10":0,"11":0,"12":1,"13":1,"14":1,"15":1,"16":1,"17":1,"18":1,"19":1,"20":1,"21":1,"22":0,"23":0,"24":0,"25":0,"26":0,"27":0,"28":0,"29":0,"30":0,"31":0,"32":0,"33":0,"34":0,"35":0,"36":0,"37":0,"38":0,"39":0,"40":0,"41":0,"42":0,"43":0,"44":0,"45":0,"46":0,"47":0,"48":0,"49":0,"50":0,"51":0,"52":0,"53":0,"54":0,"55":0,"56":0,"57":0,"58":0,"59":0,"60":0,"61":0,"62":0,"63":0,"64":0,"65":0,"66":0,"67":0,"68":0,"69":0,"70":0,"71":0,"72":0,"73":0,"74":0,"75":0,"76":0,"77":0,"78":7},"b":{}}
,"/Volumes/SecondDrive/code2/portfolio-2026/src/config.ts": {"path":"/Volumes/SecondDrive/code2/portfolio-2026/src/config.ts","statementMap":{"0":{"start":{"line":1,"column":13},"end":{"line":17,"column":2}}},"fnMap":{},"branchMap":{"0":{"loc":{"start":{"line":9,"column":20},"end":{"line":9,"column":65}},"type":"binary-expr","locations":[{"start":{"line":9,"column":20},"end":{"line":9,"column":59}},{"start":{"line":9,"column":63},"end":{"line":9,"column":65}}]}},"s":{"0":0},"f":{},"b":{"0":[0,0]}}
,"/Volumes/SecondDrive/code2/portfolio-2026/src/components/ProjectRadarChart.tsx": {"path":"/Volumes/SecondDrive/code2/portfolio-2026/src/components/ProjectRadarChart.tsx","statementMap":{"0":{"start":{"line":1,"column":0},"end":{"line":1,"column":26}},"1":{"start":{"line":2,"column":0},"end":{"line":2,"column":null}},"2":{"start":{"line":18,"column":60},"end":{"line":64,"column":1}},"3":{"start":{"line":19,"column":17},"end":{"line":25,"column":6}},"4":{"start":{"line":27,"column":4},"end":{"line":63,"column":6}},"5":{"start":{"line":66,"column":0},"end":{"line":66,"column":33}}},"fnMap":{"0":{"name":"(anonymous_1)","decl":{"start":{"line":18,"column":60},"end":{"line":18,"column":61}},"loc":{"start":{"line":18,"column":76},"end":{"line":64,"column":1}}}},"branchMap":{},"s":{"0":2,"1":2,"2":2,"3":1,"4":1,"5":2},"f":{"0":1},"b":{}}
,"/Volumes/SecondDrive/code2/portfolio-2026/src/components/RelatedProjects.tsx": {"path":"/Volumes/SecondDrive/code2/portfolio-2026/src/components/RelatedProjects.tsx","statementMap":{"0":{"start":{"line":1,"column":0},"end":{"line":1,"column":26}},"1":{"start":{"line":2,"column":0},"end":{"line":2,"column":42}},"2":{"start":{"line":3,"column":0},"end":{"line":3,"column":40}},"3":{"start":{"line":6,"column":0},"end":{"line":6,"column":39}},"4":{"start":{"line":14,"column":56},"end":{"line":73,"column":1}},"5":{"start":{"line":19,"column":25},"end":{"line":19,"column":73}},"6":{"start":{"line":19,"column":59},"end":{"line":19,"column":72}},"7":{"start":{"line":22,"column":28},"end":{"line":24,"column":17}},"8":{"start":{"line":23,"column":8},"end":{"line":23,"column":42}},"9":{"start":{"line":23,"column":25},"end":{"line":23,"column":41}},"10":{"start":{"line":26,"column":4},"end":{"line":26,"column":50}},"11":{"start":{"line":26,"column":38},"end":{"line":26,"column":50}},"12":{"start":{"line":28,"column":4},"end":{"line":72,"column":6}},"13":{"start":{"line":35,"column":20},"end":{"line":35,"column":43}},"14":{"start":{"line":57,"column":36},"end":{"line":58,"column":null}},"15":{"start":{"line":60,"column":56},"end":{"line":60,"column":75}},"16":{"start":{"line":75,"column":0},"end":{"line":75,"column":31}}},"fnMap":{"0":{"name":"(anonymous_1)","decl":{"start":{"line":14,"column":56},"end":{"line":14,"column":57}},"loc":{"start":{"line":18,"column":5},"end":{"line":73,"column":1}}},"1":{"name":"(anonymous_2)","decl":{"start":{"line":19,"column":37},"end":{"line":19,"column":38}},"loc":{"start":{"line":19,"column":59},"end":{"line":19,"column":72}}},"2":{"name":"(anonymous_3)","decl":{"start":{"line":22,"column":44},"end":{"line":22,"column":45}},"loc":{"start":{"line":23,"column":8},"end":{"line":23,"column":42}}},"3":{"name":"(anonymous_4)","decl":{"start":{"line":23,"column":20},"end":{"line":23,"column":21}},"loc":{"start":{"line":23,"column":25},"end":{"line":23,"column":41}}},"4":{"name":"(anonymous_5)","decl":{"start":{"line":34,"column":37},"end":{"line":34,"column":38}},"loc":{"start":{"line":35,"column":20},"end":{"line":35,"column":43}}},"5":{"name":"(anonymous_6)","decl":{"start":{"line":56,"column":62},"end":{"line":56,"column":65}},"loc":{"start":{"line":57,"column":36},"end":{"line":58,"column":null}}},"6":{"name":"(anonymous_7)","decl":{"start":{"line":60,"column":49},"end":{"line":60,"column":50}},"loc":{"start":{"line":60,"column":56},"end":{"line":60,"column":75}}}},"branchMap":{"0":{"loc":{"start":{"line":15,"column":4},"end":{"line":15,"column":18}},"type":"default-arg","locations":[{"start":{"line":15,"column":16},"end":{"line":15,"column":18}}]},"1":{"loc":{"start":{"line":17,"column":4},"end":{"line":17,"column":30}},"type":"default-arg","locations":[{"start":{"line":17,"column":12},"end":{"line":17,"column":30}}]},"2":{"loc":{"start":{"line":26,"column":4},"end":{"line":26,"column":50}},"type":"if","locations":[{"start":{"line":26,"column":4},"end":{"line":26,"column":50}}]}},"s":{"0":0,"1":0,"2":0,"3":0,"4":0,"5":0,"6":0,"7":0,"8":0,"9":0,"10":0,"11":0,"12":0,"13":0,"14":0,"15":0,"16":0},"f":{"0":0,"1":0,"2":0,"3":0,"4":0,"5":0,"6":0},"b":{"0":[0],"1":[0],"2":[0]}}
,"/Volumes/SecondDrive/code2/portfolio-2026/src/components/WorkingStyleRadarChart.tsx": {"path":"/Volumes/SecondDrive/code2/portfolio-2026/src/components/WorkingStyleRadarChart.tsx","statementMap":{"0":{"start":{"line":1,"column":0},"end":{"line":1,"column":26}},"1":{"start":{"line":2,"column":0},"end":{"line":2,"column":null}},"2":{"start":{"line":13,"column":0},"end":{"line":13,"column":39}},"3":{"start":{"line":15,"column":13},"end":{"line":40,"column":2}},"4":{"start":{"line":42,"column":41},"end":{"line":87,"column":1}},"5":{"start":{"line":43,"column":4},"end":{"line":86,"column":6}},"6":{"start":{"line":89,"column":0},"end":{"line":89,"column":38}}},"fnMap":{"0":{"name":"(anonymous_1)","decl":{"start":{"line":42,"column":41},"end":{"line":42,"column":44}},"loc":{"start":{"line":42,"column":46},"end":{"line":87,"column":1}}}},"branchMap":{},"s":{"0":1,"1":1,"2":1,"3":1,"4":1,"5":1,"6":1},"f":{"0":1},"b":{}}
,"/Volumes/SecondDrive/code2/portfolio-2026/src/components/Layout/Layout.tsx": {"path":"/Volumes/SecondDrive/code2/portfolio-2026/src/components/Layout/Layout.tsx","statementMap":{"0":{"start":{"line":1,"column":0},"end":{"line":1,"column":26}},"1":{"start":{"line":3,"column":0},"end":{"line":3,"column":58}},"2":{"start":{"line":4,"column":0},"end":{"line":4,"column":50}},"3":{"start":{"line":5,"column":0},"end":{"line":5,"column":30}},"4":{"start":{"line":21,"column":38},"end":{"line":49,"column":1}},"5":{"start":{"line":22,"column":2},"end":{"line":48,"column":4}},"6":{"start":{"line":51,"column":0},"end":{"line":51,"column":22}}},"fnMap":{"0":{"name":"(anonymous_1)","decl":{"start":{"line":21,"column":38},"end":{"line":21,"column":39}},"loc":{"start":{"line":21,"column":55},"end":{"line":49,"column":1}}}},"branchMap":{},"s":{"0":1,"1":1,"2":1,"3":1,"4":1,"5":7,"6":1},"f":{"0":7},"b":{}}
,"/Volumes/SecondDrive/code2/portfolio-2026/src/components/Layout/Navbar.tsx": {"path":"/Volumes/SecondDrive/code2/portfolio-2026/src/components/Layout/Navbar.tsx","statementMap":{"0":{"start":{"line":1,"column":0},"end":{"line":1,"column":51}},"1":{"start":{"line":2,"column":0},"end":{"line":2,"column":53}},"2":{"start":{"line":14,"column":25},"end":{"line":122,"column":1}},"3":{"start":{"line":15,"column":19},"end":{"line":15,"column":32}},"4":{"start":{"line":16,"column":34},"end":{"line":16,"column":49}},"5":{"start":{"line":17,"column":46},"end":{"line":17,"column":61}},"6":{"start":{"line":20,"column":2},"end":{"line":26,"column":9}},"7":{"start":{"line":21,"column":25},"end":{"line":23,"column":5}},"8":{"start":{"line":22,"column":6},"end":{"line":22,"column":39}},"9":{"start":{"line":24,"column":4},"end":{"line":24,"column":52}},"10":{"start":{"line":25,"column":4},"end":{"line":25,"column":68}},"11":{"start":{"line":25,"column":17},"end":{"line":25,"column":67}},"12":{"start":{"line":28,"column":19},"end":{"line":35,"column":4}},"13":{"start":{"line":37,"column":19},"end":{"line":40,"column":3}},"14":{"start":{"line":38,"column":4},"end":{"line":38,"column":64}},"15":{"start":{"line":38,"column":51},"end":{"line":38,"column":64}},"16":{"start":{"line":39,"column":4},"end":{"line":39,"column":46}},"17":{"start":{"line":42,"column":2},"end":{"line":121,"column":4}},"18":{"start":{"line":63,"column":14},"end":{"line":63,"column":null}},"19":{"start":{"line":81,"column":27},"end":{"line":81,"column":61}},"20":{"start":{"line":104,"column":16},"end":{"line":104,"column":null}},"21":{"start":{"line":107,"column":35},"end":{"line":107,"column":59}},"22":{"start":{"line":124,"column":0},"end":{"line":124,"column":22}}},"fnMap":{"0":{"name":"(anonymous_9)","decl":{"start":{"line":14,"column":25},"end":{"line":14,"column":28}},"loc":{"start":{"line":14,"column":30},"end":{"line":122,"column":1}}},"1":{"name":"(anonymous_10)","decl":{"start":{"line":20,"column":12},"end":{"line":20,"column":15}},"loc":{"start":{"line":20,"column":17},"end":{"line":26,"column":3}}},"2":{"name":"(anonymous_11)","decl":{"start":{"line":21,"column":25},"end":{"line":21,"column":28}},"loc":{"start":{"line":21,"column":30},"end":{"line":23,"column":5}}},"3":{"name":"(anonymous_12)","decl":{"start":{"line":25,"column":11},"end":{"line":25,"column":14}},"loc":{"start":{"line":25,"column":17},"end":{"line":25,"column":67}}},"4":{"name":"(anonymous_13)","decl":{"start":{"line":37,"column":19},"end":{"line":37,"column":20}},"loc":{"start":{"line":37,"column":36},"end":{"line":40,"column":3}}},"5":{"name":"(anonymous_14)","decl":{"start":{"line":62,"column":26},"end":{"line":62,"column":27}},"loc":{"start":{"line":63,"column":14},"end":{"line":63,"column":null}}},"6":{"name":"(anonymous_15)","decl":{"start":{"line":81,"column":21},"end":{"line":81,"column":24}},"loc":{"start":{"line":81,"column":27},"end":{"line":81,"column":61}}},"7":{"name":"(anonymous_16)","decl":{"start":{"line":103,"column":28},"end":{"line":103,"column":29}},"loc":{"start":{"line":104,"column":16},"end":{"line":104,"column":null}}},"8":{"name":"(anonymous_17)","decl":{"start":{"line":107,"column":29},"end":{"line":107,"column":32}},"loc":{"start":{"line":107,"column":35},"end":{"line":107,"column":59}}}},"branchMap":{"0":{"loc":{"start":{"line":38,"column":4},"end":{"line":38,"column":64}},"type":"if","locations":[{"start":{"line":38,"column":4},"end":{"line":38,"column":64}}]},"1":{"loc":{"start":{"line":38,"column":8},"end":{"line":38,"column":49}},"type":"binary-expr","locations":[{"start":{"line":38,"column":8},"end":{"line":38,"column":20}},{"start":{"line":38,"column":24},"end":{"line":38,"column":49}}]},"2":{"loc":{"start":{"line":45,"column":91},"end":{"line":47,"column":null}},"type":"cond-expr","locations":[{"start":{"line":46,"column":14},"end":{"line":46,"column":70}},{"start":{"line":47,"column":14},"end":{"line":47,"column":null}}]},"3":{"loc":{"start":{"line":66,"column":168},"end":{"line":68,"column":null}},"type":"cond-expr","locations":[{"start":{"line":67,"column":24},"end":{"line":67,"column":83}},{"start":{"line":68,"column":24},"end":{"line":68,"column":null}}]},"4":{"loc":{"start":{"line":70,"column":32},"end":{"line":70,"column":72}},"type":"cond-expr","locations":[{"start":{"line":70,"column":54},"end":{"line":70,"column":60}},{"start":{"line":70,"column":63},"end":{"line":70,"column":72}}]},"5":{"loc":{"start":{"line":87,"column":15},"end":{"line":90,"column":null}},"type":"cond-expr","locations":[{"start":{"line":88,"column":16},"end":{"line":88,"column":110}},{"start":{"line":90,"column":16},"end":{"line":90,"column":113}}]},"6":{"loc":{"start":{"line":97,"column":9},"end":{"line":117,"column":null}},"type":"binary-expr","locations":[{"start":{"line":97,"column":9},"end":{"line":97,"column":23}},{"start":{"line":98,"column":10},"end":{"line":116,"column":null}}]},"7":{"loc":{"start":{"line":108,"column":142},"end":{"line":108,"column":null}},"type":"cond-expr","locations":[{"start":{"line":108,"column":164},"end":{"line":108,"column":181}},{"start":{"line":108,"column":184},"end":{"line":108,"column":null}}]},"8":{"loc":{"start":{"line":110,"column":34},"end":{"line":110,"column":74}},"type":"cond-expr","locations":[{"start":{"line":110,"column":56},"end":{"line":110,"column":62}},{"start":{"line":110,"column":65},"end":{"line":110,"column":74}}]}},"s":{"0":1,"1":1,"2":1,"3":7,"4":7,"5":7,"6":7,"7":7,"8":0,"9":7,"10":7,"11":7,"12":7,"13":7,"14":84,"15":12,"16":72,"17":7,"18":42,"19":0,"20":0,"21":0,"22":1},"f":{"0":7,"1":7,"2":0,"3":7,"4":84,"5":42,"6":0,"7":0,"8":0},"b":{"0":[12],"1":[84,14],"2":[0,7],"3":[9,33],"4":[9,33],"5":[0,7],"6":[7,0],"7":[0,0],"8":[0,0]}}
,"/Volumes/SecondDrive/code2/portfolio-2026/src/components/SEO/SEO.tsx": {"path":"/Volumes/SecondDrive/code2/portfolio-2026/src/components/SEO/SEO.tsx","statementMap":{"0":{"start":{"line":1,"column":0},"end":{"line":1,"column":34}},"1":{"start":{"line":2,"column":0},"end":{"line":2,"column":26}},"2":{"start":{"line":3,"column":0},"end":{"line":3,"column":44}},"3":{"start":{"line":23,"column":32},"end":{"line":65,"column":1}},"4":{"start":{"line":31,"column":24},"end":{"line":31,"column":30}},"5":{"start":{"line":32,"column":22},"end":{"line":32,"column":47}},"6":{"start":{"line":33,"column":20},"end":{"line":33,"column":101}},"7":{"start":{"line":35,"column":4},"end":{"line":64,"column":6}},"8":{"start":{"line":67,"column":0},"end":{"line":67,"column":19}}},"fnMap":{"0":{"name":"(anonymous_1)","decl":{"start":{"line":23,"column":32},"end":{"line":23,"column":33}},"loc":{"start":{"line":30,"column":5},"end":{"line":65,"column":1}}}},"branchMap":{"0":{"loc":{"start":{"line":26,"column":4},"end":{"line":26,"column":29}},"type":"default-arg","locations":[{"start":{"line":26,"column":12},"end":{"line":26,"column":29}}]},"1":{"loc":{"start":{"line":29,"column":4},"end":{"line":29,"column":20}},"type":"default-arg","locations":[{"start":{"line":29,"column":11},"end":{"line":29,"column":20}}]},"2":{"loc":{"start":{"line":33,"column":20},"end":{"line":33,"column":101}},"type":"cond-expr","locations":[{"start":{"line":33,"column":32},"end":{"line":33,"column":41}},{"start":{"line":33,"column":44},"end":{"line":33,"column":101}}]},"3":{"loc":{"start":{"line":33,"column":44},"end":{"line":33,"column":101}},"type":"cond-expr","locations":[{"start":{"line":33,"column":76},"end":{"line":33,"column":96}},{"start":{"line":33,"column":99},"end":{"line":33,"column":101}}]},"4":{"loc":{"start":{"line":40,"column":13},"end":{"line":40,"column":67}},"type":"binary-expr","locations":[{"start":{"line":40,"column":13},"end":{"line":40,"column":22}},{"start":{"line":40,"column":26},"end":{"line":40,"column":67}}]},"5":{"loc":{"start":{"line":48,"column":13},"end":{"line":48,"column":81}},"type":"binary-expr","locations":[{"start":{"line":48,"column":13},"end":{"line":48,"column":18}},{"start":{"line":48,"column":22},"end":{"line":48,"column":81}}]},"6":{"loc":{"start":{"line":55,"column":13},"end":{"line":55,"column":82}},"type":"binary-expr","locations":[{"start":{"line":55,"column":13},"end":{"line":55,"column":18}},{"start":{"line":55,"column":22},"end":{"line":55,"column":82}}]},"7":{"loc":{"start":{"line":58,"column":13},"end":{"line":61,"column":null}},"type":"binary-expr","locations":[{"start":{"line":58,"column":13},"end":{"line":58,"column":19}},{"start":{"line":59,"column":16},"end":{"line":60,"column":null}}]}},"s":{"0":3,"1":3,"2":3,"3":3,"4":10,"5":10,"6":10,"7":10,"8":3},"f":{"0":10},"b":{"0":[8],"1":[6],"2":[6,4],"3":[4,0],"4":[10,6],"5":[10,9],"6":[10,9],"7":[10,10]}}
,"/Volumes/SecondDrive/code2/portfolio-2026/src/components/UI/GlassCard.tsx": {"path":"/Volumes/SecondDrive/code2/portfolio-2026/src/components/UI/GlassCard.tsx","statementMap":{"0":{"start":{"line":1,"column":0},"end":{"line":1,"column":26}},"1":{"start":{"line":23,"column":44},"end":{"line":61,"column":1}},"2":{"start":{"line":24,"column":22},"end":{"line":24,"column":166}},"3":{"start":{"line":25,"column":23},"end":{"line":25,"column":119}},"4":{"start":{"line":26,"column":29},"end":{"line":26,"column":130}},"5":{"start":{"line":29,"column":4},"end":{"line":40,"column":null}},"6":{"start":{"line":44,"column":2},"end":{"line":54,"column":3}},"7":{"start":{"line":45,"column":4},"end":{"line":53,"column":6}},"8":{"start":{"line":56,"column":2},"end":{"line":60,"column":4}},"9":{"start":{"line":63,"column":0},"end":{"line":63,"column":37}}},"fnMap":{"0":{"name":"(anonymous_1)","decl":{"start":{"line":23,"column":44},"end":{"line":23,"column":45}},"loc":{"start":{"line":23,"column":107},"end":{"line":61,"column":1}}}},"branchMap":{"0":{"loc":{"start":{"line":23,"column":57},"end":{"line":23,"column":71}},"type":"default-arg","locations":[{"start":{"line":23,"column":69},"end":{"line":23,"column":71}}]},"1":{"loc":{"start":{"line":23,"column":73},"end":{"line":23,"column":92}},"type":"default-arg","locations":[{"start":{"line":23,"column":87},"end":{"line":23,"column":92}}]},"2":{"loc":{"start":{"line":25,"column":23},"end":{"line":25,"column":119}},"type":"cond-expr","locations":[{"start":{"line":25,"column":37},"end":{"line":25,"column":114}},{"start":{"line":25,"column":117},"end":{"line":25,"column":119}}]},"3":{"loc":{"start":{"line":26,"column":29},"end":{"line":26,"column":130}},"type":"cond-expr","locations":[{"start":{"line":26,"column":39},"end":{"line":26,"column":125}},{"start":{"line":26,"column":128},"end":{"line":26,"column":130}}]},"4":{"loc":{"start":{"line":44,"column":2},"end":{"line":54,"column":3}},"type":"if","locations":[{"start":{"line":44,"column":2},"end":{"line":54,"column":3}}]}},"s":{"0":3,"1":3,"2":94,"3":94,"4":94,"5":94,"6":94,"7":0,"8":94,"9":3},"f":{"0":94},"b":{"0":[0],"1":[14],"2":[77,17],"3":[0,94],"4":[0]}}
,"/Volumes/SecondDrive/code2/portfolio-2026/src/components/UI/LoadingScreen.tsx": {"path":"/Volumes/SecondDrive/code2/portfolio-2026/src/components/UI/LoadingScreen.tsx","statementMap":{"0":{"start":{"line":1,"column":0},"end":{"line":1,"column":26}},"1":{"start":{"line":9,"column":32},"end":{"line":19,"column":null}},"2":{"start":{"line":10,"column":2},"end":{"line":18,"column":null}},"3":{"start":{"line":22,"column":0},"end":{"line":22,"column":41}}},"fnMap":{"0":{"name":"(anonymous_1)","decl":{"start":{"line":9,"column":32},"end":{"line":9,"column":35}},"loc":{"start":{"line":10,"column":2},"end":{"line":18,"column":null}}}},"branchMap":{},"s":{"0":1,"1":1,"2":7,"3":1},"f":{"0":7},"b":{}}
,"/Volumes/SecondDrive/code2/portfolio-2026/src/components/UI/RouteAnnouncer.tsx": {"path":"/Volumes/SecondDrive/code2/portfolio-2026/src/components/UI/RouteAnnouncer.tsx","statementMap":{"0":{"start":{"line":1,"column":0},"end":{"line":1,"column":51}},"1":{"start":{"line":2,"column":0},"end":{"line":2,"column":47}},"2":{"start":{"line":10,"column":33},"end":{"line":33,"column":1}},"3":{"start":{"line":11,"column":19},"end":{"line":11,"column":32}},"4":{"start":{"line":12,"column":42},"end":{"line":12,"column":54}},"5":{"start":{"line":14,"column":2},"end":{"line":21,"column":17}},"6":{"start":{"line":16,"column":21},"end":{"line":16,"column":111}},"7":{"start":{"line":18,"column":26},"end":{"line":18,"column":78}},"8":{"start":{"line":20,"column":4},"end":{"line":20,"column":53}},"9":{"start":{"line":23,"column":2},"end":{"line":32,"column":4}},"10":{"start":{"line":35,"column":0},"end":{"line":35,"column":30}}},"fnMap":{"0":{"name":"(anonymous_9)","decl":{"start":{"line":10,"column":33},"end":{"line":10,"column":36}},"loc":{"start":{"line":10,"column":38},"end":{"line":33,"column":1}}},"1":{"name":"(anonymous_10)","decl":{"start":{"line":14,"column":12},"end":{"line":14,"column":15}},"loc":{"start":{"line":14,"column":17},"end":{"line":21,"column":3}}}},"branchMap":{"0":{"loc":{"start":{"line":16,"column":21},"end":{"line":16,"column":111}},"type":"cond-expr","locations":[{"start":{"line":16,"column":49},"end":{"line":16,"column":55}},{"start":{"line":16,"column":58},"end":{"line":16,"column":111}}]}},"s":{"0":1,"1":1,"2":1,"3":14,"4":14,"5":14,"6":7,"7":7,"8":7,"9":14,"10":1},"f":{"0":14,"1":7},"b":{"0":[1,6]}}
,"/Volumes/SecondDrive/code2/portfolio-2026/src/components/Utils/ScrollToTop.tsx": {"path":"/Volumes/SecondDrive/code2/portfolio-2026/src/components/Utils/ScrollToTop.tsx","statementMap":{"0":{"start":{"line":1,"column":0},"end":{"line":1,"column":34}},"1":{"start":{"line":2,"column":0},"end":{"line":2,"column":47}},"2":{"start":{"line":10,"column":20},"end":{"line":18,"column":1}},"3":{"start":{"line":11,"column":25},"end":{"line":11,"column":38}},"4":{"start":{"line":13,"column":4},"end":{"line":15,"column":19}},"5":{"start":{"line":14,"column":8},"end":{"line":14,"column":30}},"6":{"start":{"line":17,"column":4},"end":{"line":17,"column":16}},"7":{"start":{"line":20,"column":0},"end":{"line":20,"column":27}}},"fnMap":{"0":{"name":"(anonymous_0)","decl":{"start":{"line":10,"column":20},"end":{"line":10,"column":23}},"loc":{"start":{"line":10,"column":25},"end":{"line":18,"column":1}}},"1":{"name":"(anonymous_1)","decl":{"start":{"line":13,"column":14},"end":{"line":13,"column":17}},"loc":{"start":{"line":13,"column":19},"end":{"line":15,"column":5}}}},"branchMap":{},"s":{"0":1,"1":1,"2":1,"3":7,"4":7,"5":7,"6":7,"7":1},"f":{"0":7,"1":7},"b":{}}
,"/Volumes/SecondDrive/code2/portfolio-2026/src/data/appContent.ts": {"path":"/Volumes/SecondDrive/code2/portfolio-2026/src/data/appContent.ts","statementMap":{"0":{"start":{"line":10,"column":13},"end":{"line":250,"column":2}}},"fnMap":{},"branchMap":{},"s":{"0":0},"f":{},"b":{}}
,"/Volumes/SecondDrive/code2/portfolio-2026/src/pages/About.tsx": {"path":"/Volumes/SecondDrive/code2/portfolio-2026/src/pages/About.tsx","statementMap":{"0":{"start":{"line":1,"column":0},"end":{"line":1,"column":26}},"1":{"start":{"line":2,"column":0},"end":{"line":2,"column":42}},"2":{"start":{"line":3,"column":0},"end":{"line":3,"column":40}},"3":{"start":{"line":5,"column":0},"end":{"line":5,"column":40}},"4":{"start":{"line":6,"column":0},"end":{"line":6,"column":51}},"5":{"start":{"line":7,"column":0},"end":{"line":7,"column":74}},"6":{"start":{"line":13,"column":24},"end":{"line":267,"column":1}},"7":{"start":{"line":14,"column":45},"end":{"line":14,"column":93}},"8":{"start":{"line":14,"column":79},"end":{"line":14,"column":92}},"9":{"start":{"line":17,"column":29},"end":{"line":20,"column":3}},"10":{"start":{"line":18,"column":4},"end":{"line":18,"column":46}},"11":{"start":{"line":18,"column":36},"end":{"line":18,"column":46}},"12":{"start":{"line":19,"column":4},"end":{"line":19,"column":80}},"13":{"start":{"line":19,"column":32},"end":{"line":19,"column":66}},"14":{"start":{"line":19,"column":49},"end":{"line":19,"column":65}},"15":{"start":{"line":22,"column":2},"end":{"line":266,"column":4}},"16":{"start":{"line":123,"column":30},"end":{"line":123,"column":66}},"17":{"start":{"line":126,"column":16},"end":{"line":155,"column":null}},"18":{"start":{"line":141,"column":26},"end":{"line":141,"column":null}},"19":{"start":{"line":159,"column":14},"end":{"line":167,"column":16}},"20":{"start":{"line":177,"column":30},"end":{"line":177,"column":66}},"21":{"start":{"line":179,"column":14},"end":{"line":205,"column":16}},"22":{"start":{"line":184,"column":22},"end":{"line":184,"column":37}},"23":{"start":{"line":197,"column":26},"end":{"line":197,"column":43}},"24":{"start":{"line":227,"column":20},"end":{"line":227,"column":34}},"25":{"start":{"line":243,"column":14},"end":{"line":243,"column":33}},"26":{"start":{"line":269,"column":0},"end":{"line":269,"column":21}}},"fnMap":{"0":{"name":"(anonymous_1)","decl":{"start":{"line":13,"column":24},"end":{"line":13,"column":27}},"loc":{"start":{"line":13,"column":29},"end":{"line":267,"column":1}}},"1":{"name":"(anonymous_2)","decl":{"start":{"line":14,"column":57},"end":{"line":14,"column":58}},"loc":{"start":{"line":14,"column":79},"end":{"line":14,"column":92}}},"2":{"name":"(anonymous_3)","decl":{"start":{"line":17,"column":29},"end":{"line":17,"column":30}},"loc":{"start":{"line":17,"column":60},"end":{"line":20,"column":3}}},"3":{"name":"(anonymous_4)","decl":{"start":{"line":19,"column":27},"end":{"line":19,"column":28}},"loc":{"start":{"line":19,"column":32},"end":{"line":19,"column":66}}},"4":{"name":"(anonymous_5)","decl":{"start":{"line":19,"column":44},"end":{"line":19,"column":45}},"loc":{"start":{"line":19,"column":49},"end":{"line":19,"column":65}}},"5":{"name":"(anonymous_6)","decl":{"start":{"line":122,"column":50},"end":{"line":122,"column":51}},"loc":{"start":{"line":122,"column":64},"end":{"line":168,"column":13}}},"6":{"name":"(anonymous_7)","decl":{"start":{"line":140,"column":37},"end":{"line":140,"column":38}},"loc":{"start":{"line":141,"column":26},"end":{"line":141,"column":null}}},"7":{"name":"(anonymous_8)","decl":{"start":{"line":176,"column":50},"end":{"line":176,"column":51}},"loc":{"start":{"line":176,"column":64},"end":{"line":206,"column":13}}},"8":{"name":"(anonymous_9)","decl":{"start":{"line":183,"column":36},"end":{"line":183,"column":37}},"loc":{"start":{"line":184,"column":22},"end":{"line":184,"column":37}}},"9":{"name":"(anonymous_10)","decl":{"start":{"line":196,"column":37},"end":{"line":196,"column":38}},"loc":{"start":{"line":197,"column":26},"end":{"line":197,"column":43}}},"10":{"name":"(anonymous_11)","decl":{"start":{"line":226,"column":59},"end":{"line":226,"column":60}},"loc":{"start":{"line":227,"column":20},"end":{"line":227,"column":34}}},"11":{"name":"(anonymous_12)","decl":{"start":{"line":242,"column":24},"end":{"line":242,"column":25}},"loc":{"start":{"line":243,"column":14},"end":{"line":243,"column":33}}}},"branchMap":{"0":{"loc":{"start":{"line":18,"column":4},"end":{"line":18,"column":46}},"type":"if","locations":[{"start":{"line":18,"column":4},"end":{"line":18,"column":46}}]},"1":{"loc":{"start":{"line":18,"column":8},"end":{"line":18,"column":34}},"type":"binary-expr","locations":[{"start":{"line":18,"column":8},"end":{"line":18,"column":13}},{"start":{"line":18,"column":17},"end":{"line":18,"column":34}}]},"2":{"loc":{"start":{"line":126,"column":93},"end":{"line":126,"column":126}},"type":"cond-expr","locations":[{"start":{"line":126,"column":105},"end":{"line":126,"column":121}},{"start":{"line":126,"column":124},"end":{"line":126,"column":126}}]},"3":{"loc":{"start":{"line":136,"column":19},"end":{"line":148,"column":null}},"type":"binary-expr","locations":[{"start":{"line":136,"column":19},"end":{"line":136,"column":37}},{"start":{"line":137,"column":20},"end":{"line":147,"column":null}}]},"4":{"loc":{"start":{"line":151,"column":19},"end":{"line":154,"column":null}},"type":"binary-expr","locations":[{"start":{"line":151,"column":19},"end":{"line":151,"column":28}},{"start":{"line":152,"column":20},"end":{"line":153,"column":null}}]},"5":{"loc":{"start":{"line":159,"column":21},"end":{"line":166,"column":null}},"type":"cond-expr","locations":[{"start":{"line":160,"column":16},"end":{"line":160,"column":47}},{"start":{"line":164,"column":16},"end":{"line":164,"column":31}}]},"6":{"loc":{"start":{"line":192,"column":19},"end":{"line":202,"column":null}},"type":"binary-expr","locations":[{"start":{"line":192,"column":19},"end":{"line":192,"column":37}},{"start":{"line":193,"column":20},"end":{"line":201,"column":null}}]}},"s":{"0":1,"1":1,"2":1,"3":1,"4":1,"5":1,"6":1,"7":1,"8":2,"9":1,"10":8,"11":0,"12":8,"13":512,"14":2237,"15":1,"16":3,"17":3,"18":9,"19":3,"20":5,"21":5,"22":25,"23":15,"24":3,"25":5,"26":1},"f":{"0":1,"1":2,"2":8,"3":512,"4":2237,"5":3,"6":9,"7":5,"8":25,"9":15,"10":3,"11":5},"b":{"0":[0],"1":[8,8],"2":[3,0],"3":[3,3],"4":[3,3],"5":[3,0],"6":[5,5]}}
,"/Volumes/SecondDrive/code2/portfolio-2026/src/pages/BetterMorale.tsx": {"path":"/Volumes/SecondDrive/code2/portfolio-2026/src/pages/BetterMorale.tsx","statementMap":{"0":{"start":{"line":1,"column":0},"end":{"line":1,"column":26}},"1":{"start":{"line":2,"column":0},"end":{"line":2,"column":40}},"2":{"start":{"line":4,"column":0},"end":{"line":4,"column":60}},"3":{"start":{"line":5,"column":0},"end":{"line":5,"column":40}},"4":{"start":{"line":6,"column":0},"end":{"line":6,"column":51}},"5":{"start":{"line":8,"column":31},"end":{"line":86,"column":1}},"6":{"start":{"line":9,"column":4},"end":{"line":85,"column":6}},"7":{"start":{"line":88,"column":0},"end":{"line":88,"column":28}}},"fnMap":{"0":{"name":"(anonymous_1)","decl":{"start":{"line":8,"column":31},"end":{"line":8,"column":34}},"loc":{"start":{"line":8,"column":36},"end":{"line":86,"column":1}}}},"branchMap":{},"s":{"0":0,"1":0,"2":0,"3":0,"4":0,"5":0,"6":0,"7":0},"f":{"0":0},"b":{}}
,"/Volumes/SecondDrive/code2/portfolio-2026/src/pages/CDCPipelines.tsx": {"path":"/Volumes/SecondDrive/code2/portfolio-2026/src/pages/CDCPipelines.tsx","statementMap":{"0":{"start":{"line":1,"column":0},"end":{"line":1,"column":26}},"1":{"start":{"line":2,"column":0},"end":{"line":2,"column":40}},"2":{"start":{"line":4,"column":0},"end":{"line":4,"column":60}},"3":{"start":{"line":5,"column":0},"end":{"line":5,"column":40}},"4":{"start":{"line":6,"column":0},"end":{"line":6,"column":51}},"5":{"start":{"line":8,"column":31},"end":{"line":90,"column":1}},"6":{"start":{"line":9,"column":4},"end":{"line":89,"column":6}},"7":{"start":{"line":92,"column":0},"end":{"line":92,"column":28}}},"fnMap":{"0":{"name":"(anonymous_1)","decl":{"start":{"line":8,"column":31},"end":{"line":8,"column":34}},"loc":{"start":{"line":8,"column":36},"end":{"line":90,"column":1}}}},"branchMap":{},"s":{"0":0,"1":0,"2":0,"3":0,"4":0,"5":0,"6":0,"7":0},"f":{"0":0},"b":{}}
,"/Volumes/SecondDrive/code2/portfolio-2026/src/pages/CloudArchitecture.tsx": {"path":"/Volumes/SecondDrive/code2/portfolio-2026/src/pages/CloudArchitecture.tsx","statementMap":{"0":{"start":{"line":1,"column":0},"end":{"line":1,"column":26}},"1":{"start":{"line":2,"column":0},"end":{"line":2,"column":40}},"2":{"start":{"line":4,"column":0},"end":{"line":4,"column":60}},"3":{"start":{"line":5,"column":0},"end":{"line":5,"column":40}},"4":{"start":{"line":6,"column":0},"end":{"line":6,"column":51}},"5":{"start":{"line":8,"column":36},"end":{"line":128,"column":1}},"6":{"start":{"line":9,"column":4},"end":{"line":127,"column":6}},"7":{"start":{"line":130,"column":0},"end":{"line":130,"column":33}}},"fnMap":{"0":{"name":"(anonymous_1)","decl":{"start":{"line":8,"column":36},"end":{"line":8,"column":39}},"loc":{"start":{"line":8,"column":41},"end":{"line":128,"column":1}}}},"branchMap":{},"s":{"0":0,"1":0,"2":0,"3":0,"4":0,"5":0,"6":0,"7":0},"f":{"0":0},"b":{}}
,"/Volumes/SecondDrive/code2/portfolio-2026/src/pages/ComponentLibrary.tsx": {"path":"/Volumes/SecondDrive/code2/portfolio-2026/src/pages/ComponentLibrary.tsx","statementMap":{"0":{"start":{"line":1,"column":0},"end":{"line":1,"column":26}},"1":{"start":{"line":2,"column":0},"end":{"line":2,"column":40}},"2":{"start":{"line":4,"column":0},"end":{"line":4,"column":60}},"3":{"start":{"line":5,"column":0},"end":{"line":5,"column":40}},"4":{"start":{"line":6,"column":0},"end":{"line":6,"column":51}},"5":{"start":{"line":8,"column":35},"end":{"line":90,"column":1}},"6":{"start":{"line":9,"column":4},"end":{"line":89,"column":6}},"7":{"start":{"line":92,"column":0},"end":{"line":92,"column":32}}},"fnMap":{"0":{"name":"(anonymous_1)","decl":{"start":{"line":8,"column":35},"end":{"line":8,"column":38}},"loc":{"start":{"line":8,"column":40},"end":{"line":90,"column":1}}}},"branchMap":{},"s":{"0":0,"1":0,"2":0,"3":0,"4":0,"5":0,"6":0,"7":0},"f":{"0":0},"b":{}}
,"/Volumes/SecondDrive/code2/portfolio-2026/src/pages/Contact.tsx": {"path":"/Volumes/SecondDrive/code2/portfolio-2026/src/pages/Contact.tsx","statementMap":{"0":{"start":{"line":1,"column":0},"end":{"line":1,"column":34}},"1":{"start":{"line":2,"column":0},"end":{"line":2,"column":40}},"2":{"start":{"line":3,"column":0},"end":{"line":3,"column":47}},"3":{"start":{"line":5,"column":0},"end":{"line":5,"column":40}},"4":{"start":{"line":6,"column":0},"end":{"line":6,"column":51}},"5":{"start":{"line":11,"column":26},"end":{"line":119,"column":1}},"6":{"start":{"line":12,"column":42},"end":{"line":12,"column":71}},"7":{"start":{"line":14,"column":30},"end":{"line":16,"column":3}},"8":{"start":{"line":15,"column":4},"end":{"line":15,"column":27}},"9":{"start":{"line":18,"column":2},"end":{"line":118,"column":4}},"10":{"start":{"line":121,"column":0},"end":{"line":121,"column":23}}},"fnMap":{"0":{"name":"(anonymous_10)","decl":{"start":{"line":11,"column":26},"end":{"line":11,"column":29}},"loc":{"start":{"line":11,"column":31},"end":{"line":119,"column":1}}},"1":{"name":"(anonymous_11)","decl":{"start":{"line":14,"column":30},"end":{"line":14,"column":31}},"loc":{"start":{"line":14,"column":55},"end":{"line":16,"column":3}}}},"branchMap":{"0":{"loc":{"start":{"line":74,"column":13},"end":{"line":81,"column":null}},"type":"binary-expr","locations":[{"start":{"line":74,"column":13},"end":{"line":74,"column":42}},{"start":{"line":75,"column":14},"end":{"line":80,"column":null}}]},"1":{"loc":{"start":{"line":87,"column":24},"end":{"line":87,"column":70}},"type":"binary-expr","locations":[{"start":{"line":87,"column":24},"end":{"line":87,"column":53}},{"start":{"line":87,"column":57},"end":{"line":87,"column":70}}]}},"s":{"0":1,"1":1,"2":1,"3":1,"4":1,"5":1,"6":1,"7":1,"8":0,"9":1,"10":1},"f":{"0":1,"1":0},"b":{"0":[1,1],"1":[1,1]}}
,"/Volumes/SecondDrive/code2/portfolio-2026/src/pages/CultureOfMastery.tsx": {"path":"/Volumes/SecondDrive/code2/portfolio-2026/src/pages/CultureOfMastery.tsx","statementMap":{"0":{"start":{"line":1,"column":0},"end":{"line":1,"column":26}},"1":{"start":{"line":2,"column":0},"end":{"line":2,"column":40}},"2":{"start":{"line":4,"column":0},"end":{"line":4,"column":60}},"3":{"start":{"line":5,"column":0},"end":{"line":5,"column":40}},"4":{"start":{"line":6,"column":0},"end":{"line":6,"column":51}},"5":{"start":{"line":8,"column":35},"end":{"line":107,"column":1}},"6":{"start":{"line":9,"column":4},"end":{"line":106,"column":6}},"7":{"start":{"line":109,"column":0},"end":{"line":109,"column":32}}},"fnMap":{"0":{"name":"(anonymous_1)","decl":{"start":{"line":8,"column":35},"end":{"line":8,"column":38}},"loc":{"start":{"line":8,"column":40},"end":{"line":107,"column":1}}}},"branchMap":{},"s":{"0":0,"1":0,"2":0,"3":0,"4":0,"5":0,"6":0,"7":0},"f":{"0":0},"b":{}}
,"/Volumes/SecondDrive/code2/portfolio-2026/src/pages/DORAmetrics.tsx": {"path":"/Volumes/SecondDrive/code2/portfolio-2026/src/pages/DORAmetrics.tsx","statementMap":{"0":{"start":{"line":1,"column":0},"end":{"line":1,"column":26}},"1":{"start":{"line":2,"column":0},"end":{"line":2,"column":40}},"2":{"start":{"line":4,"column":0},"end":{"line":4,"column":60}},"3":{"start":{"line":5,"column":0},"end":{"line":5,"column":40}},"4":{"start":{"line":6,"column":0},"end":{"line":6,"column":51}},"5":{"start":{"line":8,"column":30},"end":{"line":100,"column":1}},"6":{"start":{"line":9,"column":4},"end":{"line":99,"column":6}},"7":{"start":{"line":102,"column":0},"end":{"line":102,"column":27}}},"fnMap":{"0":{"name":"(anonymous_1)","decl":{"start":{"line":8,"column":30},"end":{"line":8,"column":33}},"loc":{"start":{"line":8,"column":35},"end":{"line":100,"column":1}}}},"branchMap":{},"s":{"0":0,"1":0,"2":0,"3":0,"4":0,"5":0,"6":0,"7":0},"f":{"0":0},"b":{}}
,"/Volumes/SecondDrive/code2/portfolio-2026/src/pages/DataDrivenUX.tsx": {"path":"/Volumes/SecondDrive/code2/portfolio-2026/src/pages/DataDrivenUX.tsx","statementMap":{"0":{"start":{"line":1,"column":0},"end":{"line":1,"column":26}},"1":{"start":{"line":2,"column":0},"end":{"line":2,"column":40}},"2":{"start":{"line":4,"column":0},"end":{"line":4,"column":60}},"3":{"start":{"line":5,"column":0},"end":{"line":5,"column":40}},"4":{"start":{"line":6,"column":0},"end":{"line":6,"column":51}},"5":{"start":{"line":8,"column":31},"end":{"line":101,"column":1}},"6":{"start":{"line":9,"column":4},"end":{"line":100,"column":6}},"7":{"start":{"line":103,"column":0},"end":{"line":103,"column":28}}},"fnMap":{"0":{"name":"(anonymous_1)","decl":{"start":{"line":8,"column":31},"end":{"line":8,"column":34}},"loc":{"start":{"line":8,"column":36},"end":{"line":101,"column":1}}}},"branchMap":{},"s":{"0":0,"1":0,"2":0,"3":0,"4":0,"5":0,"6":0,"7":0},"f":{"0":0},"b":{}}
,"/Volumes/SecondDrive/code2/portfolio-2026/src/pages/DataEngineering.tsx": {"path":"/Volumes/SecondDrive/code2/portfolio-2026/src/pages/DataEngineering.tsx","statementMap":{"0":{"start":{"line":1,"column":0},"end":{"line":1,"column":26}},"1":{"start":{"line":2,"column":0},"end":{"line":2,"column":40}},"2":{"start":{"line":4,"column":0},"end":{"line":4,"column":60}},"3":{"start":{"line":5,"column":0},"end":{"line":5,"column":40}},"4":{"start":{"line":6,"column":0},"end":{"line":6,"column":51}},"5":{"start":{"line":8,"column":34},"end":{"line":109,"column":1}},"6":{"start":{"line":9,"column":4},"end":{"line":108,"column":6}},"7":{"start":{"line":111,"column":0},"end":{"line":111,"column":31}}},"fnMap":{"0":{"name":"(anonymous_1)","decl":{"start":{"line":8,"column":34},"end":{"line":8,"column":37}},"loc":{"start":{"line":8,"column":39},"end":{"line":109,"column":1}}}},"branchMap":{},"s":{"0":0,"1":0,"2":0,"3":0,"4":0,"5":0,"6":0,"7":0},"f":{"0":0},"b":{}}
,"/Volumes/SecondDrive/code2/portfolio-2026/src/pages/DataMesh.tsx": {"path":"/Volumes/SecondDrive/code2/portfolio-2026/src/pages/DataMesh.tsx","statementMap":{"0":{"start":{"line":1,"column":0},"end":{"line":1,"column":26}},"1":{"start":{"line":2,"column":0},"end":{"line":2,"column":40}},"2":{"start":{"line":4,"column":0},"end":{"line":4,"column":60}},"3":{"start":{"line":5,"column":0},"end":{"line":5,"column":40}},"4":{"start":{"line":6,"column":0},"end":{"line":6,"column":51}},"5":{"start":{"line":8,"column":27},"end":{"line":94,"column":1}},"6":{"start":{"line":9,"column":4},"end":{"line":93,"column":6}},"7":{"start":{"line":96,"column":0},"end":{"line":96,"column":24}}},"fnMap":{"0":{"name":"(anonymous_1)","decl":{"start":{"line":8,"column":27},"end":{"line":8,"column":30}},"loc":{"start":{"line":8,"column":32},"end":{"line":94,"column":1}}}},"branchMap":{},"s":{"0":0,"1":0,"2":0,"3":0,"4":0,"5":0,"6":0,"7":0},"f":{"0":0},"b":{}}
,"/Volumes/SecondDrive/code2/portfolio-2026/src/pages/DeepWork.tsx": {"path":"/Volumes/SecondDrive/code2/portfolio-2026/src/pages/DeepWork.tsx","statementMap":{"0":{"start":{"line":1,"column":0},"end":{"line":1,"column":26}},"1":{"start":{"line":2,"column":0},"end":{"line":2,"column":40}},"2":{"start":{"line":4,"column":0},"end":{"line":4,"column":60}},"3":{"start":{"line":5,"column":0},"end":{"line":5,"column":40}},"4":{"start":{"line":6,"column":0},"end":{"line":6,"column":51}},"5":{"start":{"line":8,"column":27},"end":{"line":77,"column":1}},"6":{"start":{"line":9,"column":4},"end":{"line":76,"column":6}},"7":{"start":{"line":79,"column":0},"end":{"line":79,"column":24}}},"fnMap":{"0":{"name":"(anonymous_1)","decl":{"start":{"line":8,"column":27},"end":{"line":8,"column":30}},"loc":{"start":{"line":8,"column":32},"end":{"line":77,"column":1}}}},"branchMap":{},"s":{"0":0,"1":0,"2":0,"3":0,"4":0,"5":0,"6":0,"7":0},"f":{"0":0},"b":{}}
,"/Volumes/SecondDrive/code2/portfolio-2026/src/pages/DesignSystems.tsx": {"path":"/Volumes/SecondDrive/code2/portfolio-2026/src/pages/DesignSystems.tsx","statementMap":{"0":{"start":{"line":1,"column":0},"end":{"line":1,"column":26}},"1":{"start":{"line":2,"column":0},"end":{"line":2,"column":40}},"2":{"start":{"line":4,"column":0},"end":{"line":4,"column":60}},"3":{"start":{"line":5,"column":0},"end":{"line":5,"column":40}},"4":{"start":{"line":6,"column":0},"end":{"line":6,"column":51}},"5":{"start":{"line":8,"column":32},"end":{"line":119,"column":1}},"6":{"start":{"line":9,"column":4},"end":{"line":118,"column":6}},"7":{"start":{"line":121,"column":0},"end":{"line":121,"column":29}}},"fnMap":{"0":{"name":"(anonymous_1)","decl":{"start":{"line":8,"column":32},"end":{"line":8,"column":35}},"loc":{"start":{"line":8,"column":37},"end":{"line":119,"column":1}}}},"branchMap":{},"s":{"0":0,"1":0,"2":0,"3":0,"4":0,"5":0,"6":0,"7":0},"f":{"0":0},"b":{}}
,"/Volumes/SecondDrive/code2/portfolio-2026/src/pages/DesignTokens.tsx": {"path":"/Volumes/SecondDrive/code2/portfolio-2026/src/pages/DesignTokens.tsx","statementMap":{"0":{"start":{"line":1,"column":0},"end":{"line":1,"column":26}},"1":{"start":{"line":2,"column":0},"end":{"line":2,"column":40}},"2":{"start":{"line":4,"column":0},"end":{"line":4,"column":60}},"3":{"start":{"line":5,"column":0},"end":{"line":5,"column":40}},"4":{"start":{"line":6,"column":0},"end":{"line":6,"column":51}},"5":{"start":{"line":8,"column":31},"end":{"line":93,"column":1}},"6":{"start":{"line":9,"column":4},"end":{"line":92,"column":6}},"7":{"start":{"line":95,"column":0},"end":{"line":95,"column":28}}},"fnMap":{"0":{"name":"(anonymous_1)","decl":{"start":{"line":8,"column":31},"end":{"line":8,"column":34}},"loc":{"start":{"line":8,"column":36},"end":{"line":93,"column":1}}}},"branchMap":{},"s":{"0":0,"1":0,"2":0,"3":0,"4":0,"5":0,"6":0,"7":0},"f":{"0":0},"b":{}}
,"/Volumes/SecondDrive/code2/portfolio-2026/src/pages/EmpoweredTeams.tsx": {"path":"/Volumes/SecondDrive/code2/portfolio-2026/src/pages/EmpoweredTeams.tsx","statementMap":{"0":{"start":{"line":1,"column":0},"end":{"line":1,"column":26}},"1":{"start":{"line":2,"column":0},"end":{"line":2,"column":40}},"2":{"start":{"line":4,"column":0},"end":{"line":4,"column":60}},"3":{"start":{"line":5,"column":0},"end":{"line":5,"column":40}},"4":{"start":{"line":6,"column":0},"end":{"line":6,"column":51}},"5":{"start":{"line":8,"column":33},"end":{"line":109,"column":1}},"6":{"start":{"line":9,"column":4},"end":{"line":108,"column":6}},"7":{"start":{"line":111,"column":0},"end":{"line":111,"column":30}}},"fnMap":{"0":{"name":"(anonymous_1)","decl":{"start":{"line":8,"column":33},"end":{"line":8,"column":36}},"loc":{"start":{"line":8,"column":38},"end":{"line":109,"column":1}}}},"branchMap":{},"s":{"0":0,"1":0,"2":0,"3":0,"4":0,"5":0,"6":0,"7":0},"f":{"0":0},"b":{}}
,"/Volumes/SecondDrive/code2/portfolio-2026/src/pages/EventSourcing.tsx": {"path":"/Volumes/SecondDrive/code2/portfolio-2026/src/pages/EventSourcing.tsx","statementMap":{"0":{"start":{"line":1,"column":0},"end":{"line":1,"column":26}},"1":{"start":{"line":2,"column":0},"end":{"line":2,"column":40}},"2":{"start":{"line":4,"column":0},"end":{"line":4,"column":60}},"3":{"start":{"line":5,"column":0},"end":{"line":5,"column":40}},"4":{"start":{"line":6,"column":0},"end":{"line":6,"column":51}},"5":{"start":{"line":8,"column":32},"end":{"line":90,"column":1}},"6":{"start":{"line":9,"column":4},"end":{"line":89,"column":6}},"7":{"start":{"line":92,"column":0},"end":{"line":92,"column":29}}},"fnMap":{"0":{"name":"(anonymous_1)","decl":{"start":{"line":8,"column":32},"end":{"line":8,"column":35}},"loc":{"start":{"line":8,"column":37},"end":{"line":90,"column":1}}}},"branchMap":{},"s":{"0":0,"1":0,"2":0,"3":0,"4":0,"5":0,"6":0,"7":0},"f":{"0":0},"b":{}}
,"/Volumes/SecondDrive/code2/portfolio-2026/src/pages/FasterDiscovery.tsx": {"path":"/Volumes/SecondDrive/code2/portfolio-2026/src/pages/FasterDiscovery.tsx","statementMap":{"0":{"start":{"line":1,"column":0},"end":{"line":1,"column":26}},"1":{"start":{"line":2,"column":0},"end":{"line":2,"column":40}},"2":{"start":{"line":4,"column":0},"end":{"line":4,"column":60}},"3":{"start":{"line":5,"column":0},"end":{"line":5,"column":40}},"4":{"start":{"line":6,"column":0},"end":{"line":6,"column":51}},"5":{"start":{"line":8,"column":34},"end":{"line":94,"column":1}},"6":{"start":{"line":9,"column":4},"end":{"line":93,"column":6}},"7":{"start":{"line":96,"column":0},"end":{"line":96,"column":31}}},"fnMap":{"0":{"name":"(anonymous_1)","decl":{"start":{"line":8,"column":34},"end":{"line":8,"column":37}},"loc":{"start":{"line":8,"column":39},"end":{"line":94,"column":1}}}},"branchMap":{},"s":{"0":0,"1":0,"2":0,"3":0,"4":0,"5":0,"6":0,"7":0},"f":{"0":0},"b":{}}
,"/Volumes/SecondDrive/code2/portfolio-2026/src/pages/Home.tsx": {"path":"/Volumes/SecondDrive/code2/portfolio-2026/src/pages/Home.tsx","statementMap":{"0":{"start":{"line":1,"column":0},"end":{"line":1,"column":40}},"1":{"start":{"line":2,"column":0},"end":{"line":2,"column":40}},"2":{"start":{"line":4,"column":0},"end":{"line":4,"column":40}},"3":{"start":{"line":5,"column":0},"end":{"line":5,"column":51}},"4":{"start":{"line":8,"column":30},"end":{"line":8,"column":96}},"5":{"start":{"line":8,"column":46},"end":{"line":8,"column":95}},"6":{"start":{"line":13,"column":23},"end":{"line":110,"column":1}},"7":{"start":{"line":14,"column":2},"end":{"line":109,"column":4}},"8":{"start":{"line":112,"column":0},"end":{"line":112,"column":20}}},"fnMap":{"0":{"name":"(anonymous_10)","decl":{"start":{"line":8,"column":41},"end":{"line":8,"column":44}},"loc":{"start":{"line":8,"column":46},"end":{"line":8,"column":95}}},"1":{"name":"(anonymous_11)","decl":{"start":{"line":8,"column":46},"end":{"line":8,"column":54}},"loc":{"start":{"line":8,"column":46},"end":{"line":8,"column":95}}},"2":{"name":"(anonymous_12)","decl":{"start":{"line":13,"column":23},"end":{"line":13,"column":26}},"loc":{"start":{"line":13,"column":28},"end":{"line":110,"column":1}}}},"branchMap":{},"s":{"0":1,"1":1,"2":1,"3":1,"4":1,"5":2,"6":1,"7":1,"8":1},"f":{"0":1,"1":1,"2":1},"b":{}}
,"/Volumes/SecondDrive/code2/portfolio-2026/src/pages/ImmutableInfrastructure.tsx": {"path":"/Volumes/SecondDrive/code2/portfolio-2026/src/pages/ImmutableInfrastructure.tsx","statementMap":{"0":{"start":{"line":1,"column":0},"end":{"line":1,"column":26}},"1":{"start":{"line":2,"column":0},"end":{"line":2,"column":40}},"2":{"start":{"line":4,"column":0},"end":{"line":4,"column":60}},"3":{"start":{"line":5,"column":0},"end":{"line":5,"column":40}},"4":{"start":{"line":6,"column":0},"end":{"line":6,"column":51}},"5":{"start":{"line":8,"column":42},"end":{"line":90,"column":1}},"6":{"start":{"line":9,"column":4},"end":{"line":89,"column":6}},"7":{"start":{"line":92,"column":0},"end":{"line":92,"column":39}}},"fnMap":{"0":{"name":"(anonymous_1)","decl":{"start":{"line":8,"column":42},"end":{"line":8,"column":45}},"loc":{"start":{"line":8,"column":47},"end":{"line":90,"column":1}}}},"branchMap":{},"s":{"0":0,"1":0,"2":0,"3":0,"4":0,"5":0,"6":0,"7":0},"f":{"0":0},"b":{}}
,"/Volumes/SecondDrive/code2/portfolio-2026/src/pages/Insights.tsx": {"path":"/Volumes/SecondDrive/code2/portfolio-2026/src/pages/Insights.tsx","statementMap":{"0":{"start":{"line":1,"column":0},"end":{"line":1,"column":39}},"1":{"start":{"line":2,"column":0},"end":{"line":2,"column":42}},"2":{"start":{"line":3,"column":0},"end":{"line":3,"column":40}},"3":{"start":{"line":5,"column":0},"end":{"line":5,"column":40}},"4":{"start":{"line":6,"column":0},"end":{"line":6,"column":51}},"5":{"start":{"line":14,"column":27},"end":{"line":190,"column":1}},"6":{"start":{"line":15,"column":24},"end":{"line":15,"column":72}},"7":{"start":{"line":15,"column":58},"end":{"line":15,"column":71}},"8":{"start":{"line":18,"column":25},"end":{"line":65,"column":8}},"9":{"start":{"line":18,"column":39},"end":{"line":65,"column":5}},"10":{"start":{"line":67,"column":28},"end":{"line":72,"column":4}},"11":{"start":{"line":75,"column":2},"end":{"line":189,"column":4}},"12":{"start":{"line":84,"column":45},"end":{"line":90,"column":12}},"13":{"start":{"line":112,"column":14},"end":{"line":112,"column":34}},"14":{"start":{"line":127,"column":22},"end":{"line":127,"column":38}},"15":{"start":{"line":146,"column":14},"end":{"line":146,"column":29}},"16":{"start":{"line":150,"column":20},"end":{"line":150,"column":null}},"17":{"start":{"line":173,"column":14},"end":{"line":173,"column":30}},"18":{"start":{"line":192,"column":0},"end":{"line":192,"column":24}}},"fnMap":{"0":{"name":"(anonymous_10)","decl":{"start":{"line":14,"column":27},"end":{"line":14,"column":30}},"loc":{"start":{"line":14,"column":32},"end":{"line":190,"column":1}}},"1":{"name":"(anonymous_11)","decl":{"start":{"line":15,"column":36},"end":{"line":15,"column":37}},"loc":{"start":{"line":15,"column":58},"end":{"line":15,"column":71}}},"2":{"name":"(anonymous_12)","decl":{"start":{"line":18,"column":33},"end":{"line":18,"column":36}},"loc":{"start":{"line":18,"column":39},"end":{"line":65,"column":5}}},"3":{"name":"(anonymous_13)","decl":{"start":{"line":84,"column":36},"end":{"line":84,"column":40}},"loc":{"start":{"line":84,"column":45},"end":{"line":90,"column":12}}},"4":{"name":"(anonymous_14)","decl":{"start":{"line":111,"column":27},"end":{"line":111,"column":28}},"loc":{"start":{"line":112,"column":14},"end":{"line":112,"column":34}}},"5":{"name":"(anonymous_15)","decl":{"start":{"line":126,"column":35},"end":{"line":126,"column":38}},"loc":{"start":{"line":127,"column":22},"end":{"line":127,"column":38}}},"6":{"name":"(anonymous_16)","decl":{"start":{"line":145,"column":32},"end":{"line":145,"column":33}},"loc":{"start":{"line":146,"column":14},"end":{"line":146,"column":29}}},"7":{"name":"(anonymous_17)","decl":{"start":{"line":149,"column":34},"end":{"line":149,"column":35}},"loc":{"start":{"line":150,"column":20},"end":{"line":150,"column":null}}},"8":{"name":"(anonymous_18)","decl":{"start":{"line":172,"column":35},"end":{"line":172,"column":36}},"loc":{"start":{"line":173,"column":14},"end":{"line":173,"column":30}}}},"branchMap":{},"s":{"0":2,"1":2,"2":2,"3":2,"4":2,"5":2,"6":2,"7":4,"8":2,"9":2,"10":2,"11":2,"12":2,"13":2,"14":6,"15":8,"16":52,"17":8,"18":2},"f":{"0":2,"1":4,"2":2,"3":2,"4":2,"5":6,"6":8,"7":52,"8":8},"b":{}}
,"/Volumes/SecondDrive/code2/portfolio-2026/src/pages/InsightsDetail.tsx": {"path":"/Volumes/SecondDrive/code2/portfolio-2026/src/pages/InsightsDetail.tsx","statementMap":{"0":{"start":{"line":1,"column":0},"end":{"line":1,"column":26}},"1":{"start":{"line":2,"column":0},"end":{"line":2,"column":42}},"2":{"start":{"line":3,"column":0},"end":{"line":3,"column":61}},"3":{"start":{"line":5,"column":0},"end":{"line":5,"column":40}},"4":{"start":{"line":6,"column":0},"end":{"line":6,"column":51}},"5":{"start":{"line":12,"column":62},"end":{"line":46,"column":1}},"6":{"start":{"line":13,"column":17},"end":{"line":13,"column":38}},"7":{"start":{"line":15,"column":2},"end":{"line":45,"column":4}},"8":{"start":{"line":18,"column":8},"end":{"line":24,"column":9}},"9":{"start":{"line":19,"column":10},"end":{"line":23,"column":12}},"10":{"start":{"line":26,"column":8},"end":{"line":39,"column":9}},"11":{"start":{"line":27,"column":24},"end":{"line":27,"column":86}},"12":{"start":{"line":27,"column":57},"end":{"line":27,"column":85}},"13":{"start":{"line":28,"column":10},"end":{"line":38,"column":12}},"14":{"start":{"line":31,"column":34},"end":{"line":31,"column":63}},"15":{"start":{"line":32,"column":36},"end":{"line":32,"column":127}},"16":{"start":{"line":33,"column":16},"end":{"line":35,"column":18}},"17":{"start":{"line":41,"column":28},"end":{"line":41,"column":115}},"18":{"start":{"line":42,"column":8},"end":{"line":42,"column":83}},"19":{"start":{"line":51,"column":33},"end":{"line":133,"column":1}},"20":{"start":{"line":52,"column":19},"end":{"line":52,"column":48}},"21":{"start":{"line":53,"column":24},"end":{"line":53,"column":72}},"22":{"start":{"line":53,"column":58},"end":{"line":53,"column":71}},"23":{"start":{"line":55,"column":15},"end":{"line":55,"column":51}},"24":{"start":{"line":55,"column":35},"end":{"line":55,"column":50}},"25":{"start":{"line":59,"column":2},"end":{"line":61,"column":3}},"26":{"start":{"line":60,"column":4},"end":{"line":60,"column":39}},"27":{"start":{"line":63,"column":2},"end":{"line":132,"column":4}},"28":{"start":{"line":96,"column":12},"end":{"line":96,"column":28}},"29":{"start":{"line":135,"column":0},"end":{"line":135,"column":30}}},"fnMap":{"0":{"name":"(anonymous_1)","decl":{"start":{"line":12,"column":62},"end":{"line":12,"column":63}},"loc":{"start":{"line":12,"column":78},"end":{"line":46,"column":1}}},"1":{"name":"(anonymous_2)","decl":{"start":{"line":17,"column":18},"end":{"line":17,"column":19}},"loc":{"start":{"line":17,"column":35},"end":{"line":43,"column":7}}},"2":{"name":"(anonymous_3)","decl":{"start":{"line":27,"column":49},"end":{"line":27,"column":53}},"loc":{"start":{"line":27,"column":57},"end":{"line":27,"column":85}}},"3":{"name":"(anonymous_4)","decl":{"start":{"line":30,"column":25},"end":{"line":30,"column":26}},"loc":{"start":{"line":30,"column":37},"end":{"line":36,"column":15}}},"4":{"name":"(anonymous_5)","decl":{"start":{"line":51,"column":33},"end":{"line":51,"column":36}},"loc":{"start":{"line":51,"column":38},"end":{"line":133,"column":1}}},"5":{"name":"(anonymous_6)","decl":{"start":{"line":53,"column":36},"end":{"line":53,"column":37}},"loc":{"start":{"line":53,"column":58},"end":{"line":53,"column":71}}},"6":{"name":"(anonymous_7)","decl":{"start":{"line":55,"column":30},"end":{"line":55,"column":31}},"loc":{"start":{"line":55,"column":35},"end":{"line":55,"column":50}}},"7":{"name":"(anonymous_8)","decl":{"start":{"line":95,"column":25},"end":{"line":95,"column":28}},"loc":{"start":{"line":96,"column":12},"end":{"line":96,"column":28}}}},"branchMap":{"0":{"loc":{"start":{"line":18,"column":8},"end":{"line":24,"column":9}},"type":"if","locations":[{"start":{"line":18,"column":8},"end":{"line":24,"column":9}}]},"1":{"loc":{"start":{"line":26,"column":8},"end":{"line":39,"column":9}},"type":"if","locations":[{"start":{"line":26,"column":8},"end":{"line":39,"column":9}}]},"2":{"loc":{"start":{"line":59,"column":2},"end":{"line":61,"column":3}},"type":"if","locations":[{"start":{"line":59,"column":2},"end":{"line":61,"column":3}}]},"3":{"loc":{"start":{"line":65,"column":7},"end":{"line":82,"column":null}},"type":"binary-expr","locations":[{"start":{"line":65,"column":7},"end":{"line":65,"column":11}},{"start":{"line":66,"column":8},"end":{"line":81,"column":null}}]}},"s":{"0":2,"1":2,"2":2,"3":2,"4":2,"5":2,"6":2,"7":2,"8":10,"9":4,"10":6,"11":0,"12":0,"13":0,"14":0,"15":0,"16":0,"17":6,"18":6,"19":2,"20":2,"21":2,"22":4,"23":2,"24":2,"25":2,"26":0,"27":2,"28":3,"29":2},"f":{"0":2,"1":10,"2":0,"3":0,"4":2,"5":4,"6":2,"7":3},"b":{"0":[4],"1":[0],"2":[0],"3":[2,2]}}
,"/Volumes/SecondDrive/code2/portfolio-2026/src/pages/LogicOverEmotion.tsx": {"path":"/Volumes/SecondDrive/code2/portfolio-2026/src/pages/LogicOverEmotion.tsx","statementMap":{"0":{"start":{"line":1,"column":0},"end":{"line":1,"column":26}},"1":{"start":{"line":2,"column":0},"end":{"line":2,"column":40}},"2":{"start":{"line":4,"column":0},"end":{"line":4,"column":60}},"3":{"start":{"line":5,"column":0},"end":{"line":5,"column":40}},"4":{"start":{"line":6,"column":0},"end":{"line":6,"column":51}},"5":{"start":{"line":8,"column":35},"end":{"line":64,"column":1}},"6":{"start":{"line":9,"column":4},"end":{"line":63,"column":6}},"7":{"start":{"line":66,"column":0},"end":{"line":66,"column":32}}},"fnMap":{"0":{"name":"(anonymous_1)","decl":{"start":{"line":8,"column":35},"end":{"line":8,"column":38}},"loc":{"start":{"line":8,"column":40},"end":{"line":64,"column":1}}}},"branchMap":{},"s":{"0":0,"1":0,"2":0,"3":0,"4":0,"5":0,"6":0,"7":0},"f":{"0":0},"b":{}}
,"/Volumes/SecondDrive/code2/portfolio-2026/src/pages/ModernFrontend.tsx": {"path":"/Volumes/SecondDrive/code2/portfolio-2026/src/pages/ModernFrontend.tsx","statementMap":{"0":{"start":{"line":1,"column":0},"end":{"line":1,"column":26}},"1":{"start":{"line":2,"column":0},"end":{"line":2,"column":40}},"2":{"start":{"line":4,"column":0},"end":{"line":4,"column":60}},"3":{"start":{"line":5,"column":0},"end":{"line":5,"column":40}},"4":{"start":{"line":6,"column":0},"end":{"line":6,"column":51}},"5":{"start":{"line":8,"column":33},"end":{"line":100,"column":1}},"6":{"start":{"line":9,"column":4},"end":{"line":99,"column":6}},"7":{"start":{"line":102,"column":0},"end":{"line":102,"column":30}}},"fnMap":{"0":{"name":"(anonymous_1)","decl":{"start":{"line":8,"column":33},"end":{"line":8,"column":36}},"loc":{"start":{"line":8,"column":38},"end":{"line":100,"column":1}}}},"branchMap":{},"s":{"0":0,"1":0,"2":0,"3":0,"4":0,"5":0,"6":0,"7":0},"f":{"0":0},"b":{}}
,"/Volumes/SecondDrive/code2/portfolio-2026/src/pages/Observability.tsx": {"path":"/Volumes/SecondDrive/code2/portfolio-2026/src/pages/Observability.tsx","statementMap":{"0":{"start":{"line":1,"column":0},"end":{"line":1,"column":26}},"1":{"start":{"line":2,"column":0},"end":{"line":2,"column":40}},"2":{"start":{"line":4,"column":0},"end":{"line":4,"column":60}},"3":{"start":{"line":5,"column":0},"end":{"line":5,"column":40}},"4":{"start":{"line":6,"column":0},"end":{"line":6,"column":51}},"5":{"start":{"line":8,"column":32},"end":{"line":90,"column":1}},"6":{"start":{"line":9,"column":4},"end":{"line":89,"column":6}},"7":{"start":{"line":92,"column":0},"end":{"line":92,"column":29}}},"fnMap":{"0":{"name":"(anonymous_1)","decl":{"start":{"line":8,"column":32},"end":{"line":8,"column":35}},"loc":{"start":{"line":8,"column":37},"end":{"line":90,"column":1}}}},"branchMap":{},"s":{"0":0,"1":0,"2":0,"3":0,"4":0,"5":0,"6":0,"7":0},"f":{"0":0},"b":{}}
,"/Volumes/SecondDrive/code2/portfolio-2026/src/pages/PlatformArchitecture.tsx": {"path":"/Volumes/SecondDrive/code2/portfolio-2026/src/pages/PlatformArchitecture.tsx","statementMap":{"0":{"start":{"line":1,"column":0},"end":{"line":1,"column":26}},"1":{"start":{"line":2,"column":0},"end":{"line":2,"column":40}},"2":{"start":{"line":4,"column":0},"end":{"line":4,"column":60}},"3":{"start":{"line":5,"column":0},"end":{"line":5,"column":40}},"4":{"start":{"line":6,"column":0},"end":{"line":6,"column":51}},"5":{"start":{"line":8,"column":39},"end":{"line":155,"column":1}},"6":{"start":{"line":9,"column":4},"end":{"line":154,"column":6}},"7":{"start":{"line":157,"column":0},"end":{"line":157,"column":36}}},"fnMap":{"0":{"name":"(anonymous_1)","decl":{"start":{"line":8,"column":39},"end":{"line":8,"column":42}},"loc":{"start":{"line":8,"column":44},"end":{"line":155,"column":1}}}},"branchMap":{},"s":{"0":0,"1":0,"2":0,"3":0,"4":0,"5":0,"6":0,"7":0},"f":{"0":0},"b":{}}
,"/Volumes/SecondDrive/code2/portfolio-2026/src/pages/PolicyAsCode.tsx": {"path":"/Volumes/SecondDrive/code2/portfolio-2026/src/pages/PolicyAsCode.tsx","statementMap":{"0":{"start":{"line":1,"column":0},"end":{"line":1,"column":26}},"1":{"start":{"line":2,"column":0},"end":{"line":2,"column":40}},"2":{"start":{"line":4,"column":0},"end":{"line":4,"column":60}},"3":{"start":{"line":5,"column":0},"end":{"line":5,"column":40}},"4":{"start":{"line":6,"column":0},"end":{"line":6,"column":51}},"5":{"start":{"line":8,"column":31},"end":{"line":90,"column":1}},"6":{"start":{"line":9,"column":4},"end":{"line":89,"column":6}},"7":{"start":{"line":92,"column":0},"end":{"line":92,"column":28}}},"fnMap":{"0":{"name":"(anonymous_1)","decl":{"start":{"line":8,"column":31},"end":{"line":8,"column":34}},"loc":{"start":{"line":8,"column":36},"end":{"line":90,"column":1}}}},"branchMap":{},"s":{"0":0,"1":0,"2":0,"3":0,"4":0,"5":0,"6":0,"7":0},"f":{"0":0},"b":{}}
[...]
0":{"start":{"line":29,"column":46},"end":{"line":29,"column":48}},"11":{"start":{"line":30,"column":4},"end":{"line":34,"column":7}},"12":{"start":{"line":31,"column":18},"end":{"line":31,"column":39}},"13":{"start":{"line":32,"column":6},"end":{"line":32,"column":41}},"14":{"start":{"line":32,"column":24},"end":{"line":32,"column":41}},"15":{"start":{"line":33,"column":6},"end":{"line":33,"column":26}},"16":{"start":{"line":35,"column":4},"end":{"line":35,"column":18}},"17":{"start":{"line":38,"column":2},"end":{"line":123,"column":4}},"18":{"start":{"line":47,"column":57},"end":{"line":56,"column":12}},"19":{"start":{"line":70,"column":37},"end":{"line":70,"column":62}},"20":{"start":{"line":71,"column":12},"end":{"line":71,"column":55}},"21":{"start":{"line":71,"column":43},"end":{"line":71,"column":55}},"22":{"start":{"line":73,"column":12},"end":{"line":118,"column":14}},"23":{"start":{"line":80,"column":20},"end":{"line":80,"column":42}},"24":{"start":{"line":104,"column":28},"end":{"line":105,"column":null}},"25":{"start":{"line":126,"column":0},"end":{"line":126,"column":24}}},"fnMap":{"0":{"name":"(anonymous_10)","decl":{"start":{"line":25,"column":27},"end":{"line":25,"column":30}},"loc":{"start":{"line":25,"column":32},"end":{"line":124,"column":1}}},"1":{"name":"(anonymous_11)","decl":{"start":{"line":26,"column":35},"end":{"line":26,"column":36}},"loc":{"start":{"line":26,"column":57},"end":{"line":26,"column":70}}},"2":{"name":"(anonymous_12)","decl":{"start":{"line":28,"column":34},"end":{"line":28,"column":37}},"loc":{"start":{"line":28,"column":39},"end":{"line":36,"column":3}}},"3":{"name":"(anonymous_13)","decl":{"start":{"line":30,"column":21},"end":{"line":30,"column":22}},"loc":{"start":{"line":30,"column":25},"end":{"line":34,"column":5}}},"4":{"name":"(anonymous_14)","decl":{"start":{"line":47,"column":42},"end":{"line":47,"column":43}},"loc":{"start":{"line":47,"column":57},"end":{"line":56,"column":12}}},"5":{"name":"(anonymous_15)","decl":{"start":{"line":69,"column":29},"end":{"line":69,"column":37}},"loc":{"start":{"line":69,"column":40},"end":{"line":119,"column":11}}},"6":{"name":"(anonymous_16)","decl":{"start":{"line":79,"column":40},"end":{"line":79,"column":41}},"loc":{"start":{"line":80,"column":20},"end":{"line":80,"column":42}}},"7":{"name":"(anonymous_17)","decl":{"start":{"line":103,"column":56},"end":{"line":103,"column":59}},"loc":{"start":{"line":104,"column":28},"end":{"line":105,"column":null}}}},"branchMap":{"0":{"loc":{"start":{"line":31,"column":18},"end":{"line":31,"column":39}},"type":"binary-expr","locations":[{"start":{"line":31,"column":18},"end":{"line":31,"column":28}},{"start":{"line":31,"column":32},"end":{"line":31,"column":39}}]},"1":{"loc":{"start":{"line":32,"column":6},"end":{"line":32,"column":41}},"type":"if","locations":[{"start":{"line":32,"column":6},"end":{"line":32,"column":41}}]},"2":{"loc":{"start":{"line":71,"column":12},"end":{"line":71,"column":55}},"type":"if","locations":[{"start":{"line":71,"column":12},"end":{"line":71,"column":55}}]}},"s":{"0":1,"1":1,"2":1,"3":1,"4":1,"5":1,"6":1,"7":1,"8":2,"9":1,"10":1,"11":1,"12":64,"13":64,"14":9,"15":64,"16":1,"17":1,"18":64,"19":9,"20":9,"21":0,"22":9,"23":64,"24":192,"25":1},"f":{"0":1,"1":2,"2":1,"3":64,"4":64,"5":9,"6":64,"7":192},"b":{"0":[64,0],"1":[9],"2":[0]}}
,"/Volumes/SecondDrive/code2/portfolio-2026/src/pages/SharedUnderstanding.tsx": {"path":"/Volumes/SecondDrive/code2/portfolio-2026/src/pages/SharedUnderstanding.tsx","statementMap":{"0":{"start":{"line":1,"column":0},"end":{"line":1,"column":26}},"1":{"start":{"line":2,"column":0},"end":{"line":2,"column":40}},"2":{"start":{"line":4,"column":0},"end":{"line":4,"column":60}},"3":{"start":{"line":5,"column":0},"end":{"line":5,"column":40}},"4":{"start":{"line":6,"column":0},"end":{"line":6,"column":51}},"5":{"start":{"line":8,"column":38},"end":{"line":90,"column":1}},"6":{"start":{"line":9,"column":4},"end":{"line":89,"column":6}},"7":{"start":{"line":92,"column":0},"end":{"line":92,"column":35}}},"fnMap":{"0":{"name":"(anonymous_1)","decl":{"start":{"line":8,"column":38},"end":{"line":8,"column":41}},"loc":{"start":{"line":8,"column":43},"end":{"line":90,"column":1}}}},"branchMap":{},"s":{"0":0,"1":0,"2":0,"3":0,"4":0,"5":0,"6":0,"7":0},"f":{"0":0},"b":{}}
,"/Volumes/SecondDrive/code2/portfolio-2026/src/pages/StrategicLeadership.tsx": {"path":"/Volumes/SecondDrive/code2/portfolio-2026/src/pages/StrategicLeadership.tsx","statementMap":{"0":{"start":{"line":1,"column":0},"end":{"line":1,"column":26}},"1":{"start":{"line":2,"column":0},"end":{"line":2,"column":40}},"2":{"start":{"line":4,"column":0},"end":{"line":4,"column":60}},"3":{"start":{"line":5,"column":0},"end":{"line":5,"column":40}},"4":{"start":{"line":6,"column":0},"end":{"line":6,"column":51}},"5":{"start":{"line":8,"column":38},"end":{"line":136,"column":1}},"6":{"start":{"line":9,"column":4},"end":{"line":135,"column":6}},"7":{"start":{"line":138,"column":0},"end":{"line":138,"column":35}}},"fnMap":{"0":{"name":"(anonymous_1)","decl":{"start":{"line":8,"column":38},"end":{"line":8,"column":41}},"loc":{"start":{"line":8,"column":43},"end":{"line":136,"column":1}}}},"branchMap":{},"s":{"0":0,"1":0,"2":0,"3":0,"4":0,"5":0,"6":0,"7":0},"f":{"0":0},"b":{}}
,"/Volumes/SecondDrive/code2/portfolio-2026/src/pages/SystemDocumentation.tsx": {"path":"/Volumes/SecondDrive/code2/portfolio-2026/src/pages/SystemDocumentation.tsx","statementMap":{"0":{"start":{"line":1,"column":0},"end":{"line":1,"column":26}},"1":{"start":{"line":2,"column":0},"end":{"line":2,"column":40}},"2":{"start":{"line":4,"column":0},"end":{"line":4,"column":60}},"3":{"start":{"line":5,"column":0},"end":{"line":5,"column":40}},"4":{"start":{"line":6,"column":0},"end":{"line":6,"column":51}},"5":{"start":{"line":8,"column":38},"end":{"line":90,"column":1}},"6":{"start":{"line":9,"column":4},"end":{"line":89,"column":6}},"7":{"start":{"line":92,"column":0},"end":{"line":92,"column":35}}},"fnMap":{"0":{"name":"(anonymous_1)","decl":{"start":{"line":8,"column":38},"end":{"line":8,"column":41}},"loc":{"start":{"line":8,"column":43},"end":{"line":90,"column":1}}}},"branchMap":{},"s":{"0":0,"1":0,"2":0,"3":0,"4":0,"5":0,"6":0,"7":0},"f":{"0":0},"b":{}}
,"/Volumes/SecondDrive/code2/portfolio-2026/src/pages/SystemsInfrastructure.tsx": {"path":"/Volumes/SecondDrive/code2/portfolio-2026/src/pages/SystemsInfrastructure.tsx","statementMap":{"0":{"start":{"line":1,"column":0},"end":{"line":1,"column":26}},"1":{"start":{"line":2,"column":0},"end":{"line":2,"column":40}},"2":{"start":{"line":4,"column":0},"end":{"line":4,"column":60}},"3":{"start":{"line":5,"column":0},"end":{"line":5,"column":40}},"4":{"start":{"line":6,"column":0},"end":{"line":6,"column":51}},"5":{"start":{"line":8,"column":40},"end":{"line":90,"column":1}},"6":{"start":{"line":9,"column":4},"end":{"line":89,"column":6}},"7":{"start":{"line":92,"column":0},"end":{"line":92,"column":37}}},"fnMap":{"0":{"name":"(anonymous_1)","decl":{"start":{"line":8,"column":40},"end":{"line":8,"column":43}},"loc":{"start":{"line":8,"column":45},"end":{"line":90,"column":1}}}},"branchMap":{},"s":{"0":0,"1":0,"2":0,"3":0,"4":0,"5":0,"6":0,"7":0},"f":{"0":0},"b":{}}
,"/Volumes/SecondDrive/code2/portfolio-2026/src/pages/TagDetail.tsx": {"path":"/Volumes/SecondDrive/code2/portfolio-2026/src/pages/TagDetail.tsx","statementMap":{"0":{"start":{"line":1,"column":0},"end":{"line":1,"column":39}},"1":{"start":{"line":2,"column":0},"end":{"line":2,"column":42}},"2":{"start":{"line":3,"column":0},"end":{"line":3,"column":51}},"3":{"start":{"line":5,"column":0},"end":{"line":5,"column":40}},"4":{"start":{"line":6,"column":0},"end":{"line":6,"column":51}},"5":{"start":{"line":7,"column":0},"end":{"line":7,"column":64}},"6":{"start":{"line":11,"column":28},"end":{"line":190,"column":1}},"7":{"start":{"line":12,"column":22},"end":{"line":12,"column":52}},"8":{"start":{"line":13,"column":23},"end":{"line":13,"column":54}},"9":{"start":{"line":15,"column":38},"end":{"line":15,"column":86}},"10":{"start":{"line":15,"column":72},"end":{"line":15,"column":85}},"11":{"start":{"line":18,"column":50},"end":{"line":34,"column":33}},"12":{"start":{"line":19,"column":25},"end":{"line":19,"column":49}},"13":{"start":{"line":21,"column":33},"end":{"line":22,"column":null}},"14":{"start":{"line":22,"column":12},"end":{"line":22,"column":58}},"15":{"start":{"line":22,"column":29},"end":{"line":22,"column":57}},"16":{"start":{"line":25,"column":31},"end":{"line":26,"column":null}},"17":{"start":{"line":26,"column":12},"end":{"line":26,"column":61}},"18":{"start":{"line":26,"column":32},"end":{"line":26,"column":60}},"19":{"start":{"line":29,"column":8},"end":{"line":33,"column":10}},"20":{"start":{"line":30,"column":50},"end":{"line":30,"column":76}},"21":{"start":{"line":32,"column":53},"end":{"line":32,"column":83}},"22":{"start":{"line":36,"column":23},"end":{"line":36,"column":93}},"23":{"start":{"line":38,"column":4},"end":{"line":189,"column":6}},"24":{"start":{"line":73,"column":32},"end":{"line":73,"column":51}},"25":{"start":{"line":85,"column":48},"end":{"line":86,"column":null}},"26":{"start":{"line":113,"column":32},"end":{"line":113,"column":54}},"27":{"start":{"line":135,"column":48},"end":{"line":136,"column":null}},"28":{"start":{"line":160,"column":32},"end":{"line":160,"column":51}},"29":{"start":{"line":172,"column":48},"end":{"line":173,"column":null}},"30":{"start":{"line":192,"column":0},"end":{"line":192,"column":25}}},"fnMap":{"0":{"name":"(anonymous_10)","decl":{"start":{"line":11,"column":28},"end":{"line":11,"column":31}},"loc":{"start":{"line":11,"column":33},"end":{"line":190,"column":1}}},"1":{"name":"(anonymous_11)","decl":{"start":{"line":15,"column":50},"end":{"line":15,"column":51}},"loc":{"start":{"line":15,"column":72},"end":{"line":15,"column":85}}},"2":{"name":"(anonymous_12)","decl":{"start":{"line":18,"column":58},"end":{"line":18,"column":61}},"loc":{"start":{"line":18,"column":63},"end":{"line":34,"column":5}}},"3":{"name":"(anonymous_13)","decl":{"start":{"line":21,"column":52},"end":{"line":21,"column":53}},"loc":{"start":{"line":22,"column":12},"end":{"line":22,"column":58}}},"4":{"name":"(anonymous_14)","decl":{"start":{"line":22,"column":24},"end":{"line":22,"column":25}},"loc":{"start":{"line":22,"column":29},"end":{"line":22,"column":57}}},"5":{"name":"(anonymous_15)","decl":{"start":{"line":25,"column":52},"end":{"line":25,"column":53}},"loc":{"start":{"line":26,"column":12},"end":{"line":26,"column":61}}},"6":{"name":"(anonymous_16)","decl":{"start":{"line":26,"column":27},"end":{"line":26,"column":28}},"loc":{"start":{"line":26,"column":32},"end":{"line":26,"column":60}}},"7":{"name":"(anonymous_17)","decl":{"start":{"line":30,"column":45},"end":{"line":30,"column":46}},"loc":{"start":{"line":30,"column":50},"end":{"line":30,"column":76}}},"8":{"name":"(anonymous_18)","decl":{"start":{"line":32,"column":48},"end":{"line":32,"column":49}},"loc":{"start":{"line":32,"column":53},"end":{"line":32,"column":83}}},"9":{"name":"(anonymous_19)","decl":{"start":{"line":72,"column":43},"end":{"line":72,"column":47}},"loc":{"start":{"line":73,"column":32},"end":{"line":73,"column":51}}},"10":{"name":"(anonymous_20)","decl":{"start":{"line":84,"column":71},"end":{"line":84,"column":72}},"loc":{"start":{"line":85,"column":48},"end":{"line":86,"column":null}}},"11":{"name":"(anonymous_21)","decl":{"start":{"line":112,"column":42},"end":{"line":112,"column":43}},"loc":{"start":{"line":113,"column":32},"end":{"line":113,"column":54}}},"12":{"name":"(anonymous_22)","decl":{"start":{"line":134,"column":74},"end":{"line":134,"column":75}},"loc":{"start":{"line":135,"column":48},"end":{"line":136,"column":null}}},"13":{"name":"(anonymous_23)","decl":{"start":{"line":159,"column":46},"end":{"line":159,"column":50}},"loc":{"start":{"line":160,"column":32},"end":{"line":160,"column":51}}},"14":{"name":"(anonymous_24)","decl":{"start":{"line":171,"column":59},"end":{"line":171,"column":60}},"loc":{"start":{"line":172,"column":48},"end":{"line":173,"column":null}}}},"branchMap":{"0":{"loc":{"start":{"line":13,"column":42},"end":{"line":13,"column":53}},"type":"binary-expr","locations":[{"start":{"line":13,"column":42},"end":{"line":13,"column":47}},{"start":{"line":13,"column":51},"end":{"line":13,"column":53}}]},"1":{"loc":{"start":{"line":36,"column":23},"end":{"line":36,"column":93}},"type":"binary-expr","locations":[{"start":{"line":36,"column":23},"end":{"line":36,"column":42}},{"start":{"line":36,"column":46},"end":{"line":36,"column":66}},{"start":{"line":36,"column":70},"end":{"line":36,"column":93}}]},"2":{"loc":{"start":{"line":52,"column":25},"end":{"line":54,"column":62}},"type":"cond-expr","locations":[{"start":{"line":53,"column":30},"end":{"line":53,"column":106}},{"start":{"line":54,"column":30},"end":{"line":54,"column":62}}]},"3":{"loc":{"start":{"line":58,"column":17},"end":{"line":61,"column":null}},"type":"binary-expr","locations":[{"start":{"line":58,"column":17},"end":{"line":58,"column":28}},{"start":{"line":59,"column":20},"end":{"line":60,"column":null}}]},"4":{"loc":{"start":{"line":65,"column":17},"end":{"line":101,"column":null}},"type":"binary-expr","locations":[{"start":{"line":65,"column":17},"end":{"line":65,"column":37}},{"start":{"line":66,"column":20},"end":{"line":100,"column":null}}]},"5":{"loc":{"start":{"line":93,"column":45},"end":{"line":94,"column":null}},"type":"binary-expr","locations":[{"start":{"line":93,"column":45},"end":{"line":93,"column":65}},{"start":{"line":94,"column":48},"end":{"line":94,"column":128}}]},"6":{"loc":{"start":{"line":105,"column":17},"end":{"line":148,"column":null}},"type":"binary-expr","locations":[{"start":{"line":105,"column":17},"end":{"line":105,"column":36}},{"start":{"line":106,"column":20},"end":{"line":147,"column":null}}]},"7":{"loc":{"start":{"line":118,"column":57},"end":{"line":118,"column":116}},"type":"binary-expr","locations":[{"start":{"line":118,"column":57},"end":{"line":118,"column":73}},{"start":{"line":118,"column":77},"end":{"line":118,"column":116}}]},"8":{"loc":{"start":{"line":152,"column":17},"end":{"line":185,"column":null}},"type":"binary-expr","locations":[{"start":{"line":152,"column":17},"end":{"line":152,"column":40}},{"start":{"line":153,"column":20},"end":{"line":184,"column":null}}]}},"s":{"0":0,"1":0,"2":0,"3":0,"4":0,"5":0,"6":0,"7":0,"8":0,"9":0,"10":0,"11":0,"12":0,"13":0,"14":0,"15":0,"16":0,"17":0,"18":0,"19":0,"20":0,"21":0,"22":0,"23":0,"24":0,"25":0,"26":0,"27":0,"28":0,"29":0,"30":0},"f":{"0":0,"1":0,"2":0,"3":0,"4":0,"5":0,"6":0,"7":0,"8":0,"9":0,"10":0,"11":0,"12":0,"13":0,"14":0},"b":{"0":[0,0],"1":[0,0,0],"2":[0,0],"3":[0,0],"4":[0,0],"5":[0,0],"6":[0,0],"7":[0,0],"8":[0,0]}}
,"/Volumes/SecondDrive/code2/portfolio-2026/src/pages/TechnicalRFCs.tsx": {"path":"/Volumes/SecondDrive/code2/portfolio-2026/src/pages/TechnicalRFCs.tsx","statementMap":{"0":{"start":{"line":1,"column":0},"end":{"line":1,"column":26}},"1":{"start":{"line":2,"column":0},"end":{"line":2,"column":40}},"2":{"start":{"line":4,"column":0},"end":{"line":4,"column":60}},"3":{"start":{"line":5,"column":0},"end":{"line":5,"column":40}},"4":{"start":{"line":6,"column":0},"end":{"line":6,"column":51}},"5":{"start":{"line":8,"column":32},"end":{"line":94,"column":1}},"6":{"start":{"line":9,"column":4},"end":{"line":93,"column":6}},"7":{"start":{"line":96,"column":0},"end":{"line":96,"column":29}}},"fnMap":{"0":{"name":"(anonymous_1)","decl":{"start":{"line":8,"column":32},"end":{"line":8,"column":35}},"loc":{"start":{"line":8,"column":37},"end":{"line":94,"column":1}}}},"branchMap":{},"s":{"0":0,"1":0,"2":0,"3":0,"4":0,"5":0,"6":0,"7":0},"f":{"0":0},"b":{}}
,"/Volumes/SecondDrive/code2/portfolio-2026/src/pages/WorkingStyle.tsx": {"path":"/Volumes/SecondDrive/code2/portfolio-2026/src/pages/WorkingStyle.tsx","statementMap":{"0":{"start":{"line":1,"column":0},"end":{"line":1,"column":26}},"1":{"start":{"line":2,"column":0},"end":{"line":2,"column":40}},"2":{"start":{"line":4,"column":0},"end":{"line":4,"column":40}},"3":{"start":{"line":5,"column":0},"end":{"line":5,"column":51}},"4":{"start":{"line":7,"column":31},"end":{"line":114,"column":1}},"5":{"start":{"line":8,"column":4},"end":{"line":113,"column":6}},"6":{"start":{"line":116,"column":0},"end":{"line":116,"column":28}}},"fnMap":{"0":{"name":"(anonymous_1)","decl":{"start":{"line":7,"column":31},"end":{"line":7,"column":34}},"loc":{"start":{"line":7,"column":36},"end":{"line":114,"column":1}}}},"branchMap":{},"s":{"0":0,"1":0,"2":0,"3":0,"4":0,"5":0,"6":0},"f":{"0":0},"b":{}}
,"/Volumes/SecondDrive/code2/portfolio-2026/src/pages/WrittenCulture.tsx": {"path":"/Volumes/SecondDrive/code2/portfolio-2026/src/pages/WrittenCulture.tsx","statementMap":{"0":{"start":{"line":1,"column":0},"end":{"line":1,"column":26}},"1":{"start":{"line":2,"column":0},"end":{"line":2,"column":40}},"2":{"start":{"line":4,"column":0},"end":{"line":4,"column":60}},"3":{"start":{"line":5,"column":0},"end":{"line":5,"column":40}},"4":{"start":{"line":6,"column":0},"end":{"line":6,"column":51}},"5":{"start":{"line":8,"column":33},"end":{"line":66,"column":1}},"6":{"start":{"line":9,"column":4},"end":{"line":65,"column":6}},"7":{"start":{"line":68,"column":0},"end":{"line":68,"column":30}}},"fnMap":{"0":{"name":"(anonymous_1)","decl":{"start":{"line":8,"column":33},"end":{"line":8,"column":36}},"loc":{"start":{"line":8,"column":38},"end":{"line":66,"column":1}}}},"branchMap":{},"s":{"0":0,"1":0,"2":0,"3":0,"4":0,"5":0,"6":0,"7":0},"f":{"0":0},"b":{}}
,"/Volumes/SecondDrive/code2/portfolio-2026/src/pages/ZeroTrust.tsx": {"path":"/Volumes/SecondDrive/code2/portfolio-2026/src/pages/ZeroTrust.tsx","statementMap":{"0":{"start":{"line":1,"column":0},"end":{"line":1,"column":26}},"1":{"start":{"line":2,"column":0},"end":{"line":2,"column":40}},"2":{"start":{"line":4,"column":0},"end":{"line":4,"column":60}},"3":{"start":{"line":5,"column":0},"end":{"line":5,"column":40}},"4":{"start":{"line":6,"column":0},"end":{"line":6,"column":51}},"5":{"start":{"line":8,"column":28},"end":{"line":93,"column":1}},"6":{"start":{"line":9,"column":4},"end":{"line":92,"column":6}},"7":{"start":{"line":95,"column":0},"end":{"line":95,"column":25}}},"fnMap":{"0":{"name":"(anonymous_1)","decl":{"start":{"line":8,"column":28},"end":{"line":8,"column":31}},"loc":{"start":{"line":8,"column":33},"end":{"line":93,"column":1}}}},"branchMap":{},"s":{"0":0,"1":0,"2":0,"3":0,"4":0,"5":0,"6":0,"7":0},"f":{"0":0},"b":{}}
,"/Volumes/SecondDrive/code2/portfolio-2026/src/store/contentSlice.ts": {"path":"/Volumes/SecondDrive/code2/portfolio-2026/src/store/contentSlice.ts","statementMap":{"0":{"start":{"line":7,"column":0},"end":{"line":7,"column":62}},"1":{"start":{"line":12,"column":35},"end":{"line":2803,"column":2}},"2":{"start":{"line":2806,"column":37},"end":{"line":2863,"column":2}},"3":{"start":{"line":2866,"column":36},"end":{"line":2902,"column":2}},"4":{"start":{"line":2905,"column":46},"end":{"line":2966,"column":2}},"5":{"start":{"line":2968,"column":35},"end":{"line":2975,"column":2}},"6":{"start":{"line":2971,"column":45},"end":{"line":2971,"column":60}},"7":{"start":{"line":2981,"column":21},"end":{"line":2990,"column":2}},"8":{"start":{"line":2987,"column":6},"end":{"line":2987,"column":37}},"9":{"start":{"line":2992,"column":15},"end":{"line":2992,"column":51}},"10":{"start":{"line":2993,"column":0},"end":{"line":2993,"column":36}}},"fnMap":{"0":{"name":"(anonymous_0)","decl":{"start":{"line":2971,"column":37},"end":{"line":2971,"column":41}},"loc":{"start":{"line":2971,"column":45},"end":{"line":2971,"column":60}}},"1":{"name":"(anonymous_1)","decl":{"start":{"line":2986,"column":16},"end":{"line":2986,"column":17}},"loc":{"start":{"line":2986,"column":58},"end":{"line":2988,"column":5}}}},"branchMap":{},"s":{"0":3,"1":3,"2":3,"3":3,"4":3,"5":3,"6":6,"7":3,"8":0,"9":3,"10":3},"f":{"0":6,"1":0},"b":{}}
}
