TN:
SF:src/App.tsx
FN:9,(anonymous_10)
FN:9,(anonymous_11)
FN:10,(anonymous_12)
FN:10,(anonymous_13)
FN:11,(anonymous_14)
FN:11,(anonymous_15)
FN:12,(anonymous_16)
FN:12,(anonymous_17)
FN:13,(anonymous_18)
FN:13,(anonymous_19)
FN:14,(anonymous_20)
FN:14,(anonymous_21)
FN:15,(anonymous_22)
FN:15,(anonymous_23)
FN:16,(anonymous_24)
FN:16,(anonymous_25)
FN:17,(anonymous_26)
FN:17,(anonymous_27)
FN:18,(anonymous_28)
FN:18,(anonymous_29)
FN:19,(anonymous_30)
FN:19,(anonymous_31)
FN:20,(anonymous_32)
FN:20,(anonymous_33)
FN:21,(anonymous_34)
FN:21,(anonymous_35)
FN:22,(anonymous_36)
FN:22,(anonymous_37)
FN:23,(anonymous_38)
FN:23,(anonymous_39)
FN:24,(anonymous_40)
FN:24,(anonymous_41)
FN:25,(anonymous_42)
FN:25,(anonymous_43)
FN:26,(anonymous_44)
FN:26,(anonymous_45)
FN:27,(anonymous_46)
FN:27,(anonymous_47)
FN:28,(anonymous_48)
FN:28,(anonymous_49)
FN:29,(anonymous_50)
FN:29,(anonymous_51)
FN:30,(anonymous_52)
FN:30,(anonymous_53)
FN:31,(anonymous_54)
FN:31,(anonymous_55)
FN:32,(anonymous_56)
FN:32,(anonymous_57)
FN:33,(anonymous_58)
FN:33,(anonymous_59)
FN:34,(anonymous_60)
FN:34,(anonymous_61)
FN:35,(anonymous_62)
FN:35,(anonymous_63)
FN:36,(anonymous_64)
FN:36,(anonymous_65)
FN:37,(anonymous_66)
FN:37,(anonymous_67)
FN:39,(anonymous_68)
FN:39,(anonymous_69)
FN:40,(anonymous_70)
FN:40,(anonymous_71)
FN:41,(anonymous_72)
FN:41,(anonymous_73)
FN:42,(anonymous_74)
FN:42,(anonymous_75)
FN:43,(anonymous_76)
FN:43,(anonymous_77)
FN:44,(anonymous_78)
FN:44,(anonymous_79)
FN:45,(anonymous_80)
FN:45,(anonymous_81)
FN:47,(anonymous_82)
FN:47,(anonymous_83)
FN:48,(anonymous_84)
FN:48,(anonymous_85)
FN:49,(anonymous_86)
FN:49,(anonymous_87)
FN:58,(anonymous_88)
FNF:79
FNH:15
FNDA:1,(anonymous_10)
FNDA:1,(anonymous_11)
FNDA:1,(anonymous_12)
FNDA:1,(anonymous_13)
FNDA:0,(anonymous_14)
FNDA:0,(anonymous_15)
FNDA:0,(anonymous_16)
FNDA:0,(anonymous_17)
FNDA:0,(anonymous_18)
FNDA:0,(anonymous_19)
FNDA:0,(anonymous_20)
FNDA:0,(anonymous_21)
FNDA:1,(anonymous_22)
FNDA:1,(anonymous_23)
FNDA:1,(anonymous_24)
FNDA:1,(anonymous_25)
FNDA:1,(anonymous_26)
FNDA:1,(anonymous_27)
FNDA:1,(anonymous_28)
FNDA:1,(anonymous_29)
FNDA:1,(anonymous_30)
FNDA:1,(anonymous_31)
FNDA:0,(anonymous_32)
FNDA:0,(anonymous_33)
FNDA:0,(anonymous_34)
FNDA:0,(anonymous_35)
FNDA:0,(anonymous_36)
FNDA:0,(anonymous_37)
FNDA:0,(anonymous_38)
FNDA:0,(anonymous_39)
FNDA:0,(anonymous_40)
FNDA:0,(anonymous_41)
FNDA:0,(anonymous_42)
FNDA:0,(anonymous_43)
FNDA:0,(anonymous_44)
FNDA:0,(anonymous_45)
FNDA:0,(anonymous_46)
FNDA:0,(anonymous_47)
FNDA:0,(anonymous_48)
FNDA:0,(anonymous_49)
FNDA:0,(anonymous_50)
FNDA:0,(anonymous_51)
FNDA:0,(anonymous_52)
FNDA:0,(anonymous_53)
FNDA:0,(anonymous_54)
FNDA:0,(anonymous_55)
FNDA:0,(anonymous_56)
FNDA:0,(anonymous_57)
FNDA:0,(anonymous_58)
FNDA:0,(anonymous_59)
FNDA:0,(anonymous_60)
FNDA:0,(anonymous_61)
FNDA:0,(anonymous_62)
FNDA:0,(anonymous_63)
FNDA:0,(anonymous_64)
FNDA:0,(anonymous_65)
FNDA:0,(anonymous_66)
FNDA:0,(anonymous_67)
FNDA:0,(anonymous_68)
FNDA:0,(anonymous_69)
FNDA:0,(anonymous_70)
FNDA:0,(anonymous_71)
FNDA:0,(anonymous_72)
FNDA:0,(anonymous_73)
FNDA:0,(anonymous_74)
FNDA:0,(anonymous_75)
FNDA:0,(anonymous_76)
FNDA:0,(anonymous_77)
FNDA:0,(anonymous_78)
FNDA:0,(anonymous_79)
FNDA:0,(anonymous_80)
FNDA:0,(anonymous_81)
FNDA:0,(anonymous_82)
FNDA:0,(anonymous_83)
FNDA:0,(anonymous_84)
FNDA:0,(anonymous_85)
FNDA:0,(anonymous_86)
FNDA:0,(anonymous_87)
FNDA:7,(anonymous_88)
DA:1,1
DA:2,1
DA:4,1
DA:5,1
DA:6,1
DA:9,2
DA:10,2
DA:11,1
DA:12,1
DA:13,1
DA:14,1
DA:15,2
DA:16,2
DA:17,2
DA:18,2
DA:19,2
DA:20,1
DA:21,1
DA:22,1
DA:23,1
DA:24,1
DA:25,1
DA:26,1
DA:27,1
DA:28,1
DA:29,1
DA:30,1
DA:31,1
DA:32,1
DA:33,1
DA:34,1
DA:35,1
DA:36,1
DA:37,1
DA:39,1
DA:40,1
DA:41,1
DA:42,1
DA:43,1
DA:44,1
DA:45,1
DA:47,1
DA:48,1
DA:49,1
DA:58,1
DA:59,7
DA:135,1
LF:47
LH:47
BRF:0
BRH:0
end_of_record
TN:
SF:src/config.ts
FNF:0
FNH:0
DA:1,0
LF:1
LH:0
BRDA:9,0,0,0
BRDA:9,0,1,0
BRF:2
BRH:0
end_of_record
TN:
SF:src/components/ProjectRadarChart.tsx
FN:18,(anonymous_1)
FNF:1
FNH:1
FNDA:1,(anonymous_1)
DA:1,2
DA:2,2
DA:18,2
DA:19,1
DA:27,1
DA:66,2
LF:6
LH:6
BRF:0
BRH:0
end_of_record
TN:
SF:src/components/RelatedProjects.tsx
FN:14,(anonymous_1)
FN:19,(anonymous_2)
FN:22,(anonymous_3)
FN:23,(anonymous_4)
FN:34,(anonymous_5)
FN:56,(anonymous_6)
FN:60,(anonymous_7)
FNF:7
FNH:0
FNDA:0,(anonymous_1)
FNDA:0,(anonymous_2)
FNDA:0,(anonymous_3)
FNDA:0,(anonymous_4)
FNDA:0,(anonymous_5)
FNDA:0,(anonymous_6)
FNDA:0,(anonymous_7)
DA:1,0
DA:2,0
DA:3,0
DA:6,0
DA:14,0
DA:19,0
DA:22,0
DA:23,0
DA:26,0
DA:28,0
DA:35,0
DA:57,0
DA:60,0
DA:75,0
LF:14
LH:0
BRDA:15,0,0,0
BRDA:17,1,0,0
BRDA:26,2,0,0
BRF:3
BRH:0
end_of_record
TN:
SF:src/components/WorkingStyleRadarChart.tsx
FN:42,(anonymous_1)
FNF:1
FNH:1
FNDA:1,(anonymous_1)
DA:1,1
DA:2,1
DA:13,1
DA:15,1
DA:42,1
DA:43,1
DA:89,1
LF:7
LH:7
BRF:0
BRH:0
end_of_record
TN:
SF:src/components/Layout/Layout.tsx
FN:21,(anonymous_1)
FNF:1
FNH:1
FNDA:7,(anonymous_1)
DA:1,1
DA:3,1
DA:4,1
DA:5,1
DA:21,1
DA:22,7
DA:51,1
LF:7
LH:7
BRF:0
BRH:0
end_of_record
TN:
SF:src/components/Layout/Navbar.tsx
FN:14,(anonymous_9)
FN:20,(anonymous_10)
FN:21,(anonymous_11)
FN:25,(anonymous_12)
FN:37,(anonymous_13)
FN:62,(anonymous_14)
FN:81,(anonymous_15)
FN:103,(anonymous_16)
FN:107,(anonymous_17)
FNF:9
FNH:5
FNDA:7,(anonymous_9)
FNDA:7,(anonymous_10)
FNDA:0,(anonymous_11)
FNDA:7,(anonymous_12)
FNDA:84,(anonymous_13)
FNDA:42,(anonymous_14)
FNDA:0,(anonymous_15)
FNDA:0,(anonymous_16)
FNDA:0,(anonymous_17)
DA:1,1
DA:2,1
DA:14,1
DA:15,7
DA:16,7
DA:17,7
DA:20,7
DA:21,7
DA:22,0
DA:24,7
DA:25,7
DA:28,7
DA:37,7
DA:38,84
DA:39,72
DA:42,7
DA:63,42
DA:81,0
DA:104,0
DA:107,0
DA:124,1
LF:21
LH:17
BRDA:38,0,0,12
BRDA:38,1,0,84
BRDA:38,1,1,14
BRDA:45,2,0,0
BRDA:45,2,1,7
BRDA:66,3,0,9
BRDA:66,3,1,33
BRDA:70,4,0,9
BRDA:70,4,1,33
BRDA:87,5,0,0
BRDA:87,5,1,7
BRDA:97,6,0,7
BRDA:97,6,1,0
BRDA:108,7,0,0
BRDA:108,7,1,0
BRDA:110,8,0,0
BRDA:110,8,1,0
BRF:17
BRH:10
end_of_record
TN:
SF:src/components/SEO/SEO.tsx
FN:23,(anonymous_1)
FNF:1
FNH:1
FNDA:10,(anonymous_1)
DA:1,3
DA:2,3
DA:3,3
DA:23,3
DA:31,10
DA:32,10
DA:33,10
DA:35,10
DA:67,3
LF:9
LH:9
BRDA:26,0,0,8
BRDA:29,1,0,6
BRDA:33,2,0,6
BRDA:33,2,1,4
BRDA:33,3,0,4
BRDA:33,3,1,0
BRDA:40,4,0,10
BRDA:40,4,1,6
BRDA:48,5,0,10
BRDA:48,5,1,9
BRDA:55,6,0,10
BRDA:55,6,1,9
BRDA:58,7,0,10
BRDA:58,7,1,10
BRF:14
BRH:13
end_of_record
TN:
SF:src/components/UI/GlassCard.tsx
FN:23,(anonymous_1)
FNF:1
FNH:1
FNDA:94,(anonymous_1)
DA:1,3
DA:23,3
DA:24,94
DA:25,94
DA:26,94
DA:29,94
DA:44,94
DA:45,0
DA:56,94
DA:63,3
LF:10
LH:9
BRDA:23,0,0,0
BRDA:23,1,0,14
BRDA:25,2,0,77
BRDA:25,2,1,17
BRDA:26,3,0,0
BRDA:26,3,1,94
BRDA:44,4,0,0
BRF:7
BRH:4
end_of_record
TN:
SF:src/components/UI/LoadingScreen.tsx
FN:9,(anonymous_1)
FNF:1
FNH:1
FNDA:7,(anonymous_1)
DA:1,1
DA:9,1
DA:10,7
DA:22,1
LF:4
LH:4
BRF:0
BRH:0
end_of_record
TN:
SF:src/components/UI/RouteAnnouncer.tsx
FN:10,(anonymous_9)
FN:14,(anonymous_10)
FNF:2
FNH:2
FNDA:14,(anonymous_9)
FNDA:7,(anonymous_10)
DA:1,1
DA:2,1
DA:10,1
DA:11,14
DA:12,14
DA:14,14
DA:16,7
DA:18,7
DA:20,7
DA:23,14
DA:35,1
LF:11
LH:11
BRDA:16,0,0,1
BRDA:16,0,1,6
BRF:2
BRH:2
end_of_record
TN:
SF:src/components/Utils/ScrollToTop.tsx
FN:10,(anonymous_0)
FN:13,(anonymous_1)
FNF:2
FNH:2
FNDA:7,(anonymous_0)
FNDA:7,(anonymous_1)
DA:1,1
DA:2,1
DA:10,1
DA:11,7
DA:13,7
DA:14,7
DA:17,7
DA:20,1
LF:8
LH:8
BRF:0
BRH:0
end_of_record
TN:
SF:src/data/appContent.ts
FNF:0
FNH:0
DA:10,0
LF:1
LH:0
BRF:0
BRH:0
end_of_record
TN:
SF:src/pages/About.tsx
FN:13,(anonymous_1)
FN:14,(anonymous_2)
FN:17,(anonymous_3)
FN:19,(anonymous_4)
FN:19,(anonymous_5)
FN:122,(anonymous_6)
FN:140,(anonymous_7)
FN:176,(anonymous_8)
FN:183,(anonymous_9)
FN:196,(anonymous_10)
FN:226,(anonymous_11)
FN:242,(anonymous_12)
FNF:12
FNH:12
FNDA:1,(anonymous_1)
FNDA:2,(anonymous_2)
FNDA:8,(anonymous_3)
FNDA:512,(anonymous_4)
FNDA:2237,(anonymous_5)
FNDA:3,(anonymous_6)
FNDA:9,(anonymous_7)
FNDA:5,(anonymous_8)
FNDA:25,(anonymous_9)
FNDA:15,(anonymous_10)
FNDA:3,(anonymous_11)
FNDA:5,(anonymous_12)
DA:1,1
DA:2,1
DA:3,1
DA:5,1
DA:6,1
DA:7,1
DA:13,1
DA:14,2
DA:17,1
DA:18,8
DA:19,2237
DA:22,1
DA:123,3
DA:126,3
DA:141,9
DA:159,3
DA:177,5
DA:179,5
DA:184,25
DA:197,15
DA:227,3
DA:243,5
DA:269,1
LF:23
LH:23
BRDA:18,0,0,0
BRDA:18,1,0,8
BRDA:18,1,1,8
BRDA:126,2,0,3
BRDA:126,2,1,0
BRDA:136,3,0,3
BRDA:136,3,1,3
BRDA:151,4,0,3
BRDA:151,4,1,3
BRDA:159,5,0,3
BRDA:159,5,1,0
BRDA:192,6,0,5
BRDA:192,6,1,5
BRF:13
BRH:10
end_of_record
TN:
SF:src/pages/BetterMorale.tsx
FN:8,(anonymous_1)
FNF:1
FNH:0
FNDA:0,(anonymous_1)
DA:1,0
DA:2,0
DA:4,0
DA:5,0
DA:6,0
DA:8,0
DA:9,0
DA:88,0
LF:8
LH:0
BRF:0
BRH:0
end_of_record
TN:
SF:src/pages/CDCPipelines.tsx
FN:8,(anonymous_1)
FNF:1
FNH:0
FNDA:0,(anonymous_1)
DA:1,0
DA:2,0
DA:4,0
DA:5,0
DA:6,0
DA:8,0
DA:9,0
DA:92,0
LF:8
LH:0
BRF:0
BRH:0
end_of_record
TN:
SF:src/pages/CloudArchitecture.tsx
FN:8,(anonymous_1)
FNF:1
FNH:0
FNDA:0,(anonymous_1)
DA:1,0
DA:2,0
DA:4,0
DA:5,0
DA:6,0
DA:8,0
DA:9,0
DA:130,0
LF:8
LH:0
BRF:0
BRH:0
end_of_record
TN:
SF:src/pages/ComponentLibrary.tsx
FN:8,(anonymous_1)
FNF:1
FNH:0
FNDA:0,(anonymous_1)
DA:1,0
DA:2,0
DA:4,0
DA:5,0
DA:6,0
DA:8,0
DA:9,0
DA:92,0
LF:8
LH:0
BRF:0
BRH:0
end_of_record
TN:
SF:src/pages/Contact.tsx
FN:11,(anonymous_10)
FN:14,(anonymous_11)
FNF:2
FNH:1
FNDA:1,(anonymous_10)
FNDA:0,(anonymous_11)
DA:1,1
DA:2,1
DA:3,1
DA:5,1
DA:6,1
DA:11,1
DA:12,1
DA:14,1
DA:15,0
DA:18,1
DA:121,1
LF:11
LH:10
BRDA:74,0,0,1
BRDA:74,0,1,1
BRDA:87,1,0,1
BRDA:87,1,1,1
BRF:4
BRH:4
end_of_record
TN:
SF:src/pages/CultureOfMastery.tsx
FN:8,(anonymous_1)
FNF:1
FNH:0
FNDA:0,(anonymous_1)
DA:1,0
DA:2,0
DA:4,0
DA:5,0
DA:6,0
DA:8,0
DA:9,0
DA:109,0
LF:8
LH:0
BRF:0
BRH:0
end_of_record
TN:
SF:src/pages/DORAmetrics.tsx
FN:8,(anonymous_1)
FNF:1
FNH:0
FNDA:0,(anonymous_1)
DA:1,0
DA:2,0
DA:4,0
DA:5,0
DA:6,0
DA:8,0
DA:9,0
DA:102,0
LF:8
LH:0
BRF:0
BRH:0
end_of_record
TN:
SF:src/pages/DataDrivenUX.tsx
FN:8,(anonymous_1)
FNF:1
FNH:0
FNDA:0,(anonymous_1)
DA:1,0
DA:2,0
DA:4,0
DA:5,0
DA:6,0
DA:8,0
DA:9,0
DA:103,0
LF:8
LH:0
BRF:0
BRH:0
end_of_record
TN:
SF:src/pages/DataEngineering.tsx
FN:8,(anonymous_1)
FNF:1
FNH:0
FNDA:0,(anonymous_1)
DA:1,0
DA:2,0
DA:4,0
DA:5,0
DA:6,0
DA:8,0
DA:9,0
DA:111,0
LF:8
LH:0
BRF:0
BRH:0
end_of_record
TN:
SF:src/pages/DataMesh.tsx
FN:8,(anonymous_1)
FNF:1
FNH:0
FNDA:0,(anonymous_1)
DA:1,0
DA:2,0
DA:4,0
DA:5,0
DA:6,0
DA:8,0
DA:9,0
DA:96,0
LF:8
LH:0
BRF:0
BRH:0
end_of_record
TN:
SF:src/pages/DeepWork.tsx
FN:8,(anonymous_1)
FNF:1
FNH:0
FNDA:0,(anonymous_1)
DA:1,0
DA:2,0
DA:4,0
DA:5,0
DA:6,0
DA:8,0
DA:9,0
DA:79,0
LF:8
LH:0
BRF:0
BRH:0
end_of_record
TN:
SF:src/pages/DesignSystems.tsx
FN:8,(anonymous_1)
FNF:1
FNH:0
FNDA:0,(anonymous_1)
DA:1,0
DA:2,0
DA:4,0
DA:5,0
DA:6,0
DA:8,0
DA:9,0
DA:121,0
LF:8
LH:0
BRF:0
BRH:0
end_of_record
TN:
SF:src/pages/DesignTokens.tsx
FN:8,(anonymous_1)
FNF:1
FNH:0
FNDA:0,(anonymous_1)
DA:1,0
DA:2,0
DA:4,0
DA:5,0
DA:6,0
DA:8,0
DA:9,0
DA:95,0
LF:8
LH:0
BRF:0
BRH:0
end_of_record
TN:
SF:src/pages/EmpoweredTeams.tsx
FN:8,(anonymous_1)
FNF:1
FNH:0
FNDA:0,(anonymous_1)
DA:1,0
DA:2,0
DA:4,0
DA:5,0
DA:6,0
DA:8,0
DA:9,0
DA:111,0
LF:8
LH:0
BRF:0
BRH:0
end_of_record
TN:
SF:src/pages/EventSourcing.tsx
FN:8,(anonymous_1)
FNF:1
FNH:0
FNDA:0,(anonymous_1)
DA:1,0
DA:2,0
DA:4,0
DA:5,0
DA:6,0
DA:8,0
DA:9,0
DA:92,0
LF:8
LH:0
BRF:0
BRH:0
end_of_record
TN:
SF:src/pages/FasterDiscovery.tsx
FN:8,(anonymous_1)
FNF:1
FNH:0
FNDA:0,(anonymous_1)
DA:1,0
DA:2,0
DA:4,0
DA:5,0
DA:6,0
DA:8,0
DA:9,0
DA:96,0
LF:8
LH:0
BRF:0
BRH:0
end_of_record
TN:
SF:src/pages/Home.tsx
FN:8,(anonymous_10)
FN:8,(anonymous_11)
FN:13,(anonymous_12)
FNF:3
FNH:3
FNDA:1,(anonymous_10)
FNDA:1,(anonymous_11)
FNDA:1,(anonymous_12)
DA:1,1
DA:2,1
DA:4,1
DA:5,1
DA:8,2
DA:13,1
DA:14,1
DA:112,1
LF:8
LH:8
BRF:0
BRH:0
end_of_record
TN:
SF:src/pages/ImmutableInfrastructure.tsx
FN:8,(anonymous_1)
FNF:1
FNH:0
FNDA:0,(anonymous_1)
DA:1,0
DA:2,0
DA:4,0
DA:5,0
DA:6,0
DA:8,0
DA:9,0
DA:92,0
LF:8
LH:0
BRF:0
BRH:0
end_of_record
TN:
SF:src/pages/Insights.tsx
FN:14,(anonymous_10)
FN:15,(anonymous_11)
FN:18,(anonymous_12)
FN:84,(anonymous_13)
FN:111,(anonymous_14)
FN:126,(anonymous_15)
FN:145,(anonymous_16)
FN:149,(anonymous_17)
FN:172,(anonymous_18)
FNF:9
FNH:9
FNDA:2,(anonymous_10)
FNDA:4,(anonymous_11)
FNDA:2,(anonymous_12)
FNDA:2,(anonymous_13)
FNDA:2,(anonymous_14)
FNDA:6,(anonymous_15)
FNDA:8,(anonymous_16)
FNDA:52,(anonymous_17)
FNDA:8,(anonymous_18)
DA:1,2
DA:2,2
DA:3,2
DA:5,2
DA:6,2
DA:14,2
DA:15,4
DA:18,2
DA:67,2
DA:75,2
DA:84,2
DA:112,2
DA:127,6
DA:146,8
DA:150,52
DA:173,8
DA:192,2
LF:17
LH:17
BRF:0
BRH:0
end_of_record
TN:
SF:src/pages/InsightsDetail.tsx
FN:12,(anonymous_1)
FN:17,(anonymous_2)
FN:27,(anonymous_3)
FN:30,(anonymous_4)
FN:51,(anonymous_5)
FN:53,(anonymous_6)
FN:55,(anonymous_7)
FN:95,(anonymous_8)
FNF:8
FNH:6
FNDA:2,(anonymous_1)
FNDA:10,(anonymous_2)
FNDA:0,(anonymous_3)
FNDA:0,(anonymous_4)
FNDA:2,(anonymous_5)
FNDA:4,(anonymous_6)
FNDA:2,(anonymous_7)
FNDA:3,(anonymous_8)
DA:1,2
DA:2,2
DA:3,2
DA:5,2
DA:6,2
DA:12,2
DA:13,2
DA:15,2
DA:18,10
DA:19,4
DA:26,6
DA:27,0
DA:28,0
DA:31,0
DA:32,0
DA:33,0
DA:41,6
DA:42,6
DA:51,2
DA:52,2
DA:53,4
DA:55,2
DA:59,2
DA:60,0
DA:63,2
DA:96,3
DA:135,2
LF:27
LH:21
BRDA:18,0,0,4
BRDA:26,1,0,0
BRDA:59,2,0,0
BRDA:65,3,0,2
BRDA:65,3,1,2
BRF:5
BRH:3
end_of_record
TN:
SF:src/pages/LogicOverEmotion.tsx
FN:8,(anonymous_1)
FNF:1
FNH:0
FNDA:0,(anonymous_1)
DA:1,0
DA:2,0
DA:4,0
DA:5,0
DA:6,0
DA:8,0
DA:9,0
DA:66,0
LF:8
LH:0
BRF:0
BRH:0
end_of_record
TN:
SF:src/pages/ModernFrontend.tsx
FN:8,(anonymous_1)
FNF:1
FNH:0
FNDA:0,(anonymous_1)
DA:1,0
DA:2,0
DA:4,0
DA:5,0
DA:6,0
DA:8,0
DA:9,0
DA:102,0
LF:8
LH:0
BRF:0
BRH:0
end_of_record
TN:
SF:src/pages/Observability.tsx
FN:8,(anonymous_1)
FNF:1
FNH:0
FNDA:0,(anonymous_1)
DA:1,0
DA:2,0
DA:4,0
DA:5,0
DA:6,0
DA:8,0
DA:9,0
DA:92,0
LF:8
LH:0
BRF:0
BRH:0
end_of_record
TN:
SF:src/pages/PlatformArchitecture.tsx
FN:8,(anonymous_1)
FNF:1
FNH:0
FNDA:0,(anonymous_1)
DA:1,0
DA:2,0
DA:4,0
DA:5,0
DA:6,0
DA:8,0
DA:9,0
DA:157,0
LF:8
LH:0
BRF:0
BRH:0
end_of_record
TN:
SF:src/pages/PolicyAsCode.tsx
FN:8,(anonymous_1)
FNF:1
FNH:0
FNDA:0,(anonymous_1)
DA:1,0
DA:2,0
DA:4,0
DA:5,0
DA:6,0
DA:8,0
DA:9,0
DA:92,0
LF:8
LH:0
BRF:0
BRH:0
end_of_record
TN:
SF:src/pages/ProductEngineering.tsx
FN:8,(anonymous_1)
FNF:1
FNH:0
FNDA:0,(anonymous_1)
DA:1,0
DA:2,0
DA:4,0
DA:5,0
DA:6,0
DA:8,0
DA:9,0
DA:140,0
LF:8
LH:0
BRF:0
BRH:0
end_of_record
TN:
SF:src/pages/ProductTrios.tsx
FN:8,(anonymous_1)
FNF:1
FNH:0
FNDA:0,(anonymous_1)
DA:1,0
DA:2,0
DA:4,0
DA:5,0
DA:6,0
DA:8,0
DA:9,0
DA:107,0
LF:8
LH:0
BRF:0
BRH:0
end_of_record
TN:
SF:src/pages/ProjectDetail.tsx
FN:15,(anonymous_10)
FN:16,(anonymous_11)
FN:20,(anonymous_12)
FN:23,(anonymous_13)
FN:24,(anonymous_14)
FN:29,(anonymous_15)
FN:40,(anonymous_16)
FN:58,(anonymous_17)
FN:60,(anonymous_18)
FN:62,(anonymous_19)
FN:65,(anonymous_20)
FN:67,(anonymous_21)
FN:70,(anonymous_22)
FN:71,(anonymous_23)
FN:119,(anonymous_24)
FN:221,(anonymous_25)
FN:242,(anonymous_26)
FN:257,(anonymous_27)
FNF:18
FNH:15
FNDA:2,(anonymous_10)
FNDA:2,(anonymous_11)
FNDA:2,(anonymous_12)
FNDA:0,(anonymous_13)
FNDA:0,(anonymous_14)
FNDA:2,(anonymous_15)
FNDA:0,(anonymous_16)
FNDA:2,(anonymous_17)
FNDA:4,(anonymous_18)
FNDA:2,(anonymous_19)
FNDA:8,(anonymous_20)
FNDA:38,(anonymous_21)
FNDA:3,(anonymous_22)
FNDA:5,(anonymous_23)
FNDA:3,(anonymous_24)
FNDA:4,(anonymous_25)
FNDA:2,(anonymous_26)
FNDA:1,(anonymous_27)
DA:1,2
DA:2,2
DA:3,2
DA:4,2
DA:6,2
DA:8,2
DA:9,2
DA:15,2
DA:16,2
DA:18,2
DA:20,2
DA:22,2
DA:23,0
DA:24,0
DA:28,2
DA:29,2
DA:31,2
DA:32,1
DA:34,1
DA:37,0
DA:41,0
DA:48,1
DA:52,2
DA:58,2
DA:59,2
DA:60,4
DA:62,2
DA:65,2
DA:66,8
DA:67,38
DA:70,3
DA:71,5
DA:73,2
DA:74,0
DA:77,2
DA:120,3
DA:222,4
DA:243,2
DA:258,1
DA:277,2
LF:40
LH:35
BRDA:22,0,0,0
BRDA:22,1,0,2
BRDA:22,1,1,2
BRDA:29,2,0,2
BRDA:29,2,1,1
BRDA:29,2,2,1
BRDA:29,2,3,1
BRDA:31,3,0,1
BRDA:32,4,0,1
BRDA:66,5,0,0
BRDA:66,6,0,8
BRDA:66,6,1,8
BRDA:70,7,0,2
BRDA:70,7,1,0
BRDA:71,8,0,2
BRDA:71,8,1,0
BRDA:73,9,0,0
BRDA:169,10,0,2
BRDA:169,10,1,0
BRDA:169,10,2,0
BRDA:176,11,0,0
BRDA:176,11,1,0
BRDA:183,12,0,0
BRDA:183,12,1,0
BRDA:190,13,0,0
BRDA:190,13,1,0
BRDA:197,14,0,0
BRDA:197,14,1,0
BRDA:208,15,0,2
BRDA:208,15,1,1
BRDA:234,16,0,2
BRDA:234,16,1,1
BRDA:234,16,2,1
BRDA:238,17,0,1
BRDA:238,17,1,1
BRDA:253,18,0,1
BRDA:253,18,1,1
BRF:37
BRH:22
end_of_record
TN:
SF:src/pages/Projects.tsx
FN:25,(anonymous_10)
FN:26,(anonymous_11)
FN:28,(anonymous_12)
FN:30,(anonymous_13)
FN:47,(anonymous_14)
FN:69,(anonymous_15)
FN:79,(anonymous_16)
FN:103,(anonymous_17)
FNF:8
FNH:8
FNDA:1,(anonymous_10)
FNDA:2,(anonymous_11)
FNDA:1,(anonymous_12)
FNDA:64,(anonymous_13)
FNDA:64,(anonymous_14)
FNDA:9,(anonymous_15)
FNDA:64,(anonymous_16)
FNDA:192,(anonymous_17)
DA:1,1
DA:2,1
DA:3,1
DA:5,1
DA:6,1
DA:10,1
DA:25,1
DA:26,2
DA:28,1
DA:29,1
DA:30,1
DA:31,64
DA:32,64
DA:33,64
DA:35,1
DA:38,1
DA:47,64
DA:70,9
DA:71,9
DA:73,9
DA:80,64
DA:104,192
DA:126,1
LF:23
LH:23
BRDA:31,0,0,64
BRDA:31,0,1,0
BRDA:32,1,0,9
BRDA:71,2,0,0
BRF:4
BRH:2
end_of_record
TN:
SF:src/pages/SharedUnderstanding.tsx
FN:8,(anonymous_1)
FNF:1
FNH:0
FNDA:0,(anonymous_1)
DA:1,0
DA:2,0
DA:4,0
DA:5,0
DA:6,0
DA:8,0
DA:9,0
DA:92,0
LF:8
LH:0
BRF:0
BRH:0
end_of_record
TN:
SF:src/pages/StrategicLeadership.tsx
FN:8,(anonymous_1)
FNF:1
FNH:0
FNDA:0,(anonymous_1)
DA:1,0
DA:2,0
DA:4,0
DA:5,0
DA:6,0
DA:8,0
DA:9,0
DA:138,0
LF:8
LH:0
BRF:0
BRH:0
end_of_record
TN:
SF:src/pages/SystemDocumentation.tsx
FN:8,(anonymous_1)
FNF:1
FNH:0
FNDA:0,(anonymous_1)
DA:1,0
DA:2,0
DA:4,0
DA:5,0
DA:6,0
DA:8,0
DA:9,0
DA:92,0
LF:8
LH:0
BRF:0
BRH:0
end_of_record
TN:
SF:src/pages/SystemsInfrastructure.tsx
FN:8,(anonymous_1)
FNF:1
FNH:0
FNDA:0,(anonymous_1)
DA:1,0
DA:2,0
DA:4,0
DA:5,0
DA:6,0
DA:8,0
DA:9,0
DA:92,0
LF:8
LH:0
BRF:0
BRH:0
end_of_record
TN:
SF:src/pages/TagDetail.tsx
FN:11,(anonymous_10)
FN:15,(anonymous_11)
FN:18,(anonymous_12)
FN:21,(anonymous_13)
FN:22,(anonymous_14)
FN:25,(anonymous_15)
FN:26,(anonymous_16)
FN:30,(anonymous_17)
FN:32,(anonymous_18)
FN:72,(anonymous_19)
FN:84,(anonymous_20)
FN:112,(anonymous_21)
FN:134,(anonymous_22)
FN:159,(anonymous_23)
FN:171,(anonymous_24)
FNF:15
FNH:0
FNDA:0,(anonymous_10)
FNDA:0,(anonymous_11)
FNDA:0,(anonymous_12)
FNDA:0,(anonymous_13)
FNDA:0,(anonymous_14)
FNDA:0,(anonymous_15)
FNDA:0,(anonymous_16)
FNDA:0,(anonymous_17)
FNDA:0,(anonymous_18)
FNDA:0,(anonymous_19)
FNDA:0,(anonymous_20)
FNDA:0,(anonymous_21)
FNDA:0,(anonymous_22)
FNDA:0,(anonymous_23)
FNDA:0,(anonymous_24)
DA:1,0
DA:2,0
DA:3,0
DA:5,0
DA:6,0
DA:7,0
DA:11,0
DA:12,0
DA:13,0
DA:15,0
DA:18,0
DA:19,0
DA:21,0
DA:22,0
DA:25,0
DA:26,0
DA:29,0
DA:30,0
DA:32,0
DA:36,0
DA:38,0
DA:73,0
DA:85,0
DA:113,0
DA:135,0
DA:160,0
DA:172,0
DA:192,0
LF:28
LH:0
BRDA:13,0,0,0
BRDA:13,0,1,0
BRDA:36,1,0,0
BRDA:36,1,1,0
BRDA:36,1,2,0
BRDA:52,2,0,0
BRDA:52,2,1,0
BRDA:58,3,0,0
BRDA:58,3,1,0
BRDA:65,4,0,0
BRDA:65,4,1,0
BRDA:93,5,0,0
BRDA:93,5,1,0
BRDA:105,6,0,0
BRDA:105,6,1,0
BRDA:118,7,0,0
BRDA:118,7,1,0
BRDA:152,8,0,0
BRDA:152,8,1,0
BRF:19
BRH:0
end_of_record
TN:
SF:src/pages/TechnicalRFCs.tsx
FN:8,(anonymous_1)
FNF:1
FNH:0
FNDA:0,(anonymous_1)
DA:1,0
DA:2,0
DA:4,0
DA:5,0
DA:6,0
DA:8,0
DA:9,0
DA:96,0
LF:8
LH:0
BRF:0
BRH:0
end_of_record
TN:
SF:src/pages/WorkingStyle.tsx
FN:7,(anonymous_1)
FNF:1
FNH:0
FNDA:0,(anonymous_1)
DA:1,0
DA:2,0
DA:4,0
DA:5,0
DA:7,0
DA:8,0
DA:116,0
LF:7
LH:0
BRF:0
BRH:0
end_of_record
TN:
SF:src/pages/WrittenCulture.tsx
FN:8,(anonymous_1)
FNF:1
FNH:0
FNDA:0,(anonymous_1)
DA:1,0
DA:2,0
DA:4,0
DA:5,0
DA:6,0
DA:8,0
DA:9,0
DA:68,0
LF:8
LH:0
BRF:0
BRH:0
end_of_record
TN:
SF:src/pages/ZeroTrust.tsx
FN:8,(anonymous_1)
FNF:1
FNH:0
FNDA:0,(anonymous_1)
DA:1,0
DA:2,0
DA:4,0
DA:5,0
DA:6,0
DA:8,0
DA:9,0
DA:95,0
LF:8
LH:0
BRF:0
BRH:0
end_of_record
TN:
SF:src/store/contentSlice.ts
FN:2971,(anonymous_0)
FN:2986,(anonymous_1)
FNF:2
FNH:1
FNDA:6,(anonymous_0)
FNDA:0,(anonymous_1)
DA:7,3
DA:12,3
DA:2806,3
DA:2866,3
DA:2905,3
DA:2968,3
DA:2971,6
DA:2981,3
DA:2987,0
DA:2992,3
DA:2993,3
LF:11
LH:10
BRF:0
BRH:0
end_of_record
