TN:
SF:src/App.tsx
FN:9,(anonymous_10)
FN:9,(anonymous_11)
FN:10,(anonymous_12)
FN:10,(anonymous_13)
FN:11,(anonymous_14)
FN:11,(anonymous_15)
FN:12,(anonymous_16)
FN:12,(anonymous_17)
FN:13,(anonymous_18)
FN:13,(anonymous_19)
FN:14,(anonymous_20)
FN:14,(anonymous_21)
FN:15,(anonymous_22)
FN:15,(anonymous_23)
FN:16,(anonymous_24)
FN:16,(anonymous_25)
FN:17,(anonymous_26)
FN:17,(anonymous_27)
FN:18,(anonymous_28)
FN:18,(anonymous_29)
FN:19,(anonymous_30)
FN:19,(anonymous_31)
FN:20,(anonymous_32)
FN:20,(anonymous_33)
FN:21,(anonymous_34)
FN:21,(anonymous_35)
FN:22,(anonymous_36)
FN:22,(anonymous_37)
FN:23,(anonymous_38)
FN:23,(anonymous_39)
FN:24,(anonymous_40)
FN:24,(anonymous_41)
FN:25,(anonymous_42)
FN:25,(anonymous_43)
FN:26,(anonymous_44)
FN:26,(anonymous_45)
FN:27,(anonymous_46)
FN:27,(anonymous_47)
FN:28,(anonymous_48)
FN:28,(anonymous_49)
FN:29,(anonymous_50)
FN:29,(anonymous_51)
FN:30,(anonymous_52)
FN:30,(anonymous_53)
FN:31,(anonymous_54)
FN:31,(anonymous_55)
FN:32,(anonymous_56)
FN:32,(anonymous_57)
FN:33,(anonymous_58)
FN:33,(anonymous_59)
FN:34,(anonymous_60)
FN:34,(anonymous_61)
FN:35,(anonymous_62)
FN:35,(anonymous_63)
FN:36,(anonymous_64)
FN:36,(anonymous_65)
FN:37,(anonymous_66)
FN:37,(anonymous_67)
FN:39,(anonymous_68)
FN:39,(anonymous_69)
FN:40,(anonymous_70)
FN:40,(anonymous_71)
FN:41,(anonymous_72)
FN:41,(anonymous_73)
FN:42,(anonymous_74)
FN:42,(anonymous_75)
FN:43,(anonymous_76)
FN:43,(anonymous_77)
FN:44,(anonymous_78)
FN:44,(anonymous_79)
FN:45,(anonymous_80)
FN:45,(anonymous_81)
FN:47,(anonymous_82)
FN:47,(anonymous_83)
FN:48,(anonymous_84)
FN:48,(anonymous_85)
FN:49,(anonymous_86)
FN:49,(anonymous_87)
FN:58,(anonymous_88)
FNF:79
FNH:17
FNDA:1,(anonymous_10)
FNDA:1,(anonymous_11)
FNDA:1,(anonymous_12)
FNDA:1,(anonymous_13)
FNDA:0,(anonymous_14)
FNDA:0,(anonymous_15)
FNDA:0,(anonymous_16)
FNDA:0,(anonymous_17)
FNDA:0,(anonymous_18)
FNDA:0,(anonymous_19)
FNDA:0,(anonymous_20)
FNDA:0,(anonymous_21)
FNDA:1,(anonymous_22)
FNDA:1,(anonymous_23)
FNDA:1,(anonymous_24)
FNDA:1,(anonymous_25)
FNDA:1,(anonymous_26)
FNDA:1,(anonymous_27)
FNDA:1,(anonymous_28)
FNDA:1,(anonymous_29)
FNDA:1,(anonymous_30)
FNDA:1,(anonymous_31)
FNDA:0,(anonymous_32)
FNDA:0,(anonymous_33)
FNDA:0,(anonymous_34)
FNDA:0,(anonymous_35)
FNDA:0,(anonymous_36)
FNDA:0,(anonymous_37)
FNDA:0,(anonymous_38)
FNDA:0,(anonymous_39)
FNDA:0,(anonymous_40)
FNDA:0,(anonymous_41)
FNDA:0,(anonymous_42)
FNDA:0,(anonymous_43)
FNDA:0,(anonymous_44)
FNDA:0,(anonymous_45)
FNDA:0,(anonymous_46)
FNDA:0,(anonymous_47)
FNDA:0,(anonymous_48)
FNDA:0,(anonymous_49)
FNDA:0,(anonymous_50)
FNDA:0,(anonymous_51)
FNDA:0,(anonymous_52)
FNDA:0,(anonymous_53)
FNDA:0,(anonymous_54)
FNDA:0,(anonymous_55)
FNDA:0,(anonymous_56)
FNDA:0,(anonymous_57)
FNDA:0,(anonymous_58)
FNDA:0,(anonymous_59)
FNDA:0,(anonymous_60)
FNDA:0,(anonymous_61)
FNDA:0,(anonymous_62)
FNDA:0,(anonymous_63)
FNDA:0,(anonymous_64)
FNDA:0,(anonymous_65)
FNDA:1,(anonymous_66)
FNDA:1,(anonymous_67)
FNDA:0,(anonymous_68)
FNDA:0,(anonymous_69)
FNDA:0,(anonymous_70)
FNDA:0,(anonymous_71)
FNDA:0,(anonymous_72)
FNDA:0,(anonymous_73)
FNDA:0,(anonymous_74)
FNDA:0,(anonymous_75)
FNDA:0,(anonymous_76)
FNDA:0,(anonymous_77)
FNDA:0,(anonymous_78)
FNDA:0,(anonymous_79)
FNDA:0,(anonymous_80)
FNDA:0,(anonymous_81)
FNDA:0,(anonymous_82)
FNDA:0,(anonymous_83)
FNDA:0,(anonymous_84)
FNDA:0,(anonymous_85)
FNDA:0,(anonymous_86)
FNDA:0,(anonymous_87)
FNDA:9,(anonymous_88)
DA:1,1
DA:2,1
DA:4,1
DA:5,1
DA:6,1
DA:9,2
DA:10,2
DA:11,1
DA:12,1
DA:13,1
DA:14,1
DA:15,2
DA:16,2
DA:17,2
DA:18,2
DA:19,2
DA:20,1
DA:21,1
DA:22,1
DA:23,1
DA:24,1
DA:25,1
DA:26,1
DA:27,1
DA:28,1
DA:29,1
DA:30,1
DA:31,1
DA:32,1
DA:33,1
DA:34,1
DA:35,1
DA:36,1
DA:37,2
DA:39,1
DA:40,1
DA:41,1
DA:42,1
DA:43,1
DA:44,1
DA:45,1
DA:47,1
DA:48,1
DA:49,1
DA:58,1
DA:59,9
DA:135,1
LF:47
LH:47
BRF:0
BRH:0
end_of_record
TN:
SF:src/config.ts
FNF:0
FNH:0
DA:1,0
LF:1
LH:0
BRDA:9,0,0,0
BRDA:9,0,1,0
BRF:2
BRH:0
end_of_record
TN:
SF:src/components/ProjectRadarChart.tsx
FN:18,(anonymous_1)
FNF:1
FNH:1
FNDA:2,(anonymous_1)
DA:1,3
DA:2,3
DA:18,3
DA:19,2
DA:27,2
DA:66,3
LF:6
LH:6
BRF:0
BRH:0
end_of_record
TN:
SF:src/components/RelatedProjects.tsx
FN:14,(anonymous_1)
FN:19,(anonymous_2)
FN:22,(anonymous_3)
FN:23,(anonymous_4)
FN:34,(anonymous_5)
FN:56,(anonymous_6)
FN:60,(anonymous_7)
FNF:7
FNH:6
FNDA:3,(anonymous_1)
FNDA:6,(anonymous_2)
FNDA:11,(anonymous_3)
FNDA:13,(anonymous_4)
FNDA:5,(anonymous_5)
FNDA:9,(anonymous_6)
FNDA:0,(anonymous_7)
DA:1,1
DA:2,1
DA:3,1
DA:6,1
DA:14,1
DA:19,6
DA:22,3
DA:23,13
DA:26,3
DA:28,2
DA:35,5
DA:57,9
DA:60,0
DA:75,1
LF:14
LH:13
BRDA:15,0,0,3
BRDA:17,1,0,3
BRDA:26,2,0,1
BRF:3
BRH:3
end_of_record
TN:
SF:src/components/WorkingStyleRadarChart.tsx
FN:42,(anonymous_1)
FNF:1
FNH:1
FNDA:2,(anonymous_1)
DA:1,2
DA:2,2
DA:13,2
DA:15,2
DA:42,2
DA:43,2
DA:89,2
LF:7
LH:7
BRF:0
BRH:0
end_of_record
TN:
SF:src/components/Layout/Layout.tsx
FN:21,(anonymous_1)
FNF:1
FNH:1
FNDA:9,(anonymous_1)
DA:1,2
DA:3,2
DA:4,2
DA:5,2
DA:21,2
DA:22,9
DA:51,2
LF:7
LH:7
BRF:0
BRH:0
end_of_record
TN:
SF:src/components/Layout/Navbar.tsx
FN:14,(anonymous_9)
FN:20,(anonymous_10)
FN:21,(anonymous_11)
FN:25,(anonymous_12)
FN:36,(anonymous_13)
FN:61,(anonymous_14)
FN:80,(anonymous_15)
FN:102,(anonymous_16)
FN:106,(anonymous_17)
FNF:9
FNH:9
FNDA:19,(anonymous_9)
FNDA:14,(anonymous_10)
FNDA:1,(anonymous_11)
FNDA:14,(anonymous_12)
FNDA:190,(anonymous_13)
FNDA:90,(anonymous_14)
FNDA:1,(anonymous_15)
FNDA:5,(anonymous_16)
FNDA:2,(anonymous_17)
DA:1,2
DA:2,2
DA:14,2
DA:15,19
DA:16,18
DA:17,18
DA:20,18
DA:21,14
DA:22,1
DA:24,14
DA:25,14
DA:28,18
DA:36,18
DA:37,190
DA:38,172
DA:41,18
DA:62,90
DA:80,1
DA:103,5
DA:106,2
DA:123,2
LF:21
LH:21
BRDA:37,0,0,18
BRDA:37,1,0,190
BRDA:37,1,1,38
BRDA:44,2,0,1
BRDA:44,2,1,17
BRDA:65,3,0,17
BRDA:65,3,1,73
BRDA:69,4,0,17
BRDA:69,4,1,73
BRDA:86,5,0,1
BRDA:86,5,1,17
BRDA:96,6,0,18
BRDA:96,6,1,1
BRDA:107,7,0,1
BRDA:107,7,1,4
BRDA:109,8,0,1
BRDA:109,8,1,4
BRF:17
BRH:17
end_of_record
TN:
SF:src/components/SEO/SEO.tsx
FN:23,(anonymous_1)
FNF:1
FNH:1
FNDA:21,(anonymous_1)
DA:1,9
DA:2,9
DA:3,9
DA:23,9
DA:31,21
DA:32,21
DA:33,21
DA:35,21
DA:67,9
LF:9
LH:9
BRDA:26,0,0,19
BRDA:29,1,0,17
BRDA:33,2,0,16
BRDA:33,2,1,5
BRDA:33,3,0,5
BRDA:33,3,1,0
BRDA:40,4,0,21
BRDA:40,4,1,16
BRDA:48,5,0,21
BRDA:48,5,1,20
BRDA:55,6,0,21
BRDA:55,6,1,20
BRDA:58,7,0,21
BRDA:58,7,1,15
BRF:14
BRH:13
end_of_record
TN:
SF:src/components/UI/GlassCard.tsx
FN:23,(anonymous_1)
FNF:1
FNH:1
FNDA:202,(anonymous_1)
DA:1,10
DA:23,10
DA:24,202
DA:25,202
DA:26,202
DA:29,202
DA:44,202
DA:45,1
DA:56,201
DA:63,10
LF:10
LH:10
BRDA:23,0,0,2
BRDA:23,1,0,22
BRDA:25,2,0,174
BRDA:25,2,1,28
BRDA:26,3,0,1
BRDA:26,3,1,201
BRDA:44,4,0,1
BRF:7
BRH:7
end_of_record
TN:
SF:src/components/UI/LoadingScreen.tsx
FN:9,(anonymous_1)
FNF:1
FNH:1
FNDA:9,(anonymous_1)
DA:1,2
DA:9,2
DA:10,9
DA:22,2
LF:4
LH:4
BRF:0
BRH:0
end_of_record
TN:
SF:src/components/UI/RouteAnnouncer.tsx
FN:10,(anonymous_9)
FN:14,(anonymous_10)
FNF:2
FNH:2
FNDA:24,(anonymous_9)
FNDA:12,(anonymous_10)
DA:1,3
DA:2,3
DA:10,3
DA:11,24
DA:12,24
DA:14,24
DA:16,12
DA:18,12
DA:20,12
DA:23,24
DA:35,3
LF:11
LH:11
BRDA:16,0,0,3
BRDA:16,0,1,9
BRF:2
BRH:2
end_of_record
TN:
SF:src/components/Utils/ScrollToTop.tsx
FN:10,(anonymous_0)
FN:13,(anonymous_1)
FNF:2
FNH:2
FNDA:8,(anonymous_0)
FNDA:8,(anonymous_1)
DA:1,1
DA:2,1
DA:10,1
DA:11,8
DA:13,8
DA:14,8
DA:17,8
DA:20,1
LF:8
LH:8
BRF:0
BRH:0
end_of_record
TN:
SF:src/data/appContent.ts
FNF:0
FNH:0
DA:10,2
LF:1
LH:1
BRF:0
BRH:0
end_of_record
TN:
SF:src/pages/About.tsx
FN:13,(anonymous_1)
FN:14,(anonymous_2)
FN:17,(anonymous_3)
FN:19,(anonymous_4)
FN:19,(anonymous_5)
FN:122,(anonymous_6)
FN:140,(anonymous_7)
FN:176,(anonymous_8)
FN:183,(anonymous_9)
FN:196,(anonymous_10)
FN:226,(anonymous_11)
FN:242,(anonymous_12)
FNF:12
FNH:12
FNDA:4,(anonymous_1)
FNDA:4,(anonymous_2)
FNDA:16,(anonymous_3)
FNDA:1024,(anonymous_4)
FNDA:4462,(anonymous_5)
FNDA:6,(anonymous_6)
FNDA:18,(anonymous_7)
FNDA:10,(anonymous_8)
FNDA:50,(anonymous_9)
FNDA:30,(anonymous_10)
FNDA:6,(anonymous_11)
FNDA:10,(anonymous_12)
DA:1,2
DA:2,2
DA:3,2
DA:5,2
DA:6,2
DA:7,2
DA:13,2
DA:14,4
DA:17,2
DA:18,16
DA:19,4462
DA:22,2
DA:123,6
DA:126,6
DA:141,18
DA:159,6
DA:177,10
DA:179,10
DA:184,50
DA:197,30
DA:227,6
DA:243,10
DA:269,2
LF:23
LH:23
BRDA:18,0,0,0
BRDA:18,1,0,16
BRDA:18,1,1,16
BRDA:126,2,0,6
BRDA:126,2,1,0
BRDA:136,3,0,6
BRDA:136,3,1,6
BRDA:151,4,0,6
BRDA:151,4,1,6
BRDA:159,5,0,6
BRDA:159,5,1,0
BRDA:192,6,0,10
BRDA:192,6,1,10
BRF:13
BRH:10
end_of_record
TN:
SF:src/pages/BetterMorale.tsx
FN:8,(anonymous_1)
FNF:1
FNH:0
FNDA:0,(anonymous_1)
DA:1,0
DA:2,0
DA:4,0
DA:5,0
DA:6,0
DA:8,0
DA:9,0
DA:88,0
LF:8
LH:0
BRF:0
BRH:0
end_of_record
TN:
SF:src/pages/CDCPipelines.tsx
FN:8,(anonymous_1)
FNF:1
FNH:0
FNDA:0,(anonymous_1)
DA:1,0
DA:2,0
DA:4,0
DA:5,0
DA:6,0
DA:8,0
DA:9,0
DA:73,0
LF:8
LH:0
BRF:0
BRH:0
end_of_record
TN:
SF:src/pages/CloudArchitecture.tsx
FN:8,(anonymous_1)
FNF:1
FNH:0
FNDA:0,(anonymous_1)
DA:1,0
DA:2,0
DA:4,0
DA:5,0
DA:6,0
DA:8,0
DA:9,0
DA:130,0
LF:8
LH:0
BRF:0
BRH:0
end_of_record
TN:
SF:src/pages/ComponentLibrary.tsx
FN:8,(anonymous_1)
FNF:1
FNH:0
FNDA:0,(anonymous_1)
DA:1,0
DA:2,0
DA:4,0
DA:5,0
DA:6,0
DA:8,0
DA:9,0
DA:92,0
LF:8
LH:0
BRF:0
BRH:0
end_of_record
TN:
SF:src/pages/Contact.tsx
FN:10,(anonymous_1)
FNF:1
FNH:1
FNDA:2,(anonymous_1)
DA:1,2
DA:2,2
DA:4,2
DA:5,2
DA:10,2
DA:12,2
DA:116,2
LF:7
LH:7
BRF:0
BRH:0
end_of_record
TN:
SF:src/pages/CultureOfMastery.tsx
FN:8,(anonymous_1)
FNF:1
FNH:0
FNDA:0,(anonymous_1)
DA:1,0
DA:2,0
DA:4,0
DA:5,0
DA:6,0
DA:8,0
DA:9,0
DA:90,0
LF:8
LH:0
BRF:0
BRH:0
end_of_record
TN:
SF:src/pages/DORAmetrics.tsx
FN:8,(anonymous_1)
FNF:1
FNH:0
FNDA:0,(anonymous_1)
DA:1,0
DA:2,0
DA:4,0
DA:5,0
DA:6,0
DA:8,0
DA:9,0
DA:102,0
LF:8
LH:0
BRF:0
BRH:0
end_of_record
TN:
SF:src/pages/DataDrivenUX.tsx
FN:8,(anonymous_1)
FNF:1
FNH:0
FNDA:0,(anonymous_1)
DA:1,0
DA:2,0
DA:4,0
DA:5,0
DA:6,0
DA:8,0
DA:9,0
DA:103,0
LF:8
LH:0
BRF:0
BRH:0
end_of_record
TN:
SF:src/pages/DataEngineering.tsx
FN:8,(anonymous_1)
FNF:1
FNH:0
FNDA:0,(anonymous_1)
DA:1,0
DA:2,0
DA:4,0
DA:5,0
DA:6,0
DA:8,0
DA:9,0
DA:111,0
LF:8
LH:0
BRF:0
BRH:0
end_of_record
TN:
SF:src/pages/DataMesh.tsx
FN:8,(anonymous_1)
FNF:1
FNH:0
FNDA:0,(anonymous_1)
DA:1,0
DA:2,0
DA:4,0
DA:5,0
DA:6,0
DA:8,0
DA:9,0
DA:96,0
LF:8
LH:0
BRF:0
BRH:0
end_of_record
TN:
SF:src/pages/DeepWork.tsx
FN:8,(anonymous_1)
FNF:1
FNH:0
FNDA:0,(anonymous_1)
DA:1,0
DA:2,0
DA:4,0
DA:5,0
DA:6,0
DA:8,0
DA:9,0
DA:79,0
LF:8
LH:0
BRF:0
BRH:0
end_of_record
TN:
SF:src/pages/DesignSystems.tsx
FN:8,(anonymous_1)
FNF:1
FNH:0
FNDA:0,(anonymous_1)
DA:1,0
DA:2,0
DA:4,0
DA:5,0
DA:6,0
DA:8,0
DA:9,0
DA:121,0
LF:8
LH:0
BRF:0
BRH:0
end_of_record
TN:
SF:src/pages/DesignTokens.tsx
FN:8,(anonymous_1)
FNF:1
FNH:0
FNDA:0,(anonymous_1)
DA:1,0
DA:2,0
DA:4,0
DA:5,0
DA:6,0
DA:8,0
DA:9,0
DA:74,0
LF:8
LH:0
BRF:0
BRH:0
end_of_record
TN:
SF:src/pages/EmpoweredTeams.tsx
FN:8,(anonymous_1)
FNF:1
FNH:0
FNDA:0,(anonymous_1)
DA:1,0
DA:2,0
DA:4,0
DA:5,0
DA:6,0
DA:8,0
DA:9,0
DA:111,0
LF:8
LH:0
BRF:0
BRH:0
end_of_record
TN:
SF:src/pages/EventSourcing.tsx
FN:8,(anonymous_1)
FNF:1
FNH:0
FNDA:0,(anonymous_1)
DA:1,0
DA:2,0
DA:4,0
DA:5,0
DA:6,0
DA:8,0
DA:9,0
DA:92,0
LF:8
LH:0
BRF:0
BRH:0
end_of_record
TN:
SF:src/pages/FasterDiscovery.tsx
FN:8,(anonymous_1)
FNF:1
FNH:0
FNDA:0,(anonymous_1)
DA:1,0
DA:2,0
DA:4,0
DA:5,0
DA:6,0
DA:8,0
DA:9,0
DA:96,0
LF:8
LH:0
BRF:0
BRH:0
end_of_record
TN:
SF:src/pages/Home.tsx
FN:8,(anonymous_10)
FN:8,(anonymous_11)
FN:13,(anonymous_12)
FNF:3
FNH:3
FNDA:2,(anonymous_10)
FNDA:2,(anonymous_11)
FNDA:3,(anonymous_12)
DA:1,2
DA:2,2
DA:4,2
DA:5,2
DA:8,4
DA:13,2
DA:14,3
DA:112,2
LF:8
LH:8
BRF:0
BRH:0
end_of_record
TN:
SF:src/pages/ImmutableInfrastructure.tsx
FN:8,(anonymous_1)
FNF:1
FNH:0
FNDA:0,(anonymous_1)
DA:1,0
DA:2,0
DA:4,0
DA:5,0
DA:6,0
DA:8,0
DA:9,0
DA:92,0
LF:8
LH:0
BRF:0
BRH:0
end_of_record
TN:
SF:src/pages/Insights.tsx
FN:14,(anonymous_10)
FN:15,(anonymous_11)
FN:18,(anonymous_12)
FN:84,(anonymous_13)
FN:111,(anonymous_14)
FN:126,(anonymous_15)
FN:145,(anonymous_16)
FN:149,(anonymous_17)
FN:172,(anonymous_18)
FNF:9
FNH:9
FNDA:2,(anonymous_10)
FNDA:4,(anonymous_11)
FNDA:2,(anonymous_12)
FNDA:2,(anonymous_13)
FNDA:2,(anonymous_14)
FNDA:6,(anonymous_15)
FNDA:8,(anonymous_16)
FNDA:52,(anonymous_17)
FNDA:8,(anonymous_18)
DA:1,2
DA:2,2
DA:3,2
DA:5,2
DA:6,2
DA:14,2
DA:15,4
DA:18,2
DA:67,2
DA:75,2
DA:84,2
DA:112,2
DA:127,6
DA:146,8
DA:150,52
DA:173,8
DA:192,2
LF:17
LH:17
BRF:0
BRH:0
end_of_record
TN:
SF:src/pages/InsightsDetail.tsx
FN:12,(anonymous_1)
FN:17,(anonymous_2)
FN:27,(anonymous_3)
FN:30,(anonymous_4)
FN:51,(anonymous_5)
FN:53,(anonymous_6)
FN:55,(anonymous_7)
FN:95,(anonymous_8)
FNF:8
FNH:6
FNDA:2,(anonymous_1)
FNDA:10,(anonymous_2)
FNDA:0,(anonymous_3)
FNDA:0,(anonymous_4)
FNDA:2,(anonymous_5)
FNDA:4,(anonymous_6)
FNDA:2,(anonymous_7)
FNDA:3,(anonymous_8)
DA:1,2
DA:2,2
DA:3,2
DA:5,2
DA:6,2
DA:12,2
DA:13,2
DA:15,2
DA:18,10
DA:19,4
DA:26,6
DA:27,0
DA:28,0
DA:31,0
DA:32,0
DA:33,0
DA:41,6
DA:42,6
DA:51,2
DA:52,2
DA:53,4
DA:55,2
DA:59,2
DA:60,0
DA:63,2
DA:96,3
DA:135,2
LF:27
LH:21
BRDA:18,0,0,4
BRDA:26,1,0,0
BRDA:59,2,0,0
BRDA:65,3,0,2
BRDA:65,3,1,2
BRF:5
BRH:3
end_of_record
TN:
SF:src/pages/LogicOverEmotion.tsx
FN:8,(anonymous_1)
FNF:1
FNH:0
FNDA:0,(anonymous_1)
DA:1,0
DA:2,0
DA:4,0
DA:5,0
DA:6,0
DA:8,0
DA:9,0
DA:66,0
LF:8
LH:0
BRF:0
BRH:0
end_of_record
TN:
SF:src/pages/ModernFrontend.tsx
FN:8,(anonymous_1)
FNF:1
FNH:0
FNDA:0,(anonymous_1)
DA:1,0
DA:2,0
DA:4,0
DA:5,0
DA:6,0
DA:8,0
DA:9,0
DA:102,0
LF:8
LH:0
BRF:0
BRH:0
end_of_record
TN:
SF:src/pages/Observability.tsx
FN:8,(anonymous_1)
FNF:1
FNH:0
FNDA:0,(anonymous_1)
DA:1,0
DA:2,0
DA:4,0
DA:5,0
DA:6,0
DA:8,0
DA:9,0
DA:92,0
LF:8
LH:0
BRF:0
BRH:0
end_of_record
TN:
SF:src/pages/PlatformArchitecture.tsx
FN:8,(anonymous_1)
FNF:1
FNH:0
FNDA:0,(anonymous_1)
DA:1,0
DA:2,0
DA:4,0
DA:5,0
DA:6,0
DA:8,0
DA:9,0
DA:157,0
LF:8
LH:0
BRF:0
BRH:0
end_of_record
TN:
SF:src/pages/PolicyAsCode.tsx
FN:8,(anonymous_1)
FNF:1
FNH:0
FNDA:0,(anonymous_1)
DA:1,0
DA:2,0
DA:4,0
DA:5,0
DA:6,0
DA:8,0
DA:9,0
DA:92,0
LF:8
LH:0
BRF:0
BRH:0
end_of_record
TN:
SF:src/pages/ProductEngineering.tsx
FN:8,(anonymous_1)
FNF:1
FNH:0
FNDA:0,(anonymous_1)
DA:1,0
DA:2,0
DA:4,0
DA:5,0
DA:6,0
DA:8,0
DA:9,0
DA:140,0
LF:8
LH:0
BRF:0
BRH:0
end_of_record
TN:
SF:src/pages/ProductTrios.tsx
FN:8,(anonymous_1)
FNF:1
FNH:0
FNDA:0,(anonymous_1)
DA:1,0
DA:2,0
DA:4,0
DA:5,0
DA:6,0
DA:8,0
DA:9,0
DA:107,0
LF:8
LH:0
BRF:0
BRH:0
end_of_record
TN:
SF:src/pages/ProjectDetail.tsx
FN:14,(anonymous_10)
FN:15,(anonymous_11)
FN:19,(anonymous_12)
FN:22,(anonymous_13)
FN:23,(anonymous_14)
FN:28,(anonymous_15)
FN:39,(anonymous_16)
FN:57,(anonymous_17)
FN:59,(anonymous_18)
FN:61,(anonymous_19)
FN:64,(anonymous_20)
FN:66,(anonymous_21)
FN:69,(anonymous_22)
FN:70,(anonymous_23)
FN:118,(anonymous_24)
FN:220,(anonymous_25)
FN:241,(anonymous_26)
FN:256,(anonymous_27)
FNF:18
FNH:15
FNDA:2,(anonymous_10)
FNDA:2,(anonymous_11)
FNDA:2,(anonymous_12)
FNDA:0,(anonymous_13)
FNDA:0,(anonymous_14)
FNDA:2,(anonymous_15)
FNDA:0,(anonymous_16)
FNDA:2,(anonymous_17)
FNDA:4,(anonymous_18)
FNDA:2,(anonymous_19)
FNDA:8,(anonymous_20)
FNDA:38,(anonymous_21)
FNDA:3,(anonymous_22)
FNDA:5,(anonymous_23)
FNDA:3,(anonymous_24)
FNDA:4,(anonymous_25)
FNDA:2,(anonymous_26)
FNDA:1,(anonymous_27)
DA:1,2
DA:2,2
DA:3,2
DA:4,2
DA:6,2
DA:7,2
DA:8,2
DA:14,2
DA:15,2
DA:17,2
DA:19,2
DA:21,2
DA:22,0
DA:23,0
DA:27,2
DA:28,2
DA:30,2
DA:31,1
DA:33,1
DA:36,0
DA:40,0
DA:47,1
DA:51,2
DA:57,2
DA:58,2
DA:59,4
DA:61,2
DA:64,2
DA:65,8
DA:66,38
DA:69,3
DA:70,5
DA:72,2
DA:73,0
DA:76,2
DA:119,3
DA:221,4
DA:242,2
DA:257,1
DA:276,2
LF:40
LH:35
BRDA:21,0,0,0
BRDA:21,1,0,2
BRDA:21,1,1,2
BRDA:28,2,0,2
BRDA:28,2,1,1
BRDA:28,2,2,1
BRDA:28,2,3,1
BRDA:30,3,0,1
BRDA:31,4,0,1
BRDA:65,5,0,0
BRDA:65,6,0,8
BRDA:65,6,1,8
BRDA:69,7,0,2
BRDA:69,7,1,0
BRDA:70,8,0,2
BRDA:70,8,1,0
BRDA:72,9,0,0
BRDA:168,10,0,2
BRDA:168,10,1,0
BRDA:168,10,2,0
BRDA:175,11,0,0
BRDA:175,11,1,0
BRDA:182,12,0,0
BRDA:182,12,1,0
BRDA:189,13,0,0
BRDA:189,13,1,0
BRDA:196,14,0,0
BRDA:196,14,1,0
BRDA:207,15,0,2
BRDA:207,15,1,1
BRDA:233,16,0,2
BRDA:233,16,1,1
BRDA:233,16,2,1
BRDA:237,17,0,1
BRDA:237,17,1,1
BRDA:252,18,0,1
BRDA:252,18,1,1
BRF:37
BRH:22
end_of_record
TN:
SF:src/pages/Projects.tsx
FN:25,(anonymous_10)
FN:26,(anonymous_11)
FN:28,(anonymous_12)
FN:30,(anonymous_13)
FN:47,(anonymous_14)
FN:69,(anonymous_15)
FN:79,(anonymous_16)
FN:103,(anonymous_17)
FNF:8
FNH:8
FNDA:2,(anonymous_10)
FNDA:4,(anonymous_11)
FNDA:2,(anonymous_12)
FNDA:128,(anonymous_13)
FNDA:128,(anonymous_14)
FNDA:18,(anonymous_15)
FNDA:128,(anonymous_16)
FNDA:384,(anonymous_17)
DA:1,2
DA:2,2
DA:3,2
DA:5,2
DA:6,2
DA:10,2
DA:25,2
DA:26,4
DA:28,2
DA:29,2
DA:30,2
DA:31,128
DA:32,128
DA:33,128
DA:35,2
DA:38,2
DA:47,128
DA:70,18
DA:71,18
DA:73,18
DA:80,128
DA:104,384
DA:126,2
LF:23
LH:23
BRDA:31,0,0,128
BRDA:31,0,1,0
BRDA:32,1,0,18
BRDA:71,2,0,0
BRF:4
BRH:2
end_of_record
TN:
SF:src/pages/SharedUnderstanding.tsx
FN:8,(anonymous_1)
FNF:1
FNH:0
FNDA:0,(anonymous_1)
DA:1,0
DA:2,0
DA:4,0
DA:5,0
DA:6,0
DA:8,0
DA:9,0
DA:92,0
LF:8
LH:0
BRF:0
BRH:0
end_of_record
TN:
SF:src/pages/StrategicLeadership.tsx
FN:8,(anonymous_1)
FNF:1
FNH:0
FNDA:0,(anonymous_1)
DA:1,0
DA:2,0
DA:4,0
DA:5,0
DA:6,0
DA:8,0
DA:9,0
DA:138,0
LF:8
LH:0
BRF:0
BRH:0
end_of_record
TN:
SF:src/pages/SystemDocumentation.tsx
FN:8,(anonymous_1)
FNF:1
FNH:0
FNDA:0,(anonymous_1)
DA:1,0
DA:2,0
DA:4,0
DA:5,0
DA:6,0
DA:8,0
DA:9,0
DA:92,0
LF:8
LH:0
BRF:0
BRH:0
end_of_record
TN:
SF:src/pages/SystemsInfrastructure.tsx
FN:8,(anonymous_1)
FNF:1
FNH:0
FNDA:0,(anonymous_1)
DA:1,0
DA:2,0
DA:4,0
DA:5,0
DA:6,0
DA:8,0
DA:9,0
DA:92,0
LF:8
LH:0
BRF:0
BRH:0
end_of_record
TN:
SF:src/pages/TagDetail.tsx
FN:11,(anonymous_10)
FN:15,(anonymous_11)
FN:18,(anonymous_12)
FN:21,(anonymous_13)
FN:22,(anonymous_14)
FN:25,(anonymous_15)
FN:26,(anonymous_16)
FN:30,(anonymous_17)
FN:32,(anonymous_18)
FN:72,(anonymous_19)
FN:84,(anonymous_20)
FN:112,(anonymous_21)
FN:134,(anonymous_22)
FN:159,(anonymous_23)
FN:171,(anonymous_24)
FNF:15
FNH:13
FNDA:4,(anonymous_10)
FNDA:8,(anonymous_11)
FNDA:4,(anonymous_12)
FNDA:71,(anonymous_13)
FNDA:276,(anonymous_14)
FNDA:116,(anonymous_15)
FNDA:519,(anonymous_16)
FNDA:8,(anonymous_17)
FNDA:8,(anonymous_18)
FNDA:8,(anonymous_19)
FNDA:24,(anonymous_20)
FNDA:13,(anonymous_21)
FNDA:36,(anonymous_22)
FNDA:0,(anonymous_23)
FNDA:0,(anonymous_24)
DA:1,2
DA:2,2
DA:3,2
DA:5,2
DA:6,2
DA:7,2
DA:11,2
DA:12,4
DA:13,4
DA:15,8
DA:18,4
DA:19,4
DA:21,4
DA:22,276
DA:25,4
DA:26,519
DA:29,4
DA:30,8
DA:32,8
DA:36,4
DA:38,4
DA:73,8
DA:85,24
DA:113,13
DA:135,36
DA:160,0
DA:172,0
DA:192,2
LF:28
LH:26
BRDA:13,0,0,4
BRDA:13,0,1,0
BRDA:36,1,0,4
BRDA:36,1,1,1
BRDA:36,1,2,1
BRDA:52,2,0,3
BRDA:52,2,1,1
BRDA:58,3,0,4
BRDA:58,3,1,1
BRDA:65,4,0,4
BRDA:65,4,1,3
BRDA:93,5,0,8
BRDA:93,5,1,8
BRDA:105,6,0,4
BRDA:105,6,1,3
BRDA:118,7,0,13
BRDA:118,7,1,0
BRDA:152,8,0,4
BRDA:152,8,1,0
BRF:19
BRH:16
end_of_record
TN:
SF:src/pages/TechnicalRFCs.tsx
FN:8,(anonymous_1)
FNF:1
FNH:0
FNDA:0,(anonymous_1)
DA:1,0
DA:2,0
DA:4,0
DA:5,0
DA:6,0
DA:8,0
DA:9,0
DA:96,0
LF:8
LH:0
BRF:0
BRH:0
end_of_record
TN:
SF:src/pages/WorkingStyle.tsx
FN:7,(anonymous_1)
FNF:1
FNH:0
FNDA:0,(anonymous_1)
DA:1,0
DA:2,0
DA:4,0
DA:5,0
DA:7,0
DA:8,0
DA:116,0
LF:7
LH:0
BRF:0
BRH:0
end_of_record
TN:
SF:src/pages/WrittenCulture.tsx
FN:8,(anonymous_1)
FNF:1
FNH:0
FNDA:0,(anonymous_1)
DA:1,0
DA:2,0
DA:4,0
DA:5,0
DA:6,0
DA:8,0
DA:9,0
DA:68,0
LF:8
LH:0
BRF:0
BRH:0
end_of_record
TN:
SF:src/pages/ZeroTrust.tsx
FN:8,(anonymous_1)
FNF:1
FNH:0
FNDA:0,(anonymous_1)
DA:1,0
DA:2,0
DA:4,0
DA:5,0
DA:6,0
DA:8,0
DA:9,0
DA:95,0
LF:8
LH:0
BRF:0
BRH:0
end_of_record
TN:
SF:src/store/contentSlice.ts
FN:2971,(anonymous_0)
FN:2986,(anonymous_1)
FNF:2
FNH:2
FNDA:26,(anonymous_0)
FNDA:2,(anonymous_1)
DA:7,13
DA:12,13
DA:2806,13
DA:2866,13
DA:2905,13
DA:2968,13
DA:2971,26
DA:2981,13
DA:2987,2
DA:2992,13
DA:2993,13
LF:11
LH:11
BRF:0
BRH:0
end_of_record
